# Session started: 2026-06-12 19:38:15
# Board: 440065813  Host: 192.168.1.195  Port: 4901
[19:38:21.828][VCOM] >
[19:38:21.835][VCOM] {{(reset)}{App:RAILtest}{Built:May 19 2026 21:48:48}{Cause:0x100}{Brd:BRD4162A}}
[19:38:21.839][VCOM] {{(radio)}{FreqHz:38400000}{ModuleInfo:0xffffffff}}
[19:38:21.844][VCOM] {{(system)}{Family:EFR32XG12}{Fam#:36}{ChipRev:1.2}{sdid:84}{Part:0x131c01b1}}
[19:38:21.853][VCOM] {{(pti)}{mode:2-wire-UART}{baud:1600000}{protocol:0}{radioConfig:0x00}}
[19:38:23.374][VCOM] > rx 0
[19:38:23.374][VCOM] {{(rx)}{Rx:Disabled}{Idle:Enabled}{Time:1537773}}
[19:38:23.382][VCOM] > config2p4GHz802154
[19:38:23.387][VCOM] {{(config2p4GHz802154)}{802.15.4:Enabled}}
[19:38:23.396][VCOM] > tx 2
[19:38:23.402][VCOM] {{(tx)}{PacketTx:Enabled}{None:Disabled}{Time:1568620}}
[19:38:23.412][VCOM] > getmemw 0 4
[19:38:23.414][VCOM] #{{(getmemw)}{address}{value}}
[19:38:23.419][VCOM] {{0x00000000}{0x20000800}}
[19:38:23.420][VCOM] {{0x00000004}{0x00000fed}}
[19:38:23.423][VCOM] {{0x00000008}{0x0001bf81}}
[19:38:23.427][VCOM] {{0x0000000c}{0x0001bf81}}
[19:38:23.661][VCOM] > {{(appMode)}{None:Enabled}{PacketTx:Disabled}{Time:1825161}}
[19:38:23.673][VCOM] {{(txEnd)}{txStatus:Complete}{transmitted:2}{lastTxTime:1825088}{timePos:6}{durationUs:673}{lastTxStart:1824415}{ccaSuccess:0}{failed:0}{lastTxStatus:0x000000000}{txRemain:0}{isAck:False}}
[19:38:24.440][VCOM] rx 0
[19:38:24.447][VCOM] {{(rx)}{Rx:Disabled}{Idle:Enabled}{Time:2613100}}
[19:38:52.776][VCOM] >
[19:38:52.776][VCOM] {{(reset)}{App:RAILtest}{Built:May 19 2026 21:48:48}{Cause:0x100}{Brd:BRD4162A}}
[19:38:52.776][VCOM] {{(radio)}{FreqHz:38400000}{ModuleInfo:0xffffffff}}
[19:38:52.778][VCOM] {{(system)}{Family:EFR32XG12}{Fam#:36}{ChipRev:1.2}{sdid:84}{Part:0x131c01b1}}
[19:38:52.778][VCOM] {{(pti)}{mode:2-wire-UART}{baud:1600000}{protocol:0}{radioConfig:0x00}}
[19:38:54.071][VCOM] > rx 0
[19:38:54.075][VCOM] {{(rx)}{Rx:Disabled}{Idle:Enabled}{Time:1393812}}
[19:38:54.085][VCOM] > config2p4GHz802154
[19:38:54.090][VCOM] {{(config2p4GHz802154)}{802.15.4:Enabled}}
[19:38:54.098][VCOM] > tx 2
[19:38:54.105][VCOM] {{(tx)}{PacketTx:Enabled}{None:Disabled}{Time:1423568}}
[19:38:54.115][VCOM] > getmemw 0 4
[19:38:54.117][VCOM] #{{(getmemw)}{address}{value}}
[19:38:54.120][VCOM] {{0x00000000}{0x20000800}}
[19:38:54.122][VCOM] {{0x00000004}{0x00000fed}}
[19:38:54.125][VCOM] {{0x00000008}{0x0001bf81}}
[19:38:54.130][VCOM] {{0x0000000c}{0x0001bf81}}
[19:38:54.361][VCOM] > {{(appMode)}{None:Enabled}{PacketTx:Disabled}{Time:1680113}}
[19:38:54.376][VCOM] {{(txEnd)}{txStatus:Complete}{transmitted:2}{lastTxTime:1680040}{timePos:6}{durationUs:673}{lastTxStart:1679367}{ccaSuccess:0}{failed:0}{lastTxStatus:0x000000000}{txRemain:0}{isAck:False}}
[19:38:55.149][VCOM] rx 0
[19:38:55.155][VCOM] {{(rx)}{Rx:Disabled}{Idle:Enabled}{Time:2473594}}
