# Run: 31e24990
# Serial: 440114849
# Scenario: /Users/jerome/travail/mylab/scenari/railtest
# Started: 2026-05-19T22:41:44.192146
# ============================================================

[22:41:50.465][flash] /Users/jerome/.silabs/slt/installs/archive/Commander.app/Contents/MacOS/commander device masserase --ip 192.168.0.94
[22:41:50.466][flash] /Users/jerome/.silabs/slt/installs/archive/Commander.app/Contents/MacOS/commander flash /Users/jerome/travail/mylab/scenari/railtest/rail_soc_railtest_4162A.s37 --ip 192.168.0.94
[22:41:50.490][admin] WSTK> Toggling reset with 100 ms delay.
[22:41:50.591][admin] WSTK> 
[22:41:51.495][script] [delay 1.5s]
[22:41:51.637][vcom] 
[22:41:51.637][vcom] {{(reset)}{App:RAILtest}{Built:May 19 2026 21:48:48}{Cause:0x500}{Brd:BRD4162A}}
[22:41:51.637][vcom] {{(radio)}{FreqHz:38400000}{ModuleInfo:0xffffffff}}
[22:41:51.637][vcom] {{(system)}{Family:EFR32XG12}{Fam#:36}{ChipRev:1.1}{
[22:41:51.638][vcom] sdid:84}{Part:0x031c014c}}
[22:41:51.638][vcom] {{(p
[22:41:51.641][vcom] ti)}{mode:2-wire-UART}{ba
[22:41:51.645][vcom] ud:1600000}{protocol:0}{radioCon
[22:41:51.647][vcom] fig:0x00}}
[22:41:51.647][vcom] > 
[22:41:53.010][vcom] getchannel
[22:41:53.010][vcom] 
[22:41:53.010][vcom] {{(getchannel)}{cha
[22:41:53.013][vcom] nnel:0}}
[22:41:53.013][vcom] > 
[22:41:53.022][vcom] tx 1
[22:41:53.022][vcom] 
[22:41:53.022][vcom] {{(tx)}{Pa
[22:41:53.025][vcom] cketTx:Enabled}{None:Disabled}{T
[22:41:53.026][vcom] ime:1400710}}
[22:41:53.026][vcom] > {{(appMo
[22:41:53.029][vcom] de)}{None:Enabled}{PacketTx:Disa
[22:41:53.031][admin] ------ BOARDID board list ------
[22:41:53.031][vcom] bled}{Time:1405928}}
[22:41:53.031][vcom] {{(
[22:41:53.033][vcom] txEnd)}{txStatus:Complete}{trans
[22:41:53.036][vcom] mitted:1}{lastTxTime:14058
[22:41:53.038][vcom] 55}{timePos:6}{durationUs:201}{l
[22:41:53.041][vcom] astTxStart:1405654}{ccaSuc
[22:41:53.044][vcom] cess:0}{failed:0}{lastTxStatus:0
[22:41:53.048][vcom] x000000000}{txRemain:0}{i
[22:41:53.051][vcom] sAck:False}}
[22:41:53.068][admin]   [A0h]  BRD4001A   Rev. A01
[22:41:53.068][admin]   [A2h]  BRD4162A   Rev. A01
[22:41:53.068][admin] WSTK> 
[22:41:53.072][admin] PB0 is pressed
[22:41:53.072][admin] WSTK> 
[22:41:53.377][admin] PB0 is released
[22:41:53.377][admin] WSTK> 
[22:41:53.382][vcom] {{(appMode)}{PacketTx:Enabled}{None:Di
[22:41:53.386][vcom] sabled}{Time:1758313}}
[22:41:53.386][vcom] {{(appMo
[22:41:53.388][vcom] de)}{None:Enabled}{Pac
[22:41:53.391][vcom] ketTx:Disabled}{Time:1763965}}
[22:41:53.392][vcom] {{(txEnd)}{txStatus:Comple
[22:41:53.396][vcom] te}{transmitted:1}{lastTxTime:17
[22:41:53.397][vcom] 63875}{timePos:6}{duratio
[22:41:53.401][vcom] nUs:201}{lastTxStart:1763674}{cc
[22:41:53.402][vcom] aSuccess:0}{failed:0}{last
[22:41:53.406][vcom] TxStatus:0x000000000}{txRemain:0
[22:41:53.407][vcom] }{isAck:False}}
[22:42:09.780][admin] PB0 is pressed
[22:42:09.780][admin] WSTK> 
[22:42:09.874][admin] PB0 is released
[22:42:09.874][admin] WSTK> 
[22:42:09.879][vcom] {{(appMode)}{PacketTx:Enabled}{N
[22:42:09.881][vcom] one:Disabled}{T
[22:42:09.884][vcom] ime:18256488}}
[22:42:09.884][vcom] {{(appMode)}{Non
[22:42:09.886][vcom] e:Enabled}{PacketTx:Dis
[22:42:09.889][vcom] abled}{Time:18262226}}
[22:42:09.889][vcom] {{(txEnd
[22:42:09.890][vcom] )}{txStatus:Complete}{tra
[22:42:09.893][vcom] nsmitted:1}{lastTxTime:18262136}
[22:42:09.896][vcom] {timePos:6}{durationUs:201
[22:42:09.899][vcom] }{lastTxStart:18261935}{ccaSucce
[22:42:09.901][vcom] ss:0}{failed:0}{lastTxStat
[22:42:09.904][vcom] us:0x000000000}{txRemain:0}{isAc
[22:42:09.905][vcom] k:False}}
[22:42:21.851][vcom] 
[22:42:21.851][vcom] 
[22:42:21.851][vcom] > 
[22:42:26.456][vcom]  
[22:42:26.456][vcom] 
[22:42:26.456][vcom] No command found
[22:42:26.456][vcom] > 
