[18:52:14.849][admin] WSTK> Toggling reset with 100 ms delay.
[18:52:14.949][admin] WSTK> 
[18:52:15.851][script] [delay 1.5s]
[18:52:16.048][vcom] 
[18:52:16.048][vcom] {{(reset)}{App:RAILtest}{Built:May 19 2026 21:48:48}{Cause:0x500}{Brd:BRD4162A}}
[18:52:16.048][vcom] {{(radio)}{FreqHz:38400000}{ModuleInfo:0xffffffff}}
[18:52:16.048][vcom] {{(system)}{Family:EFR32XG12}{Fam#:36}{
[18:52:16.051][vcom] ChipRev:1.1}{sdid:84}{Part:0x031c014c}}
[18:52:16.051][vcom] {{(pti)}{mode:2-wire-UART}{baud:1600000}{protocol:0}{radioConfig:0x00}}
[18:52:16.051][vcom] > 
[18:52:17.370][vcom] getchannel
[18:52:17.370][vcom] 
[18:52:17.372][vcom] 
[18:52:17.372][vcom] {{(getchannel)}{channel:0}}
[18:52:17.372][vcom] > 
[18:52:17.379][vcom] tx 1
[18:52:17.379][vcom] 
[18:52:17.379][vcom] {{
[18:52:17.382][vcom] (tx)}{PacketTx:Enabled}{None:Dis
[18:52:17.385][vcom] abled}{Time:1400312}}
[18:52:17.385][vcom] > 
[18:52:17.387][vcom] {{(appMode)}{None:Enabled}{Packe
[18:52:17.389][admin] ------ BOARDID board list ------
[18:52:17.389][vcom] tTx:Disabled}{Time:1405530
[18:52:17.391][vcom] }}
[18:52:17.391][vcom] {{(txEnd)}{txStatus:Complete
[18:52:17.394][vcom] }{transmitted:1}{lastTxTi
[18:52:17.396][vcom] me:1405456}{timePos:6}{durationU
[18:52:17.401][vcom] s:201}{lastTxStart:1405255
[18:52:17.405][vcom] }{ccaSuccess:0}{failed:0}{lastTxStatus:0x000000000}{txRem
[18:52:17.410][vcom] ain:0}{isAck:False}}
[18:52:17.426][admin]   [A0h]  BRD4001A   Rev. A01
[18:52:17.426][admin]   [A2h]  BRD4162A   Rev. A01
[18:52:17.426][admin] WSTK> 
[18:52:17.430][admin] PB0 is pressed
[18:52:17.430][admin] WSTK> 
[18:52:17.736][admin] PB0 is released
[18:52:17.736][admin] WSTK> 
[18:52:17.742][vcom] {{(appMode)}{PacketTx:Enabled}{
[18:52:17.743][vcom] None:Disabled}{Time:1757830}}
[18:52:17.743][vcom] t
[18:52:17.745][vcom] x 10
[18:52:17.745][vcom] 
[18:52:17.745][vcom] {{(appMode)}{None:
[18:52:17.748][vcom] Enabled}{PacketTx:Disabled}{Time
[18:52:17.751][vcom] :1763898}}
[18:52:17.751][vcom] {{(txEnd)}{txS
[18:52:17.756][vcom] tatus:Complete}{transmitted:1}{l
[18:52:17.757][vcom] astTxTime:1763392}{timePos
[18:52:17.757][vcom] :6}{durationUs:201}{lastTxStart:
[18:52:17.761][vcom] 1763191}{ccaSuccess:0}{fa
[18:52:17.764][vcom] iled:0}{lastTxStatus:0x000000000
[18:52:17.766][vcom] }{txRemain:0}{isAck:False}
[18:52:17.769][vcom] }
[18:52:17.769][vcom] > 
[18:52:22.145][admin] PB0 is pressed
[18:52:22.145][admin] WSTK> 
[18:52:22.240][admin] PB0 is released
[18:52:22.240][admin] WSTK> 
[18:52:22.244][vcom] {{(appMode)}{PacketTx:Enabled}{
[18:52:22.248][vcom] None:Disabled}{Time:6262523}}
[18:52:22.248][vcom] {
[18:52:22.250][vcom] {(appMode)}{None:Enable
[18:52:22.253][vcom] d}{PacketTx:Disabled}{Time:62681
[18:52:22.255][vcom] 74}}
[18:52:22.255][vcom] {{(txEnd)}{txStatus
[18:52:22.256][vcom] :Complete}{transmitted:1}{lastTx
[18:52:22.260][vcom] Time:6268085}{timePos:6}{d
[18:52:22.263][vcom] urationUs:201}{lastTxStart:62678
[18:52:22.265][vcom] 84}{ccaSuccess:0}{failed:
[18:52:22.266][vcom] 0}{lastTxStatus:0x000000000}{txR
[18:52:22.270][vcom] emain:0}{isAck:False}}
[18:52:23.704][admin] PB0 is pressed
[18:52:23.704][admin] WSTK> 
[18:52:23.795][admin] PB0 is released
[18:52:23.795][admin] WSTK> 
[18:52:23.799][vcom] {{(appMode)}{PacketTx:Enabled}
[18:52:23.803][vcom] {None:Disabled}{Time:7817547}}
[18:52:23.805][vcom] {{(appMode)}{None:Enab
[18:52:23.808][vcom] led}{PacketTx:Disabled}{Time:782
[18:52:23.810][vcom] 3199}}
[18:52:23.810][vcom] {{(txEnd)}{txStatu
[18:52:23.815][vcom] s:Complete}{transmitted:1}{lastT
[18:52:23.817][vcom] xTime:7823109}{timePos:6}{
[18:52:23.824][vcom] durationUs:201}{lastTxStart:7822
[18:52:23.826][vcom] 908}{ccaSuccess:0}{failed:0}{lastTxStatus:0x000000000}{txRemain:0}{isAck:False}}
[18:52:25.003][admin] PB1 is pressed
[18:52:25.003][admin] WSTK> 
[18:52:25.097][admin] PB1 is released
[18:52:25.097][admin] WSTK> 
[18:52:26.825][admin] Toggling reset with 100 ms delay.
[18:52:26.924][admin] WSTK> 
[18:52:27.972][vcom] 
[18:52:27.972][vcom] {{(reset)}{App:RAILtest}{Built:May 19 2026 21:48:48}{Cause:0x100}{Brd:BRD4162A}}
[18:52:27.972][vcom] {{(radio)}{FreqHz:38400000}{ModuleInfo:0xffffffff}}
[18:52:27.972][vcom] {{(system)}{Family:EFR32XG12}{Fam#:36}{ChipRev:1.1}{sdid:84}
[18:52:27.974][vcom] {Part:0x031c014c}}
[18:52:27.974][vcom] {{(pti
[18:52:27.978][vcom] )}{mode:2-wire-UART}{baud:160000
[18:52:27.981][vcom] 0}{protocol:0}{radioConfi
[18:52:27.985][vcom] g:0x00}}
[18:52:27.985][vcom] > 
[18:52:46.120][admin] WSTK> 
[18:52:56.808][vcom] 
[18:52:56.808][vcom] 
[18:52:56.808][vcom] > 
[18:52:58.444][vcom] h
[18:52:58.588][vcom] e
[18:52:59.053][vcom] l
[18:52:59.278][vcom] p
[18:52:59.647][vcom] 
[18:52:59.647][vcom] 
[18:52:59.647][vcom] _________________________________
[18:52:59.647][vcom] ____App
[18:52:59.650][vcom] lication_Configuration____
[18:52:59.650][vcom] setE
[18:52:59.652][vcom] ventConfig      Control RA
[18:52:59.654][vcom] IL events.
[18:52:59.654][vcom]                     
[18:52:59.657][vcom] [uint32] eventsMask<31:0>
[18:52:59.666][vcom] 
[18:52:59.666][vcom]                     [uint32] eventsValues<31:0>
[18:52:59.666][vcom]                     [uint32opt] eventsM
[18:52:59.668][vcom] ask<63:32>
[18:52:59.668][vcom]               
[18:52:59.670][vcom]       [uint32opt] eventsValues<6
[18:52:59.673][vcom] 3:32>
[18:52:59.673][vcom] resetCounters     
[18:52:59.676][vcom]   Resets the TX and RX counters.
[18:52:59.679][vcom] 
[18:52:59.679][vcom] setPeripheralEnable Cont
[18:52:59.680][vcom] rol LEDs and LCD peripherals.
[18:52:59.680][vcom]  
[18:52:59.697][vcom]                    [uint8] [0=Disable] 1=Enable
[18:52:59.697][vcom] setNotifications    Control asynch
[18:52:59.700][vcom] ronous status prints (rxPacket,txEnd,txError).
[18:52:59.700][vcom]                     [uint8] 0=Disable [1=
[18:52:59.702][vcom] Enable]
[18:52:59.702][vcom] getLogLevels        Show whether notifications or
[18:52:59.705][vcom]  peripherals are enabled.
[18:52:59.707][vcom] 
[18:52:59.707][vcom] getVersion          Get version
[18:52:59.708][vcom]  information.
[18:52:59.708][vcom] getVersion
[18:52:59.711][vcom] Verbose   Get verbose version in
[18:52:59.712][vcom] formation.
[18:52:59.712][vcom] setPtiProtocol
[18:52:59.716][vcom]       Set PTI protocol for Netwo
[18:52:59.719][vcom] rk Analyzer.
[18:52:59.719][vcom]            
[18:52:59.720][vcom]          [uint8] 0=Custom 2=Thre
[18:52:59.724][vcom] ad 3=BLE 4=Connect 5=Zigbe
[18:52:59.725][vcom] e 6=Z-Wave
[18:52:59.725][vcom] getPti              
[18:52:59.729][vcom] Get PTI configuration.
[18:52:59.729][vcom] setPrintingEnable   Control all p
[18:52:59.734][vcom] rinting in RAILtest, excep
[18:52:59.736][vcom] t CLI.
[18:52:59.736][vcom]                     [uin
[18:52:59.739][vcom] t8] 0=Disable [1=Enable]
[18:52:59.740][vcom] ____________________________
[18:52:59.740][vcom] __
[18:52:59.744][vcom] __Receive_and_Transmit____
[18:52:59.744][vcom] rx                  Control r
[18:52:59.750][vcom] eceive mode.
[18:52:59.750][vcom]                     [uint8] 0=Disable [1=Ena
[18:52:59.752][vcom] ble]
[18:52:59.752][vcom] rxAt               
[18:52:59.755][vcom]  Configure scheduled receive.
[18:52:59.755][vcom]  
[18:52:59.758][vcom]                    [uint32
[18:52:59.761][vcom] ] startTimeUs
[18:52:59.761][vcom]                  
[18:52:59.764][vcom]    [string] 'rel'=Relativ
[18:52:59.766][vcom] e 'abs'=Absolute
[18:52:59.766][vcom]               
[18:52:59.768][vcom]       [uint32] endTimeUs
[18:52:59.771][vcom]                     [string] 're
[18:52:59.773][vcom] l'=Relative 'abs'=Absolute
[18:52:59.775][vcom] 
[18:52:59.775][vcom]                     [uint8opt]
[18:52:59.778][vcom]  rxTransEndSched: [0]/1
[18:52:59.779][vcom]                     [uint8opt] h
[18:52:59.783][vcom] ardEnd: [0]/1
[18:52:59.783][vcom] setRxOption
[18:52:59.785][vcom] s        Show/Configure receive 
[18:52:59.792][vcom] options (RAIL_RX_OPTIONs).
[18:52:59.792][vcom]                     [uint32op
[18:52:59.795][vcom] t] rxOptionsValues: bitmas
[18:52:59.797][vcom] k of enabled options
[18:52:59.797][vcom] tx        
[18:52:59.800][vcom]           Transmit packet
[18:52:59.802][vcom] s with current TX options.
[18:52:59.802][vcom]     
[18:52:59.805][vcom]                 [uint32] n
[18:52:59.806][vcom] umber of packets, 0=continuous u
[18:52:59.810][vcom] ntil next 'tx 0'
[18:52:59.810][vcom] txWithO
[18:52:59.812][vcom] ptions       Same tx command. Th
[18:52:59.813][vcom] is command is deprecated.
[18:52:59.815][vcom] 
[18:52:59.815][vcom]                     [uint32] nu
[18:52:59.819][vcom] mber of packets, 0=continu
[18:52:59.820][vcom] ous until next 'tx 0'
[18:52:59.820][vcom] txAfterRx
[18:52:59.823][vcom]            Schedule a TX 
[18:52:59.826][vcom] with specified delay after each 
[18:52:59.829][vcom] RX.
[18:52:59.829][vcom]                     [uint32] delayUs: 0=Disable
[18:52:59.829][vcom] conf
[18:52:59.832][vcom] igTxOptions     Show/Conf
[18:52:59.834][vcom] igure transmit options (RAIL_TX_
[18:52:59.838][vcom] OPTIONs).
[18:52:59.838][vcom]                
[18:52:59.841][vcom]      [uint32opt] txOptionsValues
[18:52:59.844][vcom] : bitmask of enabled opti
[18:52:59.846][vcom] ons
[18:52:59.846][vcom] setFixedLength      Configu
[18:52:59.848][vcom] re fixed length packet ope
[18:52:59.850][vcom] ration.
[18:52:59.850][vcom]                     [ui
[18:52:59.855][vcom] nt16] fixedLength: payload bytes
[18:52:59.855][vcom] setPower            Set 
[18:52:59.858][vcom] the transmit power. The r
[18:52:59.863][vcom] adio must be IDLE.
[18:52:59.863][vcom]             
[18:52:59.865][vcom]         [int32] power: dec
[18:52:59.866][vcom] i-dBm unless 'raw' is added
[18:52:59.866][vcom]    
[18:52:59.870][vcom]                  [stringo
[18:52:59.872][vcom] pt] 'raw'=units are raw power le
[18:52:59.875][vcom] vel
[18:52:59.875][vcom] getPower            G
[18:52:59.877][vcom] et the transmit power in deci-dB
[18:52:59.878][vcom] m.
[18:52:59.878][vcom] setPowerConfig      S
[18:52:59.882][vcom] et transmit PA configuration. Mu
[18:52:59.883][vcom] st use setpower afterwards
[18:52:59.886][vcom] .
[18:52:59.886][vcom]                     [string] 
[18:52:59.889][vcom] paMode
[18:52:59.889][vcom]                     [uint16] millivolts
[18:52:59.889][vcom]          
[18:52:59.892][vcom]            [uint16] rampT
[18:52:59.896][vcom] imeUs
[18:52:59.896][vcom] getPowerConfig      Get t
[18:52:59.898][vcom] he transmit PA configurati
[18:52:59.901][vcom] on.
[18:52:59.901][vcom] getPowerLimits      Get min
[18:52:59.903][vcom]  and max powerLevel for a
[18:52:59.907][vcom]  power mode.
[18:52:59.907][vcom]                   
[18:52:59.909][vcom]   [uint8opt] powerMode
[18:52:59.909][vcom] en
[18:52:59.913][vcom] ablePaAutoMode    Control automa
[18:52:59.914][vcom] tic PA selection based on
[18:52:59.918][vcom]  the TX power level.
[18:52:59.918][vcom]           
[18:52:59.920][vcom]           [uint8] 0=Disabl
[18:52:59.923][vcom] e 1=Enable
[18:52:59.923][vcom] configPaAutoMode    Configure entries in the d
[18:52:59.932][vcom] efault PA Auto Mode plugin.
[18:52:59.932][vcom]    
[18:52:59.935][vcom]                  [uint8] start Index
[18:52:59.935][vcom]                     [int32opt] min max mode band: PA auto config entries
[18:52:59.935][vcom] swe
[18:52:59.938][vcom] epTxPower        Sweep TX
[18:52:59.940][vcom]  power for the current PA by ton
[18:52:59.942][vcom] ing at each level.
[18:52:59.942][vcom] offset
[18:52:59.945][vcom] Lqi           Adjust the hardwar
[18:52:59.947][vcom] e's LQI value for receive
[18:52:59.950][vcom] d packets.
[18:52:59.950][vcom]                     
[18:52:59.952][vcom] [int32] offset: signed val
[18:52:59.962][vcom] ue to add
[18:52:59.962][vcom]                     The resulting LQI is capped within 0..255 range.
[18:52:59.962][vcom] getRssi  
[18:52:59.969][vcom]            Get RSSI in dB
[18:52:59.971][vcom] m. It'll be invalid if receiver 
[18:52:59.973][vcom] isn't ready.
[18:52:59.973][vcom]             
[18:52:59.976][vcom]         [uint32opt] [0=don't wait] 1=wait for valid RSSI if possible
[18:52:59.976][vcom] sweepPower         
[18:52:59.978][vcom]  Sweep power by toning low
[18:52:59.981][vcom] /high in a square wave fashion.
[18:52:59.984][vcom] 
[18:52:59.984][vcom]                     [int
[18:52:59.985][vcom] 32] lowPower: deci-dBm
[18:52:59.985][vcom]         
[18:52:59.988][vcom]             [int32] hiPowe
[18:52:59.989][vcom] r: deci-dBm
[18:52:59.989][vcom]                    
[18:52:59.993][vcom]  [uint32] periodUs
[18:52:59.993][vcom] start
[18:52:59.994][vcom] AvgRssi        Start AGC RSSI av
[18:52:59.998][vcom] eraging.
[18:52:59.998][vcom]                 
[18:52:59.999][vcom]     [uint32] averageTimeUs
[18:52:59.999][vcom]     
[18:53:00.004][vcom]                 [uint16opt
[18:53:00.005][vcom] ] channel: if different than cur
[18:53:00.008][vcom] rent channel
[18:53:00.008][vcom] getAvgRssi 
[18:53:00.009][vcom]          Get AGC RSSI averaging 
[18:53:00.014][vcom] result.
[18:53:00.014][vcom] setTxTone           Control tone transmission.
[18:53:00.014][vcom]  
[18:53:00.017][vcom]                    [uint3
[18:53:00.020][vcom] 2] 0=Disable 1=Enable
[18:53:00.020][vcom]          
[18:53:00.022][vcom]            [uint32opt] ant
[18:53:00.025][vcom] enna: [0]/1
[18:53:00.025][vcom]                    
[18:53:00.027][vcom]  [uint32opt] mode: [0]/1=
[18:53:00.030][vcom] phaseNoise
[18:53:00.030][vcom] setTxStream         
[18:53:00.037][vcom] Control stream transmission.
[18:53:00.037][vcom]                     [uint32] 0=Disable 1=Enable
[18:53:00.037][vcom]      
[18:53:00.039][vcom]                [uint32opt] strea
[18:53:00.042][vcom] mMode: [1=PN9] 2=1010 3=p
[18:53:00.044][vcom] haseNoise 0=tone
[18:53:00.044][vcom]               
[18:53:00.047][vcom]       [uint32opt] antenna:
[18:53:00.049][vcom]  [0]/1
[18:53:00.049][vcom] status              Prin
[18:53:00.052][vcom] t the current status coun
[18:53:00.054][vcom] ters.
[18:53:00.054][vcom] fifoStatus          Print
[18:53:00.057][vcom]  the current FIFO-related 
[18:53:00.059][vcom] counters.
[18:53:00.059][vcom] setTxHoldOff        C
[18:53:00.063][vcom] ontrol transmit hold-off 
[18:53:00.065][vcom] (blocking of transmits).
[18:53:00.065][vcom]       
[18:53:00.068][vcom]               [uint32] 0=D
[18:53:00.069][vcom] isable 1=Enable
[18:53:00.069][vcom] setTxDelay     
[18:53:00.073][vcom]      Set the inter-packet 
[18:53:00.076][vcom] delay for repeated TX.
[18:53:00.076][vcom]         
[18:53:00.077][vcom]             [uint32] dela
[18:53:00.085][vcom] yMilliseconds
[18:53:00.085][vcom] getTxDelay       
[18:53:00.088][vcom]    Get the inter-packet millisecond delay for repeated TX.
[18:53:00.088][vcom] setTxPayload        Set
[18:53:00.090][vcom]  TX packet payload bytes for fut
[18:53:00.092][vcom] ure transmits.
[18:53:00.092][vcom]           
[18:53:00.095][vcom]           [uint16] offset
[18:53:00.095][vcom]      
[18:53:00.097][vcom]                [uint8opt]
[18:53:00.100][vcom]  byte0 byte1 ...
[18:53:00.100][vcom] setTxRandom   
[18:53:00.104][vcom]       Set a specified rang
[18:53:00.108][vcom] e of bytes in the Tx packet payl
[18:53:00.110][vcom] oad to a
[18:53:00.110][vcom]                     random value. Call setTxRand
[18:53:00.112][vcom] om again to stop randomiz
[18:53:00.115][vcom] ing the payload.
[18:53:00.115][vcom]               
[18:53:00.118][vcom]       [uint16opt] Start In
[18:53:00.121][vcom] dex
[18:53:00.121][vcom]                     [uint16
[18:53:00.123][vcom] opt] End Index
[18:53:00.123][vcom] setTxPayl
[18:53:00.124][vcom] oadQuiet   Like setTxPayload, bu
[18:53:00.128][vcom] t less verbose.
[18:53:00.128][vcom]          
[18:53:00.129][vcom]            [uint16] offset
[18:53:00.129][vcom]     
[18:53:00.132][vcom]                 [uint8opt
[18:53:00.136][vcom] ] byte0 byte1 ...
[18:53:00.136][vcom] setTxLength  
[18:53:00.139][vcom]        Set how much data t
[18:53:00.140][vcom] o load into the TX FIFO for tran
[18:53:00.143][vcom] smitting.
[18:53:00.143][vcom]                
[18:53:00.144][vcom]      Actual packet length may va
[18:53:00.148][vcom] ry based on radio configu
[18:53:00.149][vcom] ration.
[18:53:00.149][vcom]                     [ui
[18:53:00.153][vcom] nt16] lengthBytes
[18:53:00.153][vcom] printTx
[18:53:00.154][vcom] Packet       Print the current T
[18:53:00.158][vcom] X payload data and byte l
[18:53:00.159][vcom] ength.
[18:53:00.159][vcom] peek                Peek
[18:53:00.162][vcom]  at the start of the recei
[18:53:00.165][vcom] ve buffer.
[18:53:00.165][vcom]                     
[18:53:00.168][vcom] [uint16] bytes: 1-10
[18:53:00.168][vcom]    
[18:53:00.169][vcom]                  [uint16opt] off
[18:53:00.173][vcom] set: [0]
[18:53:00.173][vcom] getTime         
[18:53:00.174][vcom]     Get the current RAIL time in
[18:53:00.182][vcom]  microseconds.
[18:53:00.182][vcom] setTime             Set the current RAIL t
[18:53:00.184][vcom] ime.
[18:53:00.184][vcom]                    
[18:53:00.187][vcom]  [uint32] timeUs
[18:53:00.187][vcom] dataConfig    
[18:53:00.190][vcom]       Control the data met
[18:53:00.192][vcom] hods for TX and RX.
[18:53:00.192][vcom]            
[18:53:00.195][vcom]          [string] txMetho
[18:53:00.197][vcom] d: 'pkt'/'fifo'
[18:53:00.197][vcom]                
[18:53:00.198][vcom]      [string] rxMethod: 'p
[18:53:00.201][vcom] kt'/'fifo'
[18:53:00.201][vcom]                     
[18:53:00.203][vcom] [uint8opt] RAIL_RxDataSou
[18:53:00.207][vcom] rce_t (>0 needs fifo mode)
[18:53:00.207][vcom]     
[18:53:00.209][vcom]                 [uint8opt]
[18:53:00.211][vcom]  RAIL_TxDataSource_t (>0 needs p
[18:53:00.214][vcom] ing-pong buffer)
[18:53:00.214][vcom] setRxFi
[18:53:00.215][vcom] fo           Set the receive buf
[18:53:00.219][vcom] fer length.
[18:53:00.219][vcom]                     [uint16] lengthBytes: ran
[18:53:00.223][vcom] ge 64-RX_BUFFER_SIZE
[18:53:00.223][vcom] setT
[18:53:00.227][vcom] xFifo           Set the transmit buffer length.
[18:53:00.227][vcom]         
[18:53:00.230][vcom]             [uint16] lengthBytes
[18:53:00.233][vcom] : range 64-TX_BUFFER_SIZE,
[18:53:00.236][vcom]  0 for default size
[18:53:00.236][vcom] setTxFifoTh
[18:53:00.238][vcom] reshold  Set the TX FIFO 
[18:53:00.239][vcom] Almost Empty threshold.
[18:53:00.239][vcom]        
[18:53:00.242][vcom]              [uint16] thre
[18:53:00.245][vcom] sholdBytes: below which the even
[18:53:00.248][vcom] t triggers
[18:53:00.248][vcom] setRxFifoThre
[18:53:00.249][vcom] shold  Set the RX FIFO Almost Fu
[18:53:00.253][vcom] ll threshold.
[18:53:00.253][vcom]            
[18:53:00.254][vcom]          [uint16] thresholdBytes
[18:53:00.258][vcom] : above which the event tr
[18:53:00.259][vcom] iggers
[18:53:00.259][vcom] fifoModeTestOptions Manu
[18:53:00.262][vcom] al control over RAILtest 
[18:53:00.265][vcom] FIFO actions.
[18:53:00.265][vcom]                  
[18:53:00.268][vcom]    [uint8] txFifo: 1=Manua
[18:53:00.269][vcom] l 0=Automatic
[18:53:00.269][vcom]                  
[18:53:00.273][vcom]    [uint8] rxFifo: 1=Manu
[18:53:00.275][vcom] al 0=Automatic
[18:53:00.275][vcom] rxFifoManualRead
[18:53:00.278][vcom]     Read and print bytes f
[18:53:00.281][vcom] rom receive FIFO when in manual 
[18:53:00.283][vcom] mode.
[18:53:00.283][vcom]                   
[18:53:00.286][vcom]   [uint8] appendedInfo: 1=includ
[18:53:00.287][vcom] e packet metadata
[18:53:00.287][vcom]        
[18:53:00.290][vcom]              [uint16] bytesToRea
[18:53:00.293][vcom] d
[18:53:00.293][vcom]                     [ui
[18:53:00.296][vcom] nt8opt] [0=don't] 1=show timesta
[18:53:00.297][vcom] mps with appendedInfo
[18:53:00.297][vcom] tx
[18:53:00.300][vcom] FifoManualLoad    Try to load da
[18:53:00.302][vcom] ta into available TX FIFO 
[18:53:00.305][vcom] space.
[18:53:00.305][vcom] fifoReset           Rese
[18:53:00.308][vcom] t the transmit and/or rec
[18:53:00.309][vcom] eive FIFO.
[18:53:00.309][vcom]                     
[18:53:00.313][vcom] [uint8] tx: 1=reset TX FIF
[18:53:00.314][vcom] O
[18:53:00.314][vcom]                     [uint8] r
[18:53:00.318][vcom] x: 1=reset RX FIFO
[18:53:00.318][vcom] abort
[18:53:00.319][vcom] RxPacket       Idle the radio sh
[18:53:00.323][vcom] ortly after RX sync word d
[18:53:00.324][vcom] etection.
[18:53:00.324][vcom]                     [
[18:53:00.328][vcom] uint32] abortOffsetUs
[18:53:00.328][vcom] pri
[18:53:00.329][vcom] ntTxAcks         Control printin
[18:53:00.333][vcom] g of TX ACK packets.
[18:53:00.333][vcom]    
[18:53:00.334][vcom]                  [uint8] [0=Disa
[18:53:00.338][vcom] ble] 1=Enable
[18:53:00.338][vcom] configRxHop
[18:53:00.340][vcom] ping     Configure an RX Channel
[18:53:00.344][vcom]  Hopping sequence.
[18:53:00.344][vcom]                     [uint32opt] chann
[18:53:00.351][vcom] el hopMode param delayUs: a hop's config,
[18:53:00.351][vcom]                
[18:53:00.354][vcom]                  repeat f
[18:53:00.356][vcom] or additional hops ...
[18:53:00.356][vcom]         
[18:53:00.358][vcom]             Use no argumen
[18:53:00.360][vcom] ts to get Z-Wave radio config de
[18:53:00.363][vcom] faults.
[18:53:00.363][vcom] enableRxHopping  
[18:53:00.365][vcom]    Control RX channel hopping pr
[18:53:00.368][vcom] eviously configured.
[18:53:00.368][vcom]    
[18:53:00.369][vcom]                  [uint8] [0=Disa
[18:53:00.373][vcom] ble] 1=Enable
[18:53:00.373][vcom]            
[18:53:00.374][vcom]          [uint8opt] [0=Continue]
[18:53:00.378][vcom]  1=Restart sequence
[18:53:00.378][vcom] conf
[18:53:00.381][vcom] igRxHoppingOpts Configure option
[18:53:00.383][vcom] s for a hop. Use configRxH
[18:53:00.387][vcom] opping after.
[18:53:00.387][vcom]                  
[18:53:00.390][vcom]    [uint8] hopIndex
[18:53:00.390][vcom]     
[18:53:00.392][vcom]                 [uint8] options
[18:53:00.393][vcom] 
[18:53:00.393][vcom]                     [int8
[18:53:00.396][vcom] opt] rssiThreshold: dBm for the 
[18:53:00.397][vcom] threshold option
[18:53:00.397][vcom] configR
[18:53:00.400][vcom] xMultiHop    Configure multi-sen
[18:53:00.403][vcom] se for a hop. Use configRx
[18:53:00.405][vcom] Hopping after.
[18:53:00.405][vcom]                 
[18:53:00.409][vcom]     [uint8] hopIndex
[18:53:00.409][vcom]     
[18:53:00.411][vcom]                 [uint32] syncDet
[18:53:00.414][vcom] ectUs
[18:53:00.414][vcom]                   
[18:53:00.417][vcom]   [uint32] preambleSenseUs
[18:53:00.417][vcom]     
[18:53:00.419][vcom]                 [uint32] t
[18:53:00.422][vcom] imingSenseUs
[18:53:00.422][vcom]                     [uint32] timingReSenseU
[18:53:00.424][vcom] s
[18:53:00.424][vcom] getRxHoppingRssi    Get the l
[18:53:00.427][vcom] atest RSSI for a hopping c
[18:53:00.429][vcom] hannel.
[18:53:00.429][vcom]                     [ui
[18:53:00.432][vcom] nt8] hopIndex
[18:53:00.432][vcom] spectrumAn
[18:53:00.434][vcom] alyzer    Hop across a channel r
[18:53:00.437][vcom] ange to see the RSSI distr
[18:53:00.440][vcom] ibution.
[18:53:00.440][vcom]                     [u
[18:53:00.442][vcom] int8] 1=Show ASCII-Art gra
[18:53:00.445][vcom] ph (non-parseable output)
[18:53:00.445][vcom]      
[18:53:00.448][vcom]                [uint16opt
[18:53:00.449][vcom] ] minChannel: [0]-65535
[18:53:00.449][vcom]        
[18:53:00.454][vcom]              [uint16opt] m
[18:53:00.455][vcom] axChannel: 0-[65535]
[18:53:00.455][vcom]           
[18:53:00.458][vcom]           Channel range i
[18:53:00.459][vcom] s limited by the PHY and by hopp
[18:53:00.462][vcom] ing's
[18:53:00.462][vcom]                    
[18:53:00.465][vcom]  MAX_NUMBER_CHANNELS.
[18:53:00.465][vcom] configRxD
[18:53:00.468][vcom] utyCycle   Configure RX D
[18:53:00.471][vcom] uty Cycling of the receiver.
[18:53:00.471][vcom]   
[18:53:00.473][vcom]                   [uint32]
[18:53:00.474][vcom]  hopMode
[18:53:00.474][vcom]                     [i
[18:53:00.478][vcom] nt32] parameter(s) {syncUs
[18:53:00.481][vcom]  preamUs timingUs retimingUs}
[18:53:00.481][vcom]  
[18:53:00.483][vcom]                    [int32
[18:53:00.484][vcom] ] delayUs
[18:53:00.484][vcom]                     [
[18:53:00.488][vcom] int32opt] options
[18:53:00.488][vcom]        
[18:53:00.491][vcom]              [int32opt] rssiThre
[18:53:00.494][vcom] shold: dBm for the thresh
[18:53:00.497][vcom] old option
[18:53:00.497][vcom] enableRxDutyCycle   
[18:53:00.499][vcom] Control RX duty cycling pr
[18:53:00.502][vcom] eviously configured.
[18:53:00.502][vcom]           
[18:53:00.505][vcom]           [uint8] DutyCyc
[18:53:00.507][vcom] ling: 0=Disable 1=Enable
[18:53:00.507][vcom]       
[18:53:00.508][vcom]               [uint8opt] S
[18:53:00.510][vcom] cheduledWakeup: [0=Disable] 1=En
[18:53:00.513][vcom] able
[18:53:00.513][vcom] getDefaultRxDutyCycl
[18:53:00.515][vcom] eConfig Get the default RX duty 
[18:53:00.518][vcom] cycle configuration.
[18:53:00.518][vcom] set
[18:53:00.519][vcom] TxAltPreambleLen Set alternate T
[18:53:00.523][vcom] X preamble length, enabled
[18:53:00.527][vcom]  via txOptions.
[18:53:00.527][vcom]                
[18:53:00.529][vcom]      [uint16] preambleBit
[18:53:00.530][vcom] s
[18:53:00.530][vcom] configSyncWords     Set sync 
[18:53:00.534][vcom] words and their length. Th
[18:53:00.535][vcom] e radio must be off.
[18:53:00.535][vcom]           
[18:53:00.539][vcom]           [uint8] bits: 2
[18:53:00.540][vcom] -32
[18:53:00.540][vcom]                     [uint32
[18:53:00.543][vcom] ] syncWord1
[18:53:00.543][vcom]              
[18:53:00.546][vcom]        [uint32opt] syncWord2: [s
[18:53:00.547][vcom] ame as syncWord1]
[18:53:00.547][vcom] getSync
[18:53:00.550][vcom] Words        Get the sync word l
[18:53:00.552][vcom] ength in bits and value(s
[18:53:00.555][vcom] ).
[18:53:00.555][vcom] printRxErrors       Control 
[18:53:00.558][vcom] printing of RX error packe
[18:53:00.559][vcom] ts.
[18:53:00.559][vcom]                     [uint8]
[18:53:00.563][vcom]  [0=Disable] 1=Enable
[18:53:00.563][vcom] pr
[18:53:00.564][vcom] intRxFreqOffsets  Control printi
[18:53:00.568][vcom] ng of RX frequency offsets
[18:53:00.569][vcom] .
[18:53:00.569][vcom]                     [uint8] [
[18:53:00.572][vcom] 0=Disable] 1=Enable
[18:53:00.572][vcom] prin
[18:53:00.575][vcom] tDataRates      Print the data r
[18:53:00.578][vcom] ates of the current PHY.
[18:53:00.579][vcom] stopInfinitePream   Stops an inf
[18:53:00.584][vcom] inite preamble transmissi
[18:53:00.586][vcom] on.
[18:53:00.586][vcom] ___________________________
[18:53:00.587][vcom] ________
[18:53:00.587][vcom] ____Energy_Modes
[18:53:00.591][vcom] _and_RF_Sensing____
[18:53:00.591][vcom] sleep      
[18:53:00.593][vcom]          Sleep until UART 
[18:53:00.594][vcom] input or RF Sensed (if either co
[18:53:00.599][vcom] nfigured).
[18:53:00.599][vcom]              
[18:53:00.600][vcom]        [string] energyMode: 0-4[
[18:53:00.603][vcom] hs], for EM1P use 2 with r
[18:53:00.604][vcom] adio on
[18:53:00.604][vcom]                     [ui
[18:53:00.608][vcom] nt32opt] Legacy: RfSenseU
[18:53:00.611][vcom] s
[18:53:00.611][vcom]                              
[18:53:00.613][vcom]            RfBand: 0=none,
[18:53:00.614][vcom] 1=GHz,2=MHz,3=both
[18:53:00.614][vcom]             
[18:53:00.618][vcom]               or Selectiv
[18:53:00.619][vcom] e: SyncwordBytes Syncword RfBand
[18:53:00.622][vcom] 
[18:53:00.622][vcom] rfsense             Star
[18:53:00.625][vcom] t RfSensing.
[18:53:00.625][vcom]                   
[18:53:00.628][vcom]   [uint32] Legacy: RfSense
[18:53:00.629][vcom] Us; Selective: SyncwordBytes
[18:53:00.629][vcom]   
[18:53:00.632][vcom]                   [uint32
[18:53:00.635][vcom] opt] Legacy: RfBand: 0=none,1=GH
[18:53:00.638][vcom] z,2=MHz,3=both
[18:53:00.638][vcom]           
[18:53:00.639][vcom]                 or Selective: Sy
[18:53:00.646][vcom] ncword RfBand: as above
[18:53:00.646][vcom] configRfSenseWakeup Configure RF
[18:53:00.648][vcom] Sense Selective Wakeup PHY
[18:53:00.650][vcom]  for transmitting.
[18:53:00.650][vcom] setRfSenseTx
[18:53:00.653][vcom] Payload Load TX FIFO with
[18:53:00.654][vcom]  RfSense Selective(OOK) Mode wak
[18:53:00.659][vcom] e packet.
[18:53:00.659][vcom]                
[18:53:00.662][vcom]      [uint8] syncwordNumBytes: 1
[18:53:00.663][vcom] -4
[18:53:00.663][vcom]                     [u
[18:53:00.666][vcom] int32] syncWord: sent from least
[18:53:00.667][vcom]  to most significant byte
[18:53:00.670][vcom] 
[18:53:00.670][vcom] _________________________
[18:53:00.670][vcom] ___
[18:53:00.673][vcom] _Address_Filtering____
[18:53:00.673][vcom] co
[18:53:00.674][vcom] nfigAddressFilter Configure the 
[18:53:00.678][vcom] addresss filter.
[18:53:00.678][vcom]        
[18:53:00.679][vcom]              [uint32] matchTable
[18:53:00.683][vcom] 
[18:53:00.683][vcom]                     [uin
[18:53:00.684][vcom] t8opt] offset0 size0 offset1 siz
[18:53:00.688][vcom] e1 ...
[18:53:00.688][vcom]                  
[18:53:00.689][vcom]    Enter more offsets and sizes 
[18:53:00.693][vcom] if required.
[18:53:00.693][vcom] setAddressFi
[18:53:00.694][vcom] ltering Control address filterin
[18:53:00.698][vcom] g.
[18:53:00.698][vcom]                     [u
[18:53:00.699][vcom] int8] 0=Disable 1=Enable
[18:53:00.699][vcom] getAdd
[18:53:00.703][vcom] ressFiltering Get the cur
[18:53:00.704][vcom] rent state of address filtering.
[18:53:00.708][vcom] 
[18:53:00.708][vcom] printAddresses      Prin
[18:53:00.709][vcom] t the current address filtering 
[18:53:00.713][vcom] addresses.
[18:53:00.713][vcom] setAddress   
[18:53:00.714][vcom]        Set a specific filtering 
[18:53:00.717][vcom] address value.
[18:53:00.717][vcom]           
[18:53:00.720][vcom]           [uint8] field: 0-1
[18:53:00.720][vcom]   
[18:53:00.722][vcom]                   [uint8]
[18:53:00.725][vcom]  filterIndex: 0-3
[18:53:00.725][vcom]              
[18:53:00.727][vcom]        [uint8opt] addrByte
[18:53:00.730][vcom] 0 addrByte1 ... addrByte7
[18:53:00.730][vcom] setAd
[18:53:00.732][vcom] dressMask      Set a speci
[18:53:00.736][vcom] fic filtering address mask.
[18:53:00.736][vcom]    
[18:53:00.738][vcom]                  [uint8] 
[18:53:00.739][vcom] field: 0-1
[18:53:00.739][vcom]                     
[18:53:00.743][vcom] [uint8opt] bitMask
[18:53:00.743][vcom] setAdd
[18:53:00.744][vcom] ressEnable    Control address fi
[18:53:00.748][vcom] ltering for a specific ad
[18:53:00.751][vcom] dress.
[18:53:00.751][vcom]                     [uin
[18:53:00.753][vcom] t8] field: 0-1
[18:53:00.753][vcom]           
[18:53:00.755][vcom]           [uint8] filterIndex: 0
[18:53:00.757][vcom] -3
[18:53:00.757][vcom]                     [
[18:53:00.760][vcom] uint8] 0=Disable 1=Enable
[18:53:00.760][vcom] _____
[18:53:00.764][vcom] _____________________
[18:53:00.764][vcom] ___
[18:53:00.767][vcom] _Error_Rate_Testing____
[18:53:00.767][vcom] perRx  
[18:53:00.770][vcom]              Start a Pack
[18:53:00.772][vcom] et Error Rate test. 'perRx 0 0' 
[18:53:00.776][vcom] stops test.
[18:53:00.776][vcom]                     [uint32] number of packet
[18:53:00.778][vcom] s
[18:53:00.778][vcom]                     [ui
[18:53:00.781][vcom] nt32] delayUs
[18:53:00.781][vcom] perStatus        
[18:53:00.784][vcom]    Get the PER test results. Also see status command.
[18:53:00.784][vcom] se
[18:53:00.787][vcom] tBerConfig        Set numb
[18:53:00.790][vcom] er of bytes to receive in BER mo
[18:53:00.792][vcom] de.
[18:53:00.792][vcom]                     
[18:53:00.795][vcom] [uint32] number of bytes: 0=maxi
[18:53:00.798][vcom] mum (536870911)
[18:53:00.798][vcom] berRx    
[18:53:00.799][vcom]            Control BER receive m
[18:53:00.802][vcom] ode.
[18:53:00.802][vcom]                    
[18:53:00.806][vcom]  [uint8] 0=Disable 1=Enable
[18:53:00.806][vcom] ber
[18:53:00.808][vcom] Status           Get statu
[18:53:00.811][vcom] s of current or last BER test.
[18:53:00.813][vcom]                     Status
[18:53:00.817][vcom]  is reset by setBerConfig and be
[18:53:00.818][vcom] rRx enable.
[18:53:00.818][vcom] ____________
[18:53:00.821][vcom] __________________
[18:53:00.821][vcom] ____Listen_B
[18:53:00.822][vcom] efore_Talk_LBT____
[18:53:00.822][vcom] setLbt
[18:53:00.826][vcom] Mode          Show/Set the LBT m
[18:53:00.827][vcom] ode for transmits.
[18:53:00.827][vcom]      
[18:53:00.830][vcom]                [stringopt] 'off'
[18:53:00.834][vcom] /'csma'/'lbt'
[18:53:00.834][vcom] getLbtParam
[18:53:00.835][vcom] s        Get the current LBT par
[18:53:00.838][vcom] ameters.
[18:53:00.838][vcom] setLbtParams   
[18:53:00.839][vcom]      Set LBT parameters.
[18:53:00.839][vcom]       
[18:53:00.843][vcom]               [uint8] minB
[18:53:00.845][vcom] o
[18:53:00.845][vcom]                     [uint8] m
[18:53:00.848][vcom] axBo
[18:53:00.848][vcom]                     
[18:53:00.851][vcom] [uint8] tries
[18:53:00.851][vcom]                  
[18:53:00.852][vcom]    [int32] ccaThreshold
[18:53:00.855][vcom]                     [uint16] bac
[18:53:00.858][vcom] koffUs
[18:53:00.858][vcom]                   
[18:53:00.859][vcom]   [uint16] durationUs
[18:53:00.859][vcom]          
[18:53:00.862][vcom]            [uint32] timeo
[18:53:00.865][vcom] utUs
[18:53:00.865][vcom] set802154CcaMode    Set 80
[18:53:00.867][vcom] 2.15.4 CCA Mode
[18:53:00.867][vcom]          
[18:53:00.869][vcom]            [uint8] ccaMode 0=RSS
[18:53:00.872][vcom] I 1=Signal 2=RSSI|Signal 
[18:53:00.874][vcom] 3=RSSI&Signal 4=Always transmit
[18:53:00.877][vcom] 
[18:53:00.877][vcom] _____________________
[18:53:00.877][vcom] __
[18:53:00.880][vcom] __802_15_4_Mode____
[18:53:00.880][vcom] enable80215
[18:53:00.884][vcom] 4        Configure and ena
[18:53:00.886][vcom] ble 802.15.4 mode.
[18:53:00.886][vcom]             
[18:53:00.889][vcom]         [string] defaultS
[18:53:00.890][vcom] tate: 'idle'/'rx'
[18:53:00.890][vcom]              
[18:53:00.894][vcom]        [uint16] idleToRxUs
[18:53:00.895][vcom] 
[18:53:00.895][vcom]                     [uint16] t
[18:53:00.899][vcom] urnaroundTimeUs
[18:53:00.899][vcom]         
[18:53:00.900][vcom]             [int16] ackTimeoutUs
[18:53:00.903][vcom] : to ACK's sync-detect
[18:53:00.903][vcom]   
[18:53:00.905][vcom]                   [uint8opt] def
[18:53:00.908][vcom] aultFP: [0]/1 Frame Pendi
[18:53:00.909][vcom] ng for poll ACKs
[18:53:00.909][vcom] list2p4Ghz8021
[18:53:00.912][vcom] 54ConfigsList supported 2.
[18:53:00.915][vcom] 4 GHz 802.15.4 configs.
[18:53:00.915][vcom] config2
[18:53:00.918][vcom] p4GHz802154  Configure the
[18:53:00.919][vcom]  radio for 2.4 GHz 802.15.4.
[18:53:00.919][vcom]   
[18:53:00.923][vcom]                   Use wit
[18:53:00.926][vcom] h enable802154.
[18:53:00.926][vcom]                
[18:53:00.928][vcom]      [uint8opt] [uint8opt]
[18:53:00.931][vcom]  config: see list2p4Ghz802154Con
[18:53:00.932][vcom] figs (ignores any remaini
[18:53:00.936][vcom] ng parameters if > 1)
[18:53:00.936][vcom]          
[18:53:00.937][vcom]            [uint8opt] coex
[18:53:00.941][vcom] : [0=Disable] 1=Enable
[18:53:00.941][vcom]         
[18:53:00.943][vcom]             [uint8opt] fe
[18:53:00.946][vcom] m: [0=Disable] 1=Enable
[18:53:00.946][vcom]        
[18:53:00.948][vcom]              [uint8opt] cu
[18:53:00.949][vcom] stom: [0=None] 1=Custom1
[18:53:00.949][vcom]       
[18:53:00.953][vcom]               [uint8opt] 
[18:53:00.955][vcom] 2mbps: [0=Disable]  1=Enable
[18:53:00.955][vcom] co
[18:53:00.958][vcom] nfig863MHz802154  Configur
[18:53:00.960][vcom] e the radio for 863 MHz 802.15.4
[18:53:00.962][vcom]  GB868.
[18:53:00.962][vcom]                  
[18:53:00.965][vcom]    Use with enable802154.
[18:53:00.965][vcom] confi
[18:53:00.967][vcom] g915MHz802154  Configure 
[18:53:00.970][vcom] the radio for 915 MHz 802.15.4 G
[18:53:00.973][vcom] B868.
[18:53:00.973][vcom]                    
[18:53:00.976][vcom]  Use with enable802154.
[18:53:00.976][vcom] set8021
[18:53:00.978][vcom] 54e          Configure 80
[18:53:00.979][vcom] 2.15.4E options.
[18:53:00.979][vcom]               
[18:53:00.982][vcom]       [uint32] RAIL_IEEE80
[18:53:00.986][vcom] 2154_EOptions_t
[18:53:00.986][vcom] set802154g     
[18:53:00.988][vcom]      Configure 802.15.4G 
[18:53:00.989][vcom] options.
[18:53:00.989][vcom]                     [u
[18:53:00.993][vcom] int32] RAIL_IEEE802154_GOp
[18:53:00.994][vcom] tions_t
[18:53:00.994][vcom] set802154FpMode     Con
[18:53:00.998][vcom] trol early and data frame 
[18:53:01.001][vcom] pending lookup.
[18:53:01.001][vcom]                
[18:53:01.003][vcom]      [uint8] early:     [
[18:53:01.006][vcom] 0=Disable] 1=Enable
[18:53:01.006][vcom]            
[18:53:01.008][vcom]          [uint8] dataframe
[18:53:01.010][vcom] s:[0=Disable] 1=Enable
[18:53:01.010][vcom] acceptFr
[18:53:01.013][vcom] ames        Control 802.1
[18:53:01.016][vcom] 5.4 frame type acceptance.
[18:53:01.016][vcom]     
[18:53:01.019][vcom]                 [uint8] co
[18:53:01.020][vcom] mmand: 0=Reject [1=Accept]
[18:53:01.020][vcom]     
[18:53:01.023][vcom]                 [uint8] a
[18:53:01.024][vcom] ck:    [0=Reject] 1=Accept
[18:53:01.024][vcom]     
[18:53:01.028][vcom]                 [uint8] da
[18:53:01.031][vcom] ta:    0=Reject [1=Accept]
[18:53:01.031][vcom]     
[18:53:01.033][vcom]                 [uint8] be
[18:53:01.034][vcom] acon:  0=Reject [1=Accept]
[18:53:01.034][vcom]     
[18:53:01.038][vcom]                 [uint8opt
[18:53:01.041][vcom] ] multipurpose: [0=Reject] 1=Acc
[18:53:01.043][vcom] ept
[18:53:01.043][vcom] setPromiscuousMode  C
[18:53:01.045][vcom] ontrol promiscuous mode.
[18:53:01.045][vcom]       
[18:53:01.048][vcom]               [uint8] 0=D
[18:53:01.050][vcom] isable 1=Enable
[18:53:01.050][vcom] setRxToEnhAckTx
[18:53:01.052][vcom]      Set an RxToTx turnaro
[18:53:01.055][vcom] und time used just for Enh-ACKs.
[18:53:01.057][vcom] 
[18:53:01.057][vcom]                     [in
[18:53:01.060][vcom] t32] rxToTxUs (0=same as Imm-ACK
[18:53:01.062][vcom] s, -1=don't change)
[18:53:01.062][vcom] setPa
[18:53:01.064][vcom] nCoordinator   Control whether n
[18:53:01.067][vcom] ode is a PAN coordinator.
[18:53:01.070][vcom] 
[18:53:01.070][vcom]                     [uint8] 1=Y
[18:53:01.072][vcom] es 0=No
[18:53:01.072][vcom] setPanId802154  
[18:53:01.075][vcom]     Set the PAN ID for a filteri
[18:53:01.078][vcom] ng index.
[18:53:01.078][vcom]                
[18:53:01.083][vcom]      [uint16] panId
[18:53:01.083][vcom]                     [uint8opt] filte
[18:53:01.086][vcom] rIndex: [0]-2
[18:53:01.086][vcom] setShortAddr80215
[18:53:01.088][vcom] 4  Set the short address f
[18:53:01.089][vcom] or a filtering index.
[18:53:01.089][vcom]          
[18:53:01.093][vcom]            [uint16] short
[18:53:01.094][vcom] Addr
[18:53:01.094][vcom]                     [uint8
[18:53:01.098][vcom] opt] filterIndex: [0]-2
[18:53:01.098][vcom] s
[18:53:01.100][vcom] etLongAddr802154   Set the long 
[18:53:01.103][vcom] address for a filtering in
[18:53:01.106][vcom] dex.
[18:53:01.106][vcom]                     [uint8
[18:53:01.108][vcom] ] longAddr_0
[18:53:01.108][vcom]            
[18:53:01.110][vcom]          [uint8] longAddr_1
[18:53:01.110][vcom]    
[18:53:01.113][vcom]                  [uint8] l
[18:53:01.114][vcom] ongAddr_2
[18:53:01.114][vcom]                     [
[18:53:01.118][vcom] uint8] longAddr_3
[18:53:01.118][vcom]       
[18:53:01.119][vcom]               [uint8] longAddr_4
[18:53:01.122][vcom] 
[18:53:01.122][vcom]                     [uin
[18:53:01.125][vcom] t8] longAddr_5
[18:53:01.125][vcom]                 
[18:53:01.128][vcom]     [uint8] longAddr_6
[18:53:01.128][vcom]  
[18:53:01.129][vcom]                    [uint8] longA
[18:53:01.133][vcom] ddr_7
[18:53:01.133][vcom]                    
[18:53:01.134][vcom]  [uint8opt] filterIndex: [0]-2
[18:53:01.138][vcom] setAddresses802154  Set al
[18:53:01.139][vcom] l 802.15.4 address information.
[18:53:01.143][vcom] 
[18:53:01.143][vcom]                     [uin
[18:53:01.146][vcom] t16] panId0
[18:53:01.146][vcom]                    
[18:53:01.148][vcom]  [uint16] shortAddr0
[18:53:01.148][vcom]     
[18:53:01.151][vcom]                 [stringopt] long
[18:53:01.153][vcom] Addr0
[18:53:01.153][vcom]                   
[18:53:01.156][vcom]   [stringopt] panId1 shortAddr1 
[18:53:01.159][vcom] longAddr1 ...
[18:53:01.159][vcom] configRxCha
[18:53:01.162][vcom] nnelSwitching802154 Configure RX
[18:53:01.163][vcom]  channel switching for 2.
[18:53:01.167][vcom] 4 GHz 802.15.4
[18:53:01.167][vcom]                 
[18:53:01.168][vcom]     [uint16] First radio c
[18:53:01.171][vcom] hannel
[18:53:01.171][vcom]                     [uin
[18:53:01.172][vcom] t16] Second radio channel
[18:53:01.175][vcom] 
[18:53:01.175][vcom] setDataReqLatency   Set data r
[18:53:01.178][vcom] equest event processing la
[18:53:01.181][vcom] tency.
[18:53:01.181][vcom]                     [uin
[18:53:01.184][vcom] t32] latencyUs
[18:53:01.184][vcom] set802154P
[18:53:01.187][vcom] HR        Set PHR (first 1, 2 or
[18:53:01.188][vcom]  4 bytes) in Tx buffer ac
[18:53:01.191][vcom] cording to
[18:53:01.191][vcom]                     
[18:53:01.192][vcom]   the 'format' input param
[18:53:01.195][vcom] eter.
[18:53:01.195][vcom]                     PHR '
[18:53:01.198][vcom] frameLength' field is der
[18:53:01.200][vcom] ived from TxLength set
[18:53:01.200][vcom]         
[18:53:01.202][vcom]               previously w
[18:53:01.205][vcom] ith 'setTxLength'
[18:53:01.205][vcom]              
[18:53:01.207][vcom]        For PHR fields inf
[18:53:01.212][vcom] o, refer to 802.15.4 specificati
[18:53:01.214][vcom] on.
[18:53:01.214][vcom]                     [
[18:53:01.216][vcom] uint8] PHR format: 0=misc IEEE80
[18:53:01.219][vcom] 2154 modulations, PHR 1byt
[18:53:01.222][vcom] e
[18:53:01.222][vcom]                              
[18:53:01.224][vcom]            1=SUN FSK, PHR
[18:53:01.226][vcom]  2bytes
[18:53:01.226][vcom]                        
[18:53:01.229][vcom]                  2=SUN OFD
[18:53:01.230][vcom] M, PHR 4bytes
[18:53:01.230][vcom]                  
[18:53:01.233][vcom]                        3=
[18:53:01.234][vcom] SUN OQPSK, PHR 4bytes
[18:53:01.234][vcom]          
[18:53:01.238][vcom]            [uint8opt] For 
[18:53:01.239][vcom] LEG_OQPSK: none
[18:53:01.239][vcom]                
[18:53:01.243][vcom]                 For SUN_F
[18:53:01.244][vcom] SK  : fcsTtype
[18:53:01.244][vcom]                 
[18:53:01.248][vcom]                For SUN_OFD
[18:53:01.250][vcom] M : rate
[18:53:01.250][vcom]                       
[18:53:01.253][vcom]          For SUN_OQPSK: sp
[18:53:01.254][vcom] readingMode
[18:53:01.254][vcom]                    
[18:53:01.258][vcom]  [uint8opt] For LEG_OQPSK
[18:53:01.259][vcom] : none
[18:53:01.259][vcom]                         
[18:53:01.263][vcom]        For SUN_FSK  : whit
[18:53:01.265][vcom] ening
[18:53:01.265][vcom]                          
[18:53:01.268][vcom]       For SUN_OFDM : scra
[18:53:01.269][vcom] mbler
[18:53:01.269][vcom]                          
[18:53:01.273][vcom]       For SUN_OQPSK: rateM
[18:53:01.274][vcom] ode
[18:53:01.274][vcom] trigModeSwitchTx    Transmi
[18:53:01.278][vcom] t a Mode Switch packet th
[18:53:01.282][vcom] en transmit packets on the new P
[18:53:01.283][vcom] HY with current
[18:53:01.283][vcom]          
[18:53:01.287][vcom]            TX options Depending 
[18:53:01.288][vcom] on modeSwitchLife configur
[18:53:01.291][vcom] ation, after all iterations are
[18:53:01.292][vcom] 
[18:53:01.292][vcom]                     done
[18:53:01.296][vcom] , it either stays on the new PHY
[18:53:01.297][vcom]  or returns to the base PH
[18:53:01.300][vcom] Y.
[18:53:01.300][vcom]                     [uint8] 
[18:53:01.303][vcom] new PhyModeId, i.e. ID of
[18:53:01.304][vcom]  the PHYMode we are switching to
[18:53:01.307][vcom] 
[18:53:01.307][vcom]                     [uin
[18:53:01.310][vcom] t8] number of packets transmitte
[18:53:01.312][vcom] d on the new PHY
[18:53:01.312][vcom]        
[18:53:01.315][vcom]              [uint32opt] number 
[18:53:01.318][vcom] of times the sequence -mod
[18:53:01.319][vcom] e switch packet followed by data
[18:53:01.323][vcom]  packets- is
[18:53:01.323][vcom]             
[18:53:01.324][vcom]         repeated, default is 1 i
[18:53:01.328][vcom] f argument is absent
[18:53:01.328][vcom]    
[18:53:01.329][vcom]                  [uint32opt] del
[18:53:01.333][vcom] ayMilliseconds before swit
[18:53:01.335][vcom] ching back to base PHY after all
[18:53:01.338][vcom]  packets have been
[18:53:01.338][vcom]      
[18:53:01.341][vcom]                transmitted on th
[18:53:01.345][vcom] e new PHY, default is 0 if argument is absent. Multitimer 
[18:53:01.349][vcom] is
[18:53:01.349][vcom]                     u
[18:53:01.351][vcom] sed for delay greater than 0.
[18:53:01.351][vcom] m
[18:53:01.354][vcom] odeSwitchLife      Return to the base PHY after all data p
[18:53:01.358][vcom] ackets transmission for T
[18:53:01.360][vcom] X or after
[18:53:01.360][vcom]                     
[18:53:01.364][vcom] MODE_SWITCH_START event an
[18:53:01.366][vcom] d multitimer expiration after fi
[18:53:01.367][vcom] rst data packet
[18:53:01.367][vcom]          
[18:53:01.370][vcom]            reception on new phy 
[18:53:01.373][vcom] for RX.
[18:53:01.373][vcom]                 
[18:53:01.374][vcom]     [uint8] 0=stay on new PHY (n
[18:53:01.378][vcom] ormal Wi-SUN FAN behaviour
[18:53:01.381][vcom] ) 1=return to base PHY (special 
[18:53:01.384][vcom] test mode)
[18:53:01.384][vcom] _____________
[18:53:01.386][vcom] ___    
[18:53:01.386][vcom] ____BLE_Mode____    
[18:53:01.386][vcom] s
[18:53:01.389][vcom] etBleMode          Control
[18:53:01.392][vcom]  BLE mode.
[18:53:01.392][vcom]                     [uint8] 0=Disable 1=Enabl
[18:53:01.394][vcom] e
[18:53:01.394][vcom] getBleMode          Get the c
[18:53:01.398][vcom] urrent BLE mode.
[18:53:01.398][vcom] setBleCh
[18:53:01.401][vcom] annelParams Configure channel pa
[18:53:01.403][vcom] rameters related to BLE.
[18:53:01.404][vcom]                     [uint8] logi
[18:53:01.407][vcom] calChannel
[18:53:01.407][vcom]              
[18:53:01.410][vcom]        [uint32opt] accessAddr cr
[18:53:01.412][vcom] cInit disableWhiten
[18:53:01.412][vcom] setBl
[18:53:01.415][vcom] ePhySwitchToRx Configure BLE Phy
[18:53:01.419][vcom] SwitchToRx parameters. RX is
[18:53:01.419][vcom]                     entered
[18:53:01.422][vcom]  timeDeltaUs after sync wo
[18:53:01.425][vcom] rd of received packet.
[18:53:01.425][vcom]         
[18:53:01.428][vcom]             [uint8] 0=Dis
[18:53:01.429][vcom] able 1=Enable
[18:53:01.429][vcom]                  
[18:53:01.433][vcom]    [uint32opt] phy timeDel
[18:53:01.434][vcom] ta physicalChannel
[18:53:01.434][vcom]             
[18:53:01.438][vcom]         [uint32opt] logica
[18:53:01.442][vcom] lChannel accessAddr crcInit
[18:53:01.442][vcom]    
[18:53:01.444][vcom]                  [uint32opt] disableWhiten
[18:53:01.444][vcom]              
[18:53:01.447][vcom]        [uint32opt] extraDe
[18:53:01.450][vcom] layUs
[18:53:01.450][vcom] setBleAdvertising   Confi
[18:53:01.453][vcom] gure for BLE advertising.
[18:53:01.454][vcom] 
[18:53:01.454][vcom]                     [uint8] ad
[18:53:01.457][vcom] vChannel: 37-39
[18:53:01.457][vcom] setBle1Mb
[18:53:01.460][vcom] ps         Switch to the 1Mbps B
[18:53:01.462][vcom] LE PHY.
[18:53:01.462][vcom]                 
[18:53:01.465][vcom]     [uint8opt] 0=Legacy 1=Viterb
[18:53:01.468][vcom] i [chip default]
[18:53:01.468][vcom] setBle2M
[18:53:01.470][vcom] bps         Switch to the 2Mbps 
[18:53:01.472][vcom] BLE PHY.
[18:53:01.472][vcom]                 
[18:53:01.474][vcom]     [uint8opt] 0=Legacy 1=Viterb
[18:53:01.477][vcom] i [chip default]
[18:53:01.477][vcom] setBleC
[18:53:01.479][vcom] oding        Switch to a BLE cod
[18:53:01.483][vcom] ed PHY.
[18:53:01.483][vcom]                  
[18:53:01.486][vcom]    [uint8] RAIL_BLE_Coding_t val
[18:53:01.488][vcom] ue
[18:53:01.488][vcom] setBleSimulscan     S
[18:53:01.491][vcom] witch to a BLE simulscan PHY.
[18:53:01.491][vcom] _
[18:53:01.493][vcom] __________________ 
[18:53:01.493][vcom] ____Z
[18:53:01.494][vcom] _Wave_Mode____ 
[18:53:01.494][vcom] setZWaveMode   
[18:53:01.498][vcom]      Show/Control Z-Wave 
[18:53:01.499][vcom] mode.
[18:53:01.499][vcom]                     [uint
[18:53:01.503][vcom] 8opt] 0=Disable 1=Enable
[18:53:01.508][vcom]                     [uint8opt] optionsBitmask
[18:53:01.508][vcom] getZWaveMod
[18:53:01.511][vcom] e        Get the current Z-Wave 
[18:53:01.512][vcom] mode.
[18:53:01.512][vcom] setZWaveRegion    
[18:53:01.515][vcom]   Set the Z-Wave region.
[18:53:01.515][vcom]       
[18:53:01.518][vcom]               [uint8] regi
[18:53:01.519][vcom] on: see listZWaveRegions
[18:53:01.519][vcom] perfor
[18:53:01.523][vcom] mZwaveIrcal   Perform IRC
[18:53:01.524][vcom] AL across all channels of the cu
[18:53:01.528][vcom] rrent Z-Wave region.
[18:53:01.528][vcom]     
[18:53:01.530][vcom]                 [uint8opt] [0=Us
[18:53:01.533][vcom] e cached IRCAL values], 1
[18:53:01.534][vcom] =Force IRCAL
[18:53:01.534][vcom] getZWaveRegion    
[18:53:01.537][vcom]   Get the current Z-Wave r
[18:53:01.540][vcom] egion.
[18:53:01.540][vcom] listZWaveRegions    List
[18:53:01.545][vcom]  supported Z-Wave regions.
[18:53:01.545][vcom] getZWaveBaudRate    Get the b
[18:53:01.548][vcom] audrate of the current Z-W
[18:53:01.549][vcom] ave channel.
[18:53:01.549][vcom] setZWaveNodeId    
[18:53:01.553][vcom]   Sets Z-Wave NodeId.
[18:53:01.553][vcom]    
[18:53:01.554][vcom]                  [uint16] nodeId
[18:53:01.558][vcom] 
[18:53:01.558][vcom] setZWaveHomeId      Set
[18:53:01.559][vcom] s Z-Wave HomeId and its hash.
[18:53:01.559][vcom]  
[18:53:01.563][vcom]                    [uint32
[18:53:01.564][vcom] ] homeId
[18:53:01.564][vcom]                     [u
[18:53:01.568][vcom] int8] hash
[18:53:01.568][vcom] setZWaveOptio
[18:53:01.571][vcom] ns     Configure Z-Wave options.
[18:53:01.574][vcom] 
[18:53:01.574][vcom]                     [uin
[18:53:01.575][vcom] t8opt] optionsBitmask
[18:53:01.575][vcom] setZWaveL
[18:53:01.578][vcom] owPower    Set the transm
[18:53:01.580][vcom] it power for low-power ACKing.
[18:53:01.586][vcom]                     [int32] power: deci-dBm unless 'raw' i
[18:53:01.588][vcom] s added
[18:53:01.588][vcom]                  
[18:53:01.591][vcom]    [stringopt] 'raw'=units are r
[18:53:01.592][vcom] aw power level
[18:53:01.592][vcom] getZWaveL
[18:53:01.596][vcom] owPower    Get the low power val
[18:53:01.597][vcom] ues (deci-dBm and raw).
[18:53:01.597][vcom] z
[18:53:01.601][vcom] waveReceiveBeam    Run the Z-Wav
[18:53:01.602][vcom] e beam detection algorith
[18:53:01.606][vcom] m.
[18:53:01.606][vcom] setMfmMode          Set MFM 
[18:53:01.607][vcom] mode to enabled or disable
[18:53:01.611][vcom] d
[18:53:01.611][vcom]                     [uint8] 0
[18:53:01.613][vcom] =Disable 1=Enable
[18:53:01.613][vcom] getMfm
[18:53:01.616][vcom] Mode          Get the current MF
[18:53:01.618][vcom] M mod
[18:53:01.618][vcom] __________________ 
[18:53:01.621][vcom]  
[18:53:01.621][vcom] ____RAIL_Timer____  
[18:53:01.621][vcom] setTime
[18:53:01.622][vcom] r            Set the RAIL 
[18:53:01.628][vcom] timer timeout.
[18:53:01.628][vcom]                     [uint32] timeout: per
[18:53:01.632][vcom]  mode
[18:53:01.632][vcom]                     [string] 'rel'=Relative 'abs'=A
[18:53:01.634][vcom] bsolute
[18:53:01.634][vcom] timerCancel         Can
[18:53:01.637][vcom] cel the RAIL timer if it 
[18:53:01.640][vcom] is active.
[18:53:01.640][vcom] printTimerStats     
[18:53:01.643][vcom] Print current timer config
[18:53:01.646][vcom] uration.
[18:53:01.646][vcom] enableMultiTimer    Co
[18:53:01.648][vcom] ntrol the multiTimer API.
[18:53:01.651][vcom] 
[18:53:01.651][vcom]                     [uint8] 0=
[18:53:01.653][vcom] Disable 1=Enable
[18:53:01.653][vcom] setMulti
[18:53:01.654][vcom] Timer       Set a specific timer
[18:53:01.658][vcom]  timeout.
[18:53:01.658][vcom]                
[18:53:01.661][vcom]      [uint8] timer: 0..(NUM_MULT
[18:53:01.663][vcom] I_TIMERS-1)
[18:53:01.663][vcom]             
[18:53:01.664][vcom]         [uint32] timeout: per mo
[18:53:01.668][vcom] de
[18:53:01.668][vcom]                     [s
[18:53:01.669][vcom] tring] 'rel'=Relative 'abs'=Abso
[18:53:01.673][vcom] lute
[18:53:01.673][vcom] multiTimerCancel   
[18:53:01.676][vcom]  Cancel a specific timer if it i
[18:53:01.678][vcom] s active.
[18:53:01.678][vcom]                
[18:53:01.679][vcom]      [uint8] timer: 0..(NUM_MULT
[18:53:01.683][vcom] I_TIMERS-1)
[18:53:01.683][vcom] getMultiTime
[18:53:01.686][vcom] rStats  Get information about a 
[18:53:01.688][vcom] specific timer.
[18:53:01.688][vcom]          
[18:53:01.692][vcom]            [uint8] timer: 0..(NUM_MULTI_TIMERS-1)
[18:53:01.692][vcom] delayUs
[18:53:01.694][vcom]              Do a blocking delay
[18:53:01.699][vcom]  for a specified time.
[18:53:01.699][vcom]  
[18:53:01.701][vcom]                    [uint32] dela
[18:53:01.704][vcom] yUs
[18:53:01.704][vcom] ____________________
[18:53:01.707][vcom] 
[18:53:01.707][vcom] ____Auto_ACK_ing____
[18:53:01.707][vcom] autoAckCo
[18:53:01.708][vcom] nfig       Configure and 
[18:53:01.711][vcom] enable auto-ACK functionality.
[18:53:01.712][vcom]                     [strin
[18:53:01.716][vcom] g] defaultState: 'idle'/'rx'
[18:53:01.716][vcom]   
[18:53:01.718][vcom]                   [uint16
[18:53:01.719][vcom] ] idleToRxUs
[18:53:01.719][vcom]                   
[18:53:01.723][vcom]   [uint16] turnaroundTimeU
[18:53:01.724][vcom] s
[18:53:01.724][vcom]                     [uint16] 
[18:53:01.728][vcom] ackTimeoutUs: to ACK's sy
[18:53:01.730][vcom] nc-detect
[18:53:01.730][vcom] autoAckDisable      D
[18:53:01.733][vcom] isable auto-ACK. Use autoA
[18:53:01.734][vcom] ckConfig to reenable.
[18:53:01.734][vcom] setAckPay
[18:53:01.738][vcom] load       Set the ACK pay
[18:53:01.739][vcom] load to transmit.
[18:53:01.739][vcom]              
[18:53:01.744][vcom]        [uint16] offset
[18:53:01.744][vcom]  
[18:53:01.744][vcom]                    [uint8opt] by
[18:53:01.748][vcom] te0 byte1 ...
[18:53:01.748][vcom] setAckLengt
[18:53:01.749][vcom] h        Set how much data to lo
[18:53:01.753][vcom] ad into the TXACK FIFO.
[18:53:01.755][vcom]                     [uint16] len
[18:53:01.757][vcom] gthBytes
[18:53:01.757][vcom] printAckPacket  
[18:53:01.759][vcom]     Print the current TXACK payl
[18:53:01.762][vcom] oad data and byte length.
[18:53:01.764][vcom] 
[18:53:01.764][vcom] getAutoAck          Get the cu
[18:53:01.767][vcom] rrent state of auto-ACKing
[18:53:01.769][vcom] .
[18:53:01.769][vcom] autoAckPause        Pause or 
[18:53:01.772][vcom] Resume auto-ACKing
[18:53:01.772][vcom]       
[18:53:01.775][vcom]               [uint8] 1=PauseRx 
[18:53:01.778][vcom] 0=ResumeRx
[18:53:01.778][vcom]              
[18:53:01.781][vcom]        [uint8] 1=PauseTx 0=Resum
[18:53:01.783][vcom] eTx
[18:53:01.783][vcom] setTxAckOptions     C
[18:53:01.786][vcom] ontrol auto-ACK response for jus
[18:53:01.787][vcom] t the next receive.
[18:53:01.787][vcom]     
[18:53:01.791][vcom]                 [uint8] 1=cancel
[18:53:01.793][vcom] Ack 0=sendAck
[18:53:01.793][vcom]            
[18:53:01.796][vcom]          [uint8] 1=useTxBuf 0=us
[18:53:01.799][vcom] eTxAckBuf
[18:53:01.799][vcom] setTxAckDirect
[18:53:01.801][vcom]       Control direct access to T
[18:53:01.804][vcom] XACK FIFO (RAIL_GetAutoAckFifo).
[18:53:01.804][vcom]                     [uin
[18:53:01.807][vcom] t8] 0=indirect-access 1=di
[18:53:01.810][vcom] rect-access
[18:53:01.810][vcom] ___________________
[18:53:01.812][vcom] ___
[18:53:01.812][vcom] ____GPIO_Functions__
[18:53:01.815][vcom] __
[18:53:01.815][vcom] setGpioOutPin       Set a GP
[18:53:01.819][vcom] IO pin data out bit.
[18:53:01.819][vcom]                     [string] gpioPor
[18:53:01.822][vcom] t: start from '0' or 'a' 
[18:53:01.825][vcom] or 'A'
[18:53:01.825][vcom]                     [uin
[18:53:01.828][vcom] t8] gpioPin
[18:53:01.828][vcom]              
[18:53:01.829][vcom]        [uint8] state: 0/1
[18:53:01.829][vcom] setAn
[18:53:01.832][vcom] tDivPin        Set output
[18:53:01.835][vcom]  pin for antenna diversity.
[18:53:01.835][vcom]    
[18:53:01.837][vcom]                  [uint8] A
[18:53:01.839][vcom] ntenna0 gpioPort (0=A, 1=B, etc.
[18:53:01.843][vcom] )
[18:53:01.843][vcom]                     [ui
[18:53:01.846][vcom] nt8] Antenna0 gpioPin
[18:53:01.846][vcom]          
[18:53:01.848][vcom]            [uint8] Antenn
[18:53:01.849][vcom] a1 gpioPort (0=A, 1=B, etc.)
[18:53:01.849][vcom]   
[18:53:01.852][vcom]                   [uint8] 
[18:53:01.854][vcom] Antenna1 gpioPin
[18:53:01.854][vcom]               
[18:53:01.857][vcom]       [uint8opt] Antenna0
[18:53:01.859][vcom]  gpioPin State: 0=Disable [1=Ena
[18:53:01.862][vcom] ble]
[18:53:01.862][vcom]                     
[18:53:01.864][vcom] [uint8opt] Antenna1 gpioPin Stat
[18:53:01.867][vcom] e: 0=Disable [1=Enable]
[18:53:01.869][vcom] ___________________________
[18:53:01.869][vcom] ___
[18:53:01.872][vcom] _Diagnostic_and_Test____
[18:53:01.874][vcom] getConfigIndex      Get the inde
[18:53:01.878][vcom] x of the current multi-PHY
[18:53:01.881][vcom]  radio config.
[18:53:01.881][vcom]                 
[18:53:01.884][vcom]     See the entries in *channelConfigs[]. Start with inde
[18:53:01.887][vcom] x 0.
[18:53:01.887][vcom] setConfigIndex      
[18:53:01.889][vcom] Activate a multi-PHY radio confi
[18:53:01.892][vcom] guration.
[18:53:01.892][vcom]               
[18:53:01.894][vcom]       See the entries in *channe
[18:53:01.897][vcom] lConfigs[]. Start with ind
[18:53:01.900][vcom] ex 0.
[18:53:01.900][vcom]                     [uint
[18:53:01.903][vcom] 8] multiPhyIndex
[18:53:01.903][vcom] setCtun
[18:53:01.904][vcom] e            Set the value of HF
[18:53:01.909][vcom] XO CTUNE. The radio must b
[18:53:01.911][vcom] e IDLE.
[18:53:01.911][vcom]                     [ui
[18:53:01.913][vcom] nt16] ctune
[18:53:01.913][vcom] getCtune    
[18:53:01.914][vcom]         Get the value of HFXO CT
[18:53:01.918][vcom] UNE
[18:53:01.918][vcom] setCtuneDelta       S
[18:53:01.921][vcom] et the value of HFXO CTUNE delta
[18:53:01.923][vcom] 
[18:53:01.923][vcom]                     [uin
[18:53:01.926][vcom] t16] delta
[18:53:01.926][vcom] getCtuneDelta       
[18:53:01.927][vcom] Get the value of HFXO CTU
[18:53:01.931][vcom] NE delta
[18:53:01.931][vcom] setPaCtune          Se
[18:53:01.932][vcom] t the PACTUNE value for TX
[18:53:01.935][vcom]  and RX.
[18:53:01.935][vcom]                     [u
[18:53:01.938][vcom] int8] txPaCtune
[18:53:01.938][vcom]         
[18:53:01.940][vcom]             [uint8] rxPaCtune
[18:53:01.940][vcom] e
[18:53:01.943][vcom] nablePaCal         Control
[18:53:01.945][vcom]  PA power calibration.
[18:53:01.945][vcom]         
[18:53:01.948][vcom]             [uint8] 0=Dis
[18:53:01.949][vcom] able 1=Enable
[18:53:01.949][vcom] setDebugSignal   
[18:53:01.952][vcom]    Configure chip specific
[18:53:01.955][vcom]  debug output.
[18:53:01.955][vcom]                 
[18:53:01.958][vcom]     Use 'setDebugSignal he
[18:53:01.961][vcom] lp me' for more details.
[18:53:01.961][vcom]       
[18:53:01.963][vcom]               [string] pi
[18:53:01.964][vcom] n
[18:53:01.964][vcom]                     [string] 
[18:53:01.968][vcom] signal
[18:53:01.968][vcom]                   
[18:53:01.969][vcom]   [uint16opt] signalOptions
[18:53:01.969][vcom] set
[18:53:01.973][vcom] DebugMode        Control 
[18:53:01.975][vcom] Debug mode which allows freqOver
[18:53:01.978][vcom] ride.
[18:53:01.978][vcom]                    
[18:53:01.981][vcom]  [uint32] 0=Disable 1=Enable
[18:53:01.981][vcom] fr
[18:53:01.983][vcom] eqOverride        Set the
[18:53:01.986][vcom]  radio frequency. Requires debug
[18:53:01.988][vcom]  mode.
[18:53:01.988][vcom]                   
[18:53:01.989][vcom]   [uint32] freqHz: Only small de
[18:53:01.992][vcom] viations from the
[18:53:01.992][vcom]        
[18:53:01.995][vcom]                               cu
[18:53:01.998][vcom] rrent configuration are s
[18:53:02.001][vcom] upported.
[18:53:02.001][vcom] configDirectMode    C
[18:53:02.004][vcom] onfigure direct mode
[18:53:02.004][vcom]     
[18:53:02.006][vcom]                 [uint8] syncRx: 
[18:53:02.009][vcom] 0=Disable 1=Enable
[18:53:02.009][vcom]      
[18:53:02.011][vcom]                [uint8] syncTx: 0
[18:53:02.013][vcom] =Disable 1=Enable
[18:53:02.013][vcom]        
[18:53:02.016][vcom]              [uint8] doutPort
[18:53:02.016][vcom]  
[18:53:02.018][vcom]                    [uint8
[18:53:02.022][vcom] ] doutPin
[18:53:02.022][vcom]                     [uint8] dclkPort
[18:53:02.022][vcom]          
[18:53:02.024][vcom]            [uint8] dclkPin
[18:53:02.024][vcom]     
[18:53:02.027][vcom]                 [uint8] di
[18:53:02.029][vcom] nPort
[18:53:02.029][vcom]                     [uint
[18:53:02.032][vcom] 8] dinPin
[18:53:02.032][vcom]               
[18:53:02.035][vcom]       [uint8opt] doutLoc
[18:53:02.035][vcom]       
[18:53:02.037][vcom]               [uint8opt] d
[18:53:02.041][vcom] clkLoc
[18:53:02.041][vcom]                     [uin
[18:53:02.044][vcom] t8opt] dinLoc
[18:53:02.044][vcom] directMode
[18:53:02.046][vcom]           Control direct mode.
[18:53:02.049][vcom]                     [uint8
[18:53:02.051][vcom] ] 0=Disable 1=Enable
[18:53:02.051][vcom] directTx  
[18:53:02.052][vcom]           Control TX in d
[18:53:02.057][vcom] irect mode.
[18:53:02.057][vcom]                    
[18:53:02.058][vcom]  [uint8] 0=Disable 1=Enabl
[18:53:02.063][vcom] e
[18:53:02.063][vcom] txCancel            Start a T
[18:53:02.064][vcom] X that will be cancelled.
[18:53:02.067][vcom] 
[18:53:02.067][vcom]                     [int32] del
[18:53:02.068][vcom] ayUs: when to cancel it
[18:53:02.071][vcom]                     [uint8opt] s
[18:53:02.073][vcom] topMode: [0=RAIL_IDLE_ABOR
[18:53:02.074][vcom] T] 1-3=RAIL_StopMode_t
[18:53:02.074][vcom]         
[18:53:02.078][vcom]                          
[18:53:02.085][vcom]         4-7=4+RAIL_IdleMode_t
[18:53:02.085][vcom] getRandom           Get random data from the radio.
[18:53:02.085][vcom]       
[18:53:02.087][vcom]               [uint16] le
[18:53:02.090][vcom] ngthBytes
[18:53:02.090][vcom]                     [
[18:53:02.092][vcom] uint8opt] [0=show them] 1=
[18:53:02.095][vcom] hide them
[18:53:02.095][vcom] setTxUnderflow      C
[18:53:02.099][vcom] ontrol TX underflows by not loading the TX FIFO.
[18:53:02.099][vcom]         
[18:53:02.102][vcom]             [uint8] 1=For
[18:53:02.106][vcom] ce underflows 0=Disable
[18:53:02.106][vcom] setRxOv
[18:53:02.109][vcom] erflow       Control RX ov
[18:53:02.112][vcom] erflows by delaying in the event
[18:53:02.114][vcom]  handler.
[18:53:02.114][vcom]               
[18:53:02.116][vcom]       [uint8] 0=Disable 1=Enable
[18:53:02.117][vcom] 
[18:53:02.117][vcom]                     [uin
[18:53:02.121][vcom] t32opt] delayUs: [0]
[18:53:02.121][vcom] setCalibra
[18:53:02.123][vcom] tions     Control calibra
[18:53:02.124][vcom] tions.
[18:53:02.124][vcom]                     [uin
[18:53:02.128][vcom] t8] 0=Disable 1=Enable
[18:53:02.128][vcom] se
[18:53:02.129][vcom] tTxTransitions    Set the TX sta
[18:53:02.133][vcom] te transitions.
[18:53:02.133][vcom]         
[18:53:02.134][vcom]             [string] txSuccess: 
[18:53:02.138][vcom] 'idle'/'rx'
[18:53:02.138][vcom]              
[18:53:02.139][vcom]        [string] txError: 'idle'/
[18:53:02.143][vcom] 'rx'
[18:53:02.143][vcom] setRxTransitions    
[18:53:02.146][vcom] Set the RX state transitions.
[18:53:02.146][vcom]  
[18:53:02.148][vcom]                    [strin
[18:53:02.149][vcom] g] rxSuccess: 'idle'/'rx'/'tx'
[18:53:02.153][vcom]                     [strin
[18:53:02.154][vcom] g] rxError: 'idle'/'rx'/'tx'
[18:53:02.154][vcom] ge
[18:53:02.158][vcom] tTxTransitions    Get the
[18:53:02.159][vcom]  TX state transitions.
[18:53:02.159][vcom] getRxTra
[18:53:02.163][vcom] nsitions    Get the RX sta
[18:53:02.166][vcom] te transitions.
[18:53:02.166][vcom] setNextTxRepeat
[18:53:02.168][vcom]      Set next transmit's 
[18:53:02.170][vcom] automatic repeat count.
[18:53:02.170][vcom]        
[18:53:02.173][vcom]              [uint16] numb
[18:53:02.174][vcom] er of auto-repeated transmits af
[18:53:02.179][vcom] ter the first
[18:53:02.179][vcom]            
[18:53:02.181][vcom]          [uint32opt] delayUs int
[18:53:02.183][vcom] er-transmit or hop delay
[18:53:02.186][vcom] 
[18:53:02.186][vcom]                     [uint32opt]
[18:53:02.189][vcom]  channel (if hopping)
[18:53:02.189][vcom]    
[18:53:02.192][vcom]                  repeat delayUs 
[18:53:02.193][vcom] and channel for additiona
[18:53:02.196][vcom] l hops.
[18:53:02.196][vcom] configTxRepeatStartToSt
[18:53:02.197][vcom] artSet tx repeat option to
[18:53:02.200][vcom]  have tx repeats delaying from s
[18:53:02.203][vcom] tart of tx to start of tx
[18:53:02.206][vcom] .
[18:53:02.206][vcom]                     [uint8] 0
[18:53:02.209][vcom]  to disable, 1 to enable
[18:53:02.209][vcom] setNextBleTxRepeat  Set next tra
[18:53:02.212][vcom] nsmit's automatic repeat c
[18:53:02.215][vcom] ount.
[18:53:02.215][vcom]                     [uint
[18:53:02.218][vcom] 16] number of auto-repeat
[18:53:02.219][vcom] ed transmits after the first
[18:53:02.219][vcom]   
[18:53:02.222][vcom]                   [uint32o
[18:53:02.225][vcom] pt] delayUs inter-transmit or ho
[18:53:02.227][vcom] p delay
[18:53:02.227][vcom]                 
[18:53:02.230][vcom]     [uint32opt] phy railChannel 
[18:53:02.233][vcom] logicalChannel accessAddre
[18:53:02.236][vcom] ss
[18:53:02.236][vcom]                     (a hop's
[18:53:02.238][vcom]  config, repeat from dela
[18:53:02.240][vcom] yUs for additional hops)
[18:53:02.240][vcom] setTxT
[18:53:02.242][vcom] imePos        Set desired 
[18:53:02.245][vcom] TX timestamp position.
[18:53:02.245][vcom]         
[18:53:02.250][vcom]             [uint8] RAIL_PacketTimePosition_t
[18:53:02.250][vcom] setRxTimePo
[18:53:02.252][vcom] s        Set desired RX t
[18:53:02.255][vcom] imestamp position.
[18:53:02.255][vcom]             
[18:53:02.258][vcom]         [uint8] RAIL_Packe
[18:53:02.261][vcom] tTimePosition_t
[18:53:02.261][vcom] setTimings     
[18:53:02.263][vcom]      Set RAIL state trans
[18:53:02.264][vcom] ition timings (use -1 to keep sa
[18:53:02.268][vcom] me).
[18:53:02.268][vcom]                     
[18:53:02.269][vcom] [int32] idleToRxUs
[18:53:02.269][vcom]             
[18:53:02.272][vcom]         [int32] txToRxUs
[18:53:02.274][vcom] 
[18:53:02.274][vcom]                     [int32] idl
[18:53:02.277][vcom] eToTxUs
[18:53:02.277][vcom]                  
[18:53:02.281][vcom]    [int32opt] rxToTxUs [0]
[18:53:02.281][vcom]     
[18:53:02.283][vcom]                 [int32opt]
[18:53:02.286][vcom]  rxSearchTimeoutUs [0]
[18:53:02.286][vcom]         
[18:53:02.288][vcom]             [int32opt] tx
[18:53:02.292][vcom] ToRxSearchTimeout [0]
[18:53:02.292][vcom]          
[18:53:02.295][vcom]            [int32opt] txTo
[18:53:02.296][vcom] Tx [0]
[18:53:02.296][vcom] forceAssert         Forc
[18:53:02.299][vcom] e a RAIL assert with the 
[18:53:02.301][vcom] given error code.
[18:53:02.301][vcom]              
[18:53:02.302][vcom]        [uint32] RAIL_Asser
[18:53:02.306][vcom] tErrorCodes_t
[18:53:02.306][vcom] getAppMode       
[18:53:02.307][vcom]    Get the current RAILte
[18:53:02.310][vcom] st AppMode_t mode.
[18:53:02.310][vcom] getRadioStat
[18:53:02.312][vcom] e       Get the current RA
[18:53:02.315][vcom] IL_RadioState_t radio state.
[18:53:02.315][vcom] ve
[18:53:02.318][vcom] rifyRadio         Verify 
[18:53:02.321][vcom] radio memory contents.
[18:53:02.321][vcom]         
[18:53:02.323][vcom]             [uint32] durat
[18:53:02.326][vcom] ionUs: time limit
[18:53:02.326][vcom]              
[18:53:02.328][vcom]        [uint8] 0=Resume if
[18:53:02.330][vcom]  previously didn't finish 1=Rest
[18:53:02.333][vcom] art
[18:53:02.333][vcom]                     
[18:53:02.334][vcom] [uint8] 0=current radio config 1
[18:53:02.338][vcom] =external radio config
[18:53:02.338][vcom]   
[18:53:02.339][vcom]                   [uint8] 0=No c
[18:53:02.344][vcom] allback 1=Use RAILCb_Conf
[18:53:02.346][vcom] igVerification
[18:53:02.346][vcom] getChannel      
[18:53:02.348][vcom]     Get the current radio 
[18:53:02.351][vcom] channel.
[18:53:02.351][vcom] setChannel          Se
[18:53:02.353][vcom] t the radio channel.
[18:53:02.353][vcom]    
[18:53:02.356][vcom]                  [uint16] channe
[18:53:02.358][vcom] l
[18:53:02.358][vcom] setPktOffsetInTxFifo Se
[18:53:02.360][vcom] t the offset in number of bytes 
[18:53:02.362][vcom] of the Tx Data in Tx Fifo.
[18:53:02.365][vcom] 
[18:53:02.365][vcom]                     [uint16opt
[18:53:02.367][vcom] ] Offset in number of  by
[18:53:02.370][vcom] tes. If no parameter specified, 
[18:53:02.372][vcom] command returns current ac
[18:53:02.375][vcom] tive Offset
[18:53:02.375][vcom] reset              
[18:53:02.378][vcom]  Perform a reboot of the 
[18:53:02.379][vcom] chip.
[18:53:02.379][vcom] writeRmrStructure   Reser
[18:53:02.383][vcom] ved for Simplicity Studio 
[18:53:02.385][vcom] use only.
[18:53:02.385][vcom]                     [
[18:53:02.388][vcom] uint8] 
[18:53:02.388][vcom]                 
[18:53:02.391][vcom]     [uint16] 
[18:53:02.391][vcom]                  
[18:53:02.392][vcom]    [uint8] 
[18:53:02.392][vcom]              
[18:53:02.395][vcom]        [uint32opt] 
[18:53:02.395][vcom] updateConfi
[18:53:02.398][vcom] gPtr     Reserved for Simp
[18:53:02.401][vcom] licity Studio use only.
[18:53:02.401][vcom]        
[18:53:02.402][vcom]              [uint8] 
[18:53:02.402][vcom]   
[18:53:02.406][vcom]                   [uint16] 
[18:53:02.406][vcom]    
[18:53:02.409][vcom]                  [uint8] 
[18:53:02.412][vcom] 
[18:53:02.412][vcom] reconfigureModem    Reserved fo
[18:53:02.413][vcom] r Simplicity Studio use o
[18:53:02.417][vcom] nly.
[18:53:02.417][vcom] printEvents         Show/C
[18:53:02.418][vcom] onfigure printing of RAIL 
[18:53:02.422][vcom] events as they occur.
[18:53:02.422][vcom]          
[18:53:02.423][vcom]            [uint32opt] pr
[18:53:02.426][vcom] intEvents<31:0> printEvents<63:3
[18:53:02.427][vcom] 2>
[18:53:02.427][vcom]                     [u
[18:53:02.431][vcom] int32opt] mask<31:0> mask<63:32>
[18:53:02.434][vcom] 
[18:53:02.434][vcom] printChipFeatures   Disp
[18:53:02.436][vcom] lay RAIL features supported at c
[18:53:02.440][vcom] ompile and runtime.
[18:53:02.440][vcom] getm
[18:53:02.448][vcom] emw             Read count 32-bit words starting at addres
[18:53:02.451][vcom] s.
[18:53:02.451][vcom]                     [uint32]
[18:53:02.454][vcom]  address
[18:53:02.454][vcom]                     [uint32opt] count
[18:53:02.454][vcom] setmemw             Write 32-bit values starting at address.
[18:53:02.454][vcom]     
[18:53:02.459][vcom]                 [uint32] address
[18:53:02.459][vcom]                     [ui
[18:53:02.462][vcom] nt32opt] value0 value1 ...
[18:53:02.464][vcom] 
[18:53:02.464][vcom] throughput          Throughput
[18:53:02.469][vcom]  test.
[18:53:02.469][vcom]                     [uint32] number of packets
[18:53:02.469][vcom] se
[18:53:02.474][vcom] tRssiOffset       Sets the RSSI offset.
[18:53:02.474][vcom]                 
[18:53:02.477][vcom]     [int32] offsetDbm
[18:53:02.477][vcom] get
[18:53:02.480][vcom] RssiOffset       Gets the RSSI o
[18:53:02.482][vcom] ffset(s) in dBm.
[18:53:02.482][vcom]        
[18:53:02.485][vcom]              [uint8opt] [0=radio
[18:53:02.487][vcom]  and protocol-specific] 1=
[18:53:02.490][vcom] radio only
[18:53:02.490][vcom] setRssiDetectThresho
[18:53:02.495][vcom] ldSets the RSSI detect threshold.
[18:53:02.495][vcom]                     [i
[18:53:02.506][vcom] nt8] RSSI detect threshold (in dBm). (-128 disables detection)
[18:53:02.506][vcom] getRssiDetectThresholdGets the RSSI detect threshol
[18:53:02.508][vcom] d(in dBm).
[18:53:02.508][vcom] txAt          
[18:53:02.510][vcom]       Transmit a packet at a cer
[18:53:02.514][vcom] tain time.
[18:53:02.514][vcom]                     [uint32] time: per mode
[18:53:02.514][vcom]  
[18:53:02.521][vcom]                    [stringopt] ['abs'=Absolute] 'rel'=Rel
[18:53:02.524][vcom] ative
[18:53:02.524][vcom]                     [stringopt] 'abort' RX if TX oc
[18:53:02.527][vcom] curs during packet RX
[18:53:02.527][vcom]   
[18:53:02.529][vcom]                                 
[18:53:02.532][vcom]   otherwise TX is delayed 
[18:53:02.535][vcom] to end of RX
[18:53:02.535][vcom] setFreqOffset     
[18:53:02.538][vcom]   Get/Set the frequency o
[18:53:02.539][vcom] ffset adjustment.
[18:53:02.539][vcom]              
[18:53:02.543][vcom]        [int32opt] RAIL_Fre
[18:53:02.544][vcom] quencyOffset_t
[18:53:02.544][vcom] holdRx          
[18:53:02.548][vcom]     Control holding of rec
[18:53:02.549][vcom] eived packets.
[18:53:02.549][vcom]                 
[18:53:02.554][vcom]     [uint8] [0=Process packets immediately] 1=Hold packet
[18:53:02.558][vcom] s
[18:53:02.558][vcom] wait                Sus
[18:53:02.560][vcom] pend processing of CLI input for
[18:53:02.563][vcom]  a while.
[18:53:02.563][vcom]               
[18:53:02.566][vcom]       [uint32] waitTimeUs
[18:53:02.566][vcom]      
[18:53:02.569][vcom]                [stringopt]
[18:53:02.571][vcom]  ['rel'=Relative] 'abs'=Absolute
[18:53:02.574][vcom] 
[18:53:02.574][vcom] clearScript         Cle
[18:53:02.577][vcom] ar the script entered via enterS
[18:53:02.578][vcom] cript.
[18:53:02.578][vcom]                   
[18:53:02.581][vcom]   [uint8opt] [0=RAM] 1=Flash
[18:53:02.581][vcom] pr
[18:53:02.582][vcom] intScript         Print th
[18:53:02.585][vcom] e script entered via enterScript
[18:53:02.588][vcom] .
[18:53:02.588][vcom]                     [u
[18:53:02.589][vcom] int8opt] [0=RAM] 1=Flash
[18:53:02.589][vcom] enterS
[18:53:02.593][vcom] cript         Enter script
[18:53:02.594][vcom]  entry mode.
[18:53:02.594][vcom]                   
[18:53:02.599][vcom]   Conclude entry mode wit
[18:53:02.601][vcom] h text 'endScript'.
[18:53:02.601][vcom]            
[18:53:02.602][vcom]          [uint8opt] [0=RAM
[18:53:02.606][vcom] ] 1=Flash-script will run on boo
[18:53:02.609][vcom] t
[18:53:02.609][vcom] runScript           Ru
[18:53:02.612][vcom] n the script entered via enterSc
[18:53:02.613][vcom] ript.
[18:53:02.613][vcom]                    
[18:53:02.650][vcom]  [uint8opt] [0=RAM] 1=Flash-script will run on boot
[18:53:02.650][vcom] setRetimeOption     Control retime options.
[18:53:02.650][vcom]                     [uint8] optionBitMask: 1=HFXO | 2=HFRCO | 4=DCDC | 8=LCD
[18:53:02.650][vcom] enable802154SignalIdentifier Enable Signal Identifier 2.4Ghz 802.15.4 signal detection
[18:53:02.650][vcom]                     [uint8] 0=Disable 1=Enable
[18:53:02.650][vcom] enableBleSignalIdentifier Enable Signal Identifier for BLE signal detection
[18:53:02.650][vcom]                     [uint8] Mode 0=Disable 1=B
[18:53:02.652][vcom] LE1Mbps 2=BLE2Mbps
[18:53:02.652][vcom] getCha
[18:53:02.655][vcom] nnelConfigEntry   Get the maximu
[18:53:02.660][vcom] m valid channelConfig index, the maximum
[18:53:02.660][vcom]                
[18:53:02.662][vcom]      valid channelConfigEn
[18:53:02.666][vcom] try index in the selected channe
[18:53:02.668][vcom] lConfig
[18:53:02.668][vcom]                 
[18:53:02.671][vcom]     and the parameters of the se
[18:53:02.673][vcom] lected channelConfigEntry
[18:53:02.675][vcom] 
[18:53:02.675][vcom]                     [uint8] cha
[18:53:02.678][vcom] nnelConfig index
[18:53:02.678][vcom]        
[18:53:02.680][vcom]              [uint8] channelConf
[18:53:02.683][vcom] igEntry index
[18:53:02.683][vcom] deinitProto
[18:53:02.686][vcom] col      Deinit the current prot
[18:53:02.689][vcom] ocol (BLE, 802.15.4, Z-Wa
[18:53:02.690][vcom] ve)
[18:53:02.690][vcom] enableCacheSynthCal Sequenc
[18:53:02.694][vcom] er will start caching the 
[18:53:02.695][vcom] calibration values on next
[18:53:02.695][vcom]     
[18:53:02.701][vcom]                 state transition and use them instead of c
[18:53:02.703][vcom] alibrating again
[18:53:02.703][vcom]        
[18:53:02.706][vcom]              for future state tr
[18:53:02.709][vcom] ansitions. Recalibration w
[18:53:02.710][vcom] ill occur when
[18:53:02.710][vcom]                 
[18:53:02.714][vcom]     needed (eg. protocol 
[18:53:02.716][vcom] change, temperature change)
[18:53:02.716][vcom]    
[18:53:02.720][vcom]                  [uint8] 0=Disable 1=Enable
[18:53:02.720][vcom] getWhiteningI
[18:53:02.724][vcom] nitVal Returns the whiten
[18:53:02.726][vcom] ing initialization value.
[18:53:02.726][vcom] getCr
[18:53:02.728][vcom] cInitVal       Returns the
[18:53:02.730][vcom]  CRC initialization value.
[18:53:02.730][vcom] setW
[18:53:02.735][vcom] hiteningInitVal Set the whitening initialization value.
[18:53:02.735][vcom]  
[18:53:02.738][vcom]                    [uint1
[18:53:02.739][vcom] 6] Whitening initialization valu
[18:53:02.744][vcom] e.
[18:53:02.744][vcom] setCrcInitVal       Se
[18:53:02.748][vcom] t the CRC initialization value.
[18:53:02.749][vcom] 
[18:53:02.749][vcom]                     [uin
[18:53:02.752][vcom] t32] CRC initialization value.
[18:53:02.753][vcom] resetWhiteningInitValReset
[18:53:02.756][vcom]  the whitening initialization va
[18:53:02.758][vcom] lue to it's
[18:53:02.758][vcom]             
[18:53:02.761][vcom]         original setting from th
[18:53:02.763][vcom] e Radio Configurator.
[18:53:02.763][vcom] res
[18:53:02.766][vcom] etCrcInitVal     Reset the CRC i
[18:53:02.767][vcom] nitialization value to it'
[18:53:02.771][vcom] s
[18:53:02.771][vcom]                     original 
[18:53:02.772][vcom] setting from the Radio Co
[18:53:02.777][vcom] nfigurator.
[18:53:02.777][vcom] > 
