# Run: 6261ac2c
# Serial: 440114849
# Scenario: /Users/jerome/travail/mylab/scenari/railtest
# Started: 2026-05-27T11:03:07.974837
# ============================================================

[11:03:14.310][flash] /Users/jerome/.silabs/slt/installs/archive/Commander.app/Contents/MacOS/commander device masserase --ip 192.168.0.94
[11:03:14.310][flash] /Users/jerome/.silabs/slt/installs/archive/Commander.app/Contents/MacOS/commander flash /Users/jerome/travail/mylab/scenari/railtest/rail_soc_railtest_4162A.s37 --ip 192.168.0.94
[11:03:14.336][admin] WSTK> 
[11:03:14.339][admin] Toggling reset with 100 ms delay.
[11:03:14.437][admin] WSTK> 
[11:03:15.340][script] [delay 1.5s]
[11:03:15.486][vcom] 
[11:03:15.486][vcom] {{(reset)}{App:RAILtest}{Built:May 19 2026 21:48:48}{Cause:0x500}{Brd:BRD4162A}}
[11:03:15.486][vcom] {{(radio)}{FreqHz:38400000}{ModuleInfo:0xffffffff}}
[11:03:15.486][vcom] {{(system)}{Family:EFR32XG12}{Fam#:36}{ChipRev:1.1}{sdid:84}{Part:0x031c014
[11:03:15.488][vcom] c}}
[11:03:15.488][vcom] {{(pti)}{mode:2-wire-UART}{
[11:03:15.491][vcom] baud:1600000}{protocol:0}{
[11:03:15.496][vcom] radioConfig:0x00}}
[11:03:15.496][vcom] > 
[11:03:16.850][vcom] getchannel
[11:03:16.850][vcom] 
[11:03:16.850][vcom] {{(getchannel
[11:03:16.855][vcom] )}{channel:0}}
[11:03:16.855][vcom] > 
[11:03:16.865][vcom] tx 1
[11:03:16.865][vcom] 
[11:03:16.865][vcom] {{(tx)}{PacketTx:Enabled}{None:D
[11:03:16.868][vcom] isabled}{Time:1395894}}
[11:03:16.868][vcom] > {{(ap
[11:03:16.871][vcom] pMode)}{None:Enabled}{Pa
[11:03:16.878][vcom] cketTx:Disabled}{Time:1401112}}
[11:03:16.878][vcom] {{(txEnd)}{txStatus:Complete}{transmitted:1}{lastTxTime:1
[11:03:16.878][admin] ------ BOARDID board list ------
[11:03:16.880][vcom] 401039}{timePos:6}{durati
[11:03:16.884][vcom] onUs:201}{lastTxStart:1400838}{c
[11:03:16.885][vcom] caSuccess:0}{failed:0}{las
[11:03:16.888][vcom] tTxStatus:0x000000000}{txRemain:
[11:03:16.891][vcom] 0}{isAck:False}}
[11:03:16.910][admin]   [A0h]  BRD4001A   Rev. A01
[11:03:16.910][admin]   [A2h]  BRD4162A   Rev. A01
[11:03:16.910][admin] WSTK> 
[11:03:16.914][admin] PB0 is pressed
[11:03:16.914][admin] WSTK> 
[11:03:17.228][admin] PB0 is released
[11:03:17.228][admin] WSTK> 
[11:03:17.230][vcom] {{(appMode)}{Pac
[11:03:17.233][vcom] ketTx:Enabled}{None:Disabled}{Ti
[11:03:17.236][vcom] me:1762234}}
[11:03:17.236][vcom] {{(appMod
[11:03:17.237][vcom] e)}{None:Enabled}{PacketTx:Disab
[11:03:17.241][vcom] led}{Time:1767886}}
[11:03:17.241][vcom] {{(t
[11:03:17.243][vcom] xEnd)}{txStatus:Complete}{transm
[11:03:17.245][vcom] itted:1}{lastTxTime:176779
[11:03:17.249][vcom] 7}{timePos:6}{durationUs:202}{la
[11:03:17.251][vcom] stTxStart:1767595}{ccaSuc
[11:03:17.254][vcom] cess:0}{failed:0}{lastTxStatus:0
[11:03:17.255][vcom] x000000000}{txRemain:0}{is
[11:03:17.260][vcom] Ack:False}}
