[18:38:02.939][admin] WSTK> Toggling reset with 100 ms delay.
[18:38:03.039][admin] WSTK> 
[18:38:03.945][script] [delay 1.5s]
[18:38:04.074][vcom] 
[18:38:04.074][vcom] {{(reset)}{App:RAILtest}{Built:May 19 2026 21:48:48}{Cause:0x500}{Brd:
[18:38:04.079][vcom] BRD4162A}}
[18:38:04.079][vcom] {{(radio)}{FreqHz:38400000}{ModuleInfo:0xffff
[18:38:04.083][vcom] ffff}}
[18:38:04.083][vcom] {{(system)}{Family
[18:38:04.085][vcom] :EFR32XG12}{Fam#:36}{ChipRev:1.1
[18:38:04.090][vcom] }{sdid:84}{Part:0x031c014c}}
[18:38:04.090][vcom] {{(pti)}{mode:2-wire-UART}{
[18:38:04.103][vcom] baud:1600000}{protocol:0}{radioConfig:0x00}}
[18:38:04.103][vcom] > 
[18:38:05.461][vcom] getchannel
[18:38:05.461][vcom] 
[18:38:05.461][vcom] {{(getchanne
[18:38:05.467][vcom] l)}{channel:0}}
[18:38:05.467][vcom] > 
[18:38:05.477][vcom] tx 1
[18:38:05.477][vcom] 
[18:38:05.477][vcom] {{(tx)
[18:38:05.480][vcom] }{PacketTx:Enabled}{None:Disable
[18:38:05.483][vcom] d}{Time:1408087}}
[18:38:05.483][vcom] > {{(a
[18:38:05.486][vcom] ppMode)}{None:Enabled}{PacketTx:
[18:38:05.489][vcom] Disabled}{Time:1413305}}
[18:38:05.489][vcom] {{(txEnd)}{txStatus:Complete}{tr
[18:38:05.491][admin] ------ BOARDID board list ------
[18:38:05.491][vcom] ansmitted:1}{lastTxTime:1
[18:38:05.493][vcom] 413232}{timePos:6}{durationUs:20
[18:38:05.493][admin] 
[18:38:05.496][vcom] 1}{lastTxStart:1413031}{cc
[18:38:05.498][vcom] aSuccess:0}{failed:0}{lastTxStat
[18:38:05.503][vcom] us:0x000000000}{txRemain:
[18:38:05.506][vcom] 0}{isAck:False}}
[18:38:05.554][admin]   [A0h]  BRD4001A   Rev. A01
[18:38:05.554][admin]   [A2h]  BRD4162A   Rev. A01
[18:38:05.554][admin] WSTK> 
[18:38:05.564][admin] PB0 is pressed
[18:38:05.564][admin] WSTK> 
[18:38:05.874][admin] PB0 is released
[18:38:05.874][admin] WSTK> 
[18:38:05.876][vcom] tx 10
[18:38:05.876][vcom] 
[18:38:05.876][vcom] {
[18:38:05.878][vcom] {(appMode)}{PacketTx:Enabled}{No
[18:38:05.882][vcom] ne:Disabled}{Time:1808521}
[18:38:05.887][vcom] }
[18:38:05.887][vcom] > 
[18:38:08.182][vcom] {{(appMode)}{None:Enabled}{PacketTx:Disabled}{Time:4067841}}
[18:38:08.182][vcom] {{(txEnd)}{txStatus:Complete}{transmitted:10}{lastTxTime:4067757}{timePos:6}{durationUs:202}{lastTxStart:4067555}{ccaSuccess:0}{failed:0}{lastTxStatus:0x000000000}{txRemain:0}{isAck:False}}
