[19:06:33.093][admin] WSTK> Toggling reset with 100 ms delay.
[19:06:33.190][admin] WSTK> 
[19:06:34.269][vcom] 
[19:06:34.269][vcom] {{(reset)}{App:RAILtest}{Built:May 19 2026 21:48:48}{Cause:0x500}{Brd:BRD4162A}}
[19:06:34.269][vcom] {{(radio)}{FreqHz:38400000}{ModuleInfo:0xffffffff}}
[19:06:34.269][vcom] {{(system)}{Family:EFR32XG12}{Fam#:36}{ChipRev:1.1}{sdid:84}{Part:0x031c014c}}
[19:06:34.269][vcom] {{(pti)}{mode:2-wire-UART}{baud:1600000}{protocol:0}{radioConfig:0x00}}
[19:06:34.269][vcom] > 
[19:06:35.644][vcom] getchannel
[19:06:35.644][vcom] 
[19:06:35.644][vcom] {
[19:06:35.645][vcom] {(getchannel)}{channel:0}}
[19:06:35.645][vcom] > 
[19:06:35.666][vcom] tx 1
[19:06:35.666][vcom] 
[19:06:35.666][vcom] {{(tx)}{PacketTx:Enabled}{None:Disab
[19:06:35.674][vcom] led}{Time:1448275}}
[19:06:35.674][vcom] > {{(appMode)}{None:Enabled}{PacketTx:Disabled}{Time:1453493}}
[19:06:35.674][vcom] {{(txEnd)}{txStatus:Complete}
[19:06:35.675][script] tx 1 response: {{(tx)}{PacketTx:Enabled}{None:Disabled}{Time:1448275}}
[19:06:35.680][vcom] {transmitted:1}{lastTxTime:1453420}{timePos:6}{durationUs:
[19:06:35.682][vcom] 201}{lastTxStart:1453219}
[19:06:35.691][vcom] {ccaSuccess:0}{failed:0}{lastTxStatus:0x000000000}{txRemain:0}{isAck:False}}
[19:06:35.691][admin] ------ BOARDID board list ------
[19:06:35.724][admin]   [A0h]  BRD4001A   Rev. A01
[19:06:35.724][admin]   [A2h]  BRD4162A   Rev. A01
[19:06:35.724][admin] WSTK> 
[19:06:35.749][admin] PB0 is pressed
[19:06:35.749][admin] WSTK> 
[19:06:36.049][admin] PB0 is released
[19:06:36.049][admin] WSTK> 
[19:06:36.049][vcom] tx 10{{(appMode)}{PacketTx:Enabled}{None:Disabled}{Time:183138
[19:06:36.058][vcom] 8}}
[19:06:36.058][vcom] 
[19:06:36.058][vcom] 
[19:06:36.058][vcom] {{(appMode)}{None:Enabled}{PacketTx:Disabled}{Time:1837099}}
[19:06:36.058][vcom] {{(txEnd)}{txStatus:Complete}{transmitted:1}{
[19:06:36.066][vcom] lastTxTime:1836983}{timePos:6}{durationUs:201}{lastTxStart:1836782}{ccaSuccess:0}{f
[19:06:36.074][vcom] ailed:0}{lastTxStatus:0x000000000}{txRemain:0}{isAck:False
[19:06:36.083][vcom] }}
[19:06:36.083][vcom] > 
[19:06:45.912][vcom] help
[19:06:45.912][vcom] 
[19:06:45.912][vcom] _________________________________
[19:06:45.912][vcom] ____Application_Configuration____
[19:06:45.912][vcom] setEventConfig      Control RAIL events.
[19:06:45.912][vcom]     
[19:06:45.914][vcom]                 [uint32] eventsMask<31:0>
[19:06:45.914][vcom]                     [uint32] eventsValue
[19:06:45.917][vcom] s<31:0>
[19:06:45.917][vcom]                     [uint32opt] eventsMask<63:32>
[19:06:45.917][vcom]                     [uint32opt
[19:06:45.929][vcom] ] eventsValues<63:32>
[19:06:45.929][vcom] resetCounters       Resets the TX and RX counters.
[19:06:45.929][vcom] setPeripheralEnable Control LEDs and LCD
[19:06:45.937][vcom]  peripherals.
[19:06:45.937][vcom]                     [uint8] [0=Disable] 1=Enable
[19:06:45.937][vcom] setNotifications  
[19:06:45.945][vcom]   Control asynchronous status prints (rxPacket,txEnd,txError).
[19:06:45.945][vcom]                     [uint8] 0=Disable [1=Enable]
[19:06:45.945][vcom] g
[19:06:45.954][vcom] etLogLevels        Show whether notifications or peripherals are enabled.
[19:06:45.954][vcom] getVersion     
[19:06:45.962][vcom]      Get version information.
[19:06:45.962][vcom] getVersionVerbose   Get verbose version information.
[19:06:45.962][vcom] setPtiProtocol      Set PTI pr
[19:06:45.970][vcom] otocol for Network Analyzer.
[19:06:45.970][vcom]                     [uint8] 0=Custom 2=Thread 3=BLE 4
[19:06:45.979][vcom] =Connect 5=Zigbee 6=Z-Wave
[19:06:45.979][vcom] getPti              Get PTI configuration.
[19:06:45.979][vcom] setPrintingEnable 
[19:06:45.987][vcom]   Control all printing in RAILtest, except CLI.
[19:06:45.987][vcom]                     [uint8] 0=Disable [1=Enable]
[19:06:45.987][vcom] ________________
[19:06:46.004][vcom] ____________
[19:06:46.004][vcom] ____Receive_and_Transmit____
[19:06:46.004][vcom] rx                  Control receive mode.
[19:06:46.004][vcom]                     [uint8] 
[19:06:46.006][vcom] 0=Disable [1=Enable]
[19:06:46.006][vcom] rxAt                Configure schedu
[19:06:46.029][vcom] led receive.
[19:06:46.029][vcom]                     [uint32] startTimeUs
[19:06:46.029][vcom]                     [string] 'rel'=Relative 'abs'=Absolute
[19:06:46.032][vcom] 
[19:06:46.032][vcom]                     [uint32] endTimeUs
[19:06:46.032][vcom]                     [string] 'rel'=Relative 'abs'=Absolute
[19:06:46.032][vcom]                     [uint8opt] rxTransEndSched: [0]/1
[19:06:46.032][vcom]                     [uint8opt] hardEnd: [0
[19:06:46.039][vcom] ]/1
[19:06:46.039][vcom] setRxOptions        Show/Configure receive options (RAIL_RX_OPTIONs).
[19:06:46.039][vcom]               
[19:06:46.047][vcom]       [uint32opt] rxOptionsValues: bitmask of enabled options
[19:06:46.047][vcom] tx                  Transmit packets with current TX
[19:06:46.064][vcom]  options.
[19:06:46.064][vcom]                     [uint32] number of packets, 0=continuous until next 
[19:06:46.089][vcom] 'tx 0'
[19:06:46.089][vcom] txWithOptions       Same tx command. This command is deprecated.
[19:06:46.089][vcom]                 
[19:06:46.091][vcom]     [uint32] number of packets, 0=continuous until next 'tx 0'
[19:06:46.091][vcom] txAfterRx           Schedule a TX with specified delay after each RX.
[19:06:46.091][vcom]                     [uint32] delayUs: 0=Disable
[19:06:46.091][vcom] configTxOptions     Show/Configure transmit options (RAIL_TX_OPTIONs).
[19:06:46.091][vcom]                     [uint32opt]
[19:06:46.098][vcom]  txOptionsValues: bitmask of enabled options
[19:06:46.098][vcom] setFixedLength      Configure fixed length packet operation.
[19:06:46.098][vcom]        
[19:06:46.106][vcom]              [uint16] fixedLength: payload bytes
[19:06:46.106][vcom] setPower            Set the transm
[19:06:46.122][vcom] it power. The radio must be IDLE.
[19:06:46.122][vcom]                     [int32] power: deci-dBm unless 'raw' is added
[19:06:46.122][vcom]              
[19:06:46.125][vcom]        [stringopt] 'raw'=units are raw power level
[19:06:46.125][vcom] getPo
[19:06:46.128][vcom] wer            Get the transmit power in deci-dBm.
[19:06:46.128][vcom] setPow
[19:06:46.130][vcom] erConfig      Set transmit PA co
[19:06:46.137][vcom] nfiguration. Must use setpower afterwards.
[19:06:46.137][vcom]                     [string] paMode
[19:06:46.137][vcom]                     [uint16] milli
[19:06:46.146][vcom] volts
[19:06:46.146][vcom]                     [uint16] rampTimeUs
[19:06:46.146][vcom] getPowerCo
[19:06:46.155][vcom] nfig      Get the transmit PA configuration.
[19:06:46.155][vcom] getPowerLimits      Get min and max powerLevel for a power mode.
[19:06:46.155][vcom]                     [uint8op
[19:06:46.163][vcom] t] powerMode
[19:06:46.163][vcom] enablePaAutoMode    Control automatic PA selection based on the TX power lev
[19:06:46.172][vcom] el.
[19:06:46.172][vcom]                     [uint8] 0=Disable 1=Enable
[19:06:46.172][vcom] configPaAutoMode    Configure 
[19:06:46.180][vcom] entries in the default PA Auto Mode plugin.
[19:06:46.180][vcom]                     [uint8] start Index
[19:06:46.180][vcom]                     [int32opt
[19:06:46.189][vcom] ] min max mode band: PA auto config entries
[19:06:46.189][vcom] sweepTxPower        Sweep TX power for the cu
[19:06:46.205][vcom] rrent PA by toning at each level.
[19:06:46.205][vcom] offsetLqi           Adjust the hardware's LQI value for received packets.
[19:06:46.205][vcom]                     [int32] offset: signed value to add
[19:06:46.205][vcom]      
[19:06:46.221][vcom]                The resulting LQI is capped within 0..255 range.
[19:06:46.221][vcom] getRssi             Get RSSI in dBm. It'll be inval
[19:06:46.224][vcom] id if receiver isn't ready.
[19:06:46.224][vcom]                     [uint32opt] [0=don't wait] 1=wait for valid RSSI if possible
[19:06:46.224][vcom] swee
[19:06:46.239][vcom] pPower          Sweep power by toning low/high in a square wave fashion.
[19:06:46.239][vcom]                     [int32] lowPower: dec
[19:06:46.241][vcom] i-dBm
[19:06:46.241][vcom]                     [int32] hiPower: deci-dBm
[19:06:46.241][vcom]    
[19:06:46.248][vcom]                  [uint32] periodUs
[19:06:46.248][vcom] startAvgRssi        Start AGC RSSI averaging.
[19:06:46.248][vcom]                     [uint32] aver
[19:06:46.256][vcom] ageTimeUs
[19:06:46.256][vcom]                     [uint16opt] channel: if different than current chann
[19:06:46.265][vcom] el
[19:06:46.265][vcom] getAvgRssi          Get AGC RSSI averaging result.
[19:06:46.265][vcom] setTxTone           Control tone 
[19:06:46.273][vcom] transmission.
[19:06:46.273][vcom]                     [uint32] 0=Disable 1=Enable
[19:06:46.273][vcom]                     [uint32opt] antenna: [0]/1
[19:06:46.273][vcom]    
[19:06:46.289][vcom]                  [uint32opt] mode: [0]/1=phaseNoise
[19:06:46.289][vcom] setTxStream         Control stream transmission.
[19:06:46.289][vcom]             
[19:06:46.291][vcom]         [uint32] 0=Disable 1=Enable
[19:06:46.291][vcom]                     [
[19:06:46.298][vcom] uint32opt] streamMode: [1=PN9] 2=1010 3=phaseNoise 0=tone
[19:06:46.298][vcom]                     [uint32opt] antenna: [0]/1
[19:06:46.298][vcom] status  
[19:06:46.307][vcom]             Print the current status counters.
[19:06:46.307][vcom] fifoStatus
[19:06:46.315][vcom]           Print the current FIFO-related counters.
[19:06:46.315][vcom] setTxHoldOff        Control transmit hold-off (blocking of transmits).
[19:06:46.315][vcom]                 
[19:06:46.331][vcom]     [uint32] 0=Disable 1=Enable
[19:06:46.331][vcom] setTxDelay          Set the inter-packet delay for repeated TX.
[19:06:46.331][vcom]                   
[19:06:46.333][vcom]   [uint32] delayMilliseconds
[19:06:46.333][vcom] getTxDelay          Get the
[19:06:46.340][vcom]  inter-packet millisecond delay for repeated TX.
[19:06:46.340][vcom] setTxPayload        Set TX packet payloa
[19:06:46.349][vcom] d bytes for future transmits.
[19:06:46.349][vcom]                     [uint16] offset
[19:06:46.349][vcom]                     [uint8opt] byte0 byte1 ...
[19:06:46.358][vcom] 
[19:06:46.358][vcom] setTxRandom         Set a specified range of bytes in the Tx packet payload to a
[19:06:46.358][vcom]                     random value
[19:06:46.367][vcom] . Call setTxRandom again to stop randomizing the payload.
[19:06:46.367][vcom]                     [uint16opt] Start Index
[19:06:46.367][vcom]            
[19:06:46.379][vcom]          [uint16opt] End Index
[19:06:46.379][vcom] setTxPayloadQuiet   Like setTxPayload, but less verbose.
[19:06:46.379][vcom]                     [uint
[19:06:46.388][vcom] 16] offset
[19:06:46.388][vcom]                     [uint8opt] byte0 byte1 ...
[19:06:46.388][vcom] setTxLength         Set
[19:06:46.396][vcom]  how much data to load into the TX FIFO for transmitting.
[19:06:46.396][vcom]                     Actual packet length may vary based o
[19:06:46.412][vcom] n radio configuration.
[19:06:46.412][vcom]                     [uint16] lengthBytes
[19:06:46.412][vcom] printTxPacket       Print the current TX payload 
[19:06:46.414][vcom] data and byte length.
[19:06:46.414][vcom] peek                Peek at the st
[19:06:46.420][vcom] art of the receive buffer.
[19:06:46.420][vcom]                     [uint16] bytes: 1-10
[19:06:46.420][vcom]                     [uint16opt] offset: [0]
[19:06:46.429][vcom] getTime             Get the current RAIL time in microseconds.
[19:06:46.429][vcom] setTime             Set the current RAIL time.
[19:06:46.429][vcom]     
[19:06:46.445][vcom]                 [uint32] timeUs
[19:06:46.445][vcom] dataConfig          Control the data methods for TX and RX.
[19:06:46.445][vcom]                     [
[19:06:46.448][vcom] string] txMethod: 'pkt'/'fifo'
[19:06:46.448][vcom]                     [stri
[19:06:46.455][vcom] ng] rxMethod: 'pkt'/'fifo'
[19:06:46.455][vcom]                     [uint8opt] RAIL_RxDataSource_t (>0 needs f
[19:06:46.462][vcom] ifo mode)
[19:06:46.462][vcom]                     [uint8opt] RAIL_TxDataSource_t (>0 needs ping-pong buffer)
[19:06:46.462][vcom] setRxFifo           Set 
[19:06:46.471][vcom] the receive buffer length.
[19:06:46.471][vcom]                     [uint16] lengthBytes: range 64-RX_B
[19:06:46.488][vcom] UFFER_SIZE
[19:06:46.488][vcom] setTxFifo           Set the transmit buffer length.
[19:06:46.488][vcom]                     [uint16] lengthBytes: range 64
[19:06:46.490][vcom] -TX_BUFFER_SIZE, 0 for default size
[19:06:46.490][vcom] setTxFifoThreshold  Set the TX FIFO Almost Empty thre
[19:06:46.496][vcom] shold.
[19:06:46.496][vcom]                     [uint16] thresholdBytes: below which the event triggers
[19:06:46.496][vcom] setRxFifoThreshold  Set the RX
[19:06:46.506][vcom]  FIFO Almost Full threshold.
[19:06:46.506][vcom]                     [uint16] thresholdBytes: above wh
[19:06:46.522][vcom] ich the event triggers
[19:06:46.522][vcom] fifoModeTestOptions Manual control over RAILtest FIFO actions.
[19:06:46.522][vcom]                     [uint8]
[19:06:46.524][vcom]  txFifo: 1=Manual 0=Automatic
[19:06:46.524][vcom]                     [uint8] rxFifo: 1=Manual 0=Automatic
[19:06:46.524][vcom] r
[19:06:46.541][vcom] xFifoManualRead    Read and print bytes from receive FIFO when in manual mode.
[19:06:46.541][vcom]                     [uint8] appende
[19:06:46.544][vcom] dInfo: 1=include packet metadata
[19:06:46.544][vcom]                     [ui
[19:06:46.550][vcom] nt16] bytesToRead
[19:06:46.550][vcom]                     [uint8opt] [0=don't] 1=show timestamps with appendedInfo
[19:06:46.550][vcom] txFifoManualLoad    Try to load data into av
[19:06:46.567][vcom] ailable TX FIFO space.
[19:06:46.567][vcom] fifoReset           Reset the transmit and/or receive FIFO.
[19:06:46.567][vcom]                     [uint8] tx
[19:06:46.569][vcom] : 1=reset TX FIFO
[19:06:46.569][vcom]                     [uint8] rx: 1=reset
[19:06:46.576][vcom]  RX FIFO
[19:06:46.576][vcom] abortRxPacket       Idle the radio shortly after RX sync word detection.
[19:06:46.576][vcom]      
[19:06:46.585][vcom]                [uint32] abortOffsetUs
[19:06:46.585][vcom] printTxAcks         Control printing of TX ACK packets.
[19:06:46.585][vcom]                     
[19:06:46.594][vcom] [uint8] [0=Disable] 1=Enable
[19:06:46.594][vcom] configRxHopping     Configure an RX Channel Hopping sequence.
[19:06:46.594][vcom]                     [u
[19:06:46.612][vcom] int32opt] channel hopMode param delayUs: a hop's config,
[19:06:46.612][vcom]                                 repeat for additional hops ...
[19:06:46.612][vcom]                     Use no arguments to get Z-Wave
[19:06:46.628][vcom]  radio config defaults.
[19:06:46.628][vcom] enableRxHopping     Control RX channel hopping previously configured.
[19:06:46.628][vcom]                     
[19:06:46.630][vcom] [uint8] [0=Disable] 1=Enable
[19:06:46.630][vcom]                     [uint8o
[19:06:46.636][vcom] pt] [0=Continue] 1=Restart sequence
[19:06:46.636][vcom] configRxHoppingOpts Configure options for a hop. Use configRxHopping after.
[19:06:46.636][vcom]  
[19:06:46.653][vcom]                    [uint8] hopIndex
[19:06:46.653][vcom]                     [uint8] options
[19:06:46.653][vcom]                     [int8opt] rssiThresho
[19:06:46.655][vcom] ld: dBm for the threshold option
[19:06:46.655][vcom] configRxMultiHop    Configure multi-sense for a h
[19:06:46.671][vcom] op. Use configRxHopping after.
[19:06:46.671][vcom]                     [uint8] hopIndex
[19:06:46.671][vcom]                     [uint32] syncDetectUs
[19:06:46.671][vcom]    
[19:06:46.673][vcom]                  [uint32] preambleSenseUs
[19:06:46.673][vcom]                     [uint32] timingSenseUs
[19:06:46.673][vcom]   
[19:06:46.681][vcom]                   [uint32] timingReSenseUs
[19:06:46.681][vcom] getRxHoppingRssi    Get the latest RSSI for a hopping channel.
[19:06:46.681][vcom]        
[19:06:46.697][vcom]              [uint8] hopIndex
[19:06:46.697][vcom] spectrumAnalyzer    Hop across a channel range to see the RSSI distribution.
[19:06:46.697][vcom]       
[19:06:46.699][vcom]               [uint8] 1=Show ASCII-Art graph (non-parseabl
[19:06:46.704][vcom] e output)
[19:06:46.704][vcom]                     [uint16opt] minChannel: [0]-65535
[19:06:46.704][vcom]                  
[19:06:46.712][vcom]    [uint16opt] maxChannel: 0-[65535]
[19:06:46.712][vcom]                     
[19:06:46.721][vcom] Channel range is limited by the PHY and by hopping's
[19:06:46.721][vcom]                     MAX_NUMBER_CHANNELS.
[19:06:46.721][vcom] configRxDutyCycle  
[19:06:46.723][vcom]  Configure RX Duty Cycling of the receiver.
[19:06:46.723][vcom]             
[19:06:46.739][vcom]         [uint32] hopMode
[19:06:46.739][vcom]                     [int32] parameter(s) {syncUs preamUs timingUs retimingUs}
[19:06:46.739][vcom]                     [int32] delayUs
[19:06:46.739][vcom]                     [int32opt] 
[19:06:46.747][vcom] options
[19:06:46.747][vcom]                     [int32opt] rssiThreshold: dBm for the threshold option
[19:06:46.747][vcom] enableRxDutyCycle   Control RX duty cycling previously configu
[19:06:46.755][vcom] red.
[19:06:46.755][vcom]                     [uint8] DutyCycling: 0=Disable 1=Enable
[19:06:46.755][vcom]                 
[19:06:46.774][vcom]     [uint8opt] ScheduledWakeup: [0=Disable] 1=Enable
[19:06:46.774][vcom] getDefaultRxDutyCycleConfig Get the default RX duty cycle conf
[19:06:46.780][vcom] iguration.
[19:06:46.780][vcom] setTxAltPreambleLen Set alternate TX preamble length, enabled via txOptions.
[19:06:46.783][vcom] 
[19:06:46.783][vcom]                     [uint16] preambleBits
[19:06:46.783][vcom] configSyncWords     Set sync words and 
[19:06:46.790][vcom] their length. The radio must be off.
[19:06:46.790][vcom]                     [uint8] bits: 2-32
[19:06:46.790][vcom]             
[19:06:46.798][vcom]         [uint32] syncWord1
[19:06:46.798][vcom]                     [uint32opt] syncWord2: [same as syncWord1]
[19:06:46.798][vcom] getSyncWords        Get
[19:06:46.814][vcom]  the sync word length in bits and value(s).
[19:06:46.814][vcom] printRxErrors       Control printing of RX error packets.
[19:06:46.814][vcom]            
[19:06:46.816][vcom]          [uint8] [0=Disable] 1=Enable
[19:06:46.816][vcom] printRxFreqOffsets 
[19:06:46.822][vcom]  Control printing of RX frequency offsets.
[19:06:46.822][vcom]                     [uint8] [0=Disable] 1=Enable
[19:06:46.822][vcom] printDataRates      P
[19:06:46.832][vcom] rint the data rates of the current PHY.
[19:06:46.832][vcom] stopInfinitePream   Stops an infinite prea
[19:06:46.841][vcom] mble transmission.
[19:06:46.841][vcom] ___________________________________
[19:06:46.841][vcom] ____Energy_Modes_and_RF_Sensing_
[19:06:46.858][vcom] ___
[19:06:46.858][vcom] sleep               Sleep until UART input or RF Sensed (if either configured).
[19:06:46.858][vcom]                     [string] e
[19:06:46.860][vcom] nergyMode: 0-4[hs], for EM1P use 2 with radio on
[19:06:46.860][vcom]                     [uint32opt] L
[19:06:46.866][vcom] egacy: RfSenseUs
[19:06:46.866][vcom]                                         RfBand: 0=none,1=GHz,2=MHz,3=both
[19:06:46.866][vcom]                       
[19:06:46.875][vcom]     or Selective: SyncwordBytes Syncword RfBand
[19:06:46.875][vcom] rfsense             Start RfSensing.
[19:06:46.875][vcom]   
[19:06:46.884][vcom]                   [uint32] Legacy: RfSenseUs; Selective: SyncwordBytes
[19:06:46.884][vcom]             
[19:06:46.901][vcom]         [uint32opt] Legacy: RfBand: 0=none,1=GHz,2=MHz,3=both
[19:06:46.901][vcom]                           or Selective: Syncword RfB
[19:06:46.903][vcom] and: as above
[19:06:46.903][vcom] configRfSenseWakeup Configure RFSense Selective Wakeup PHY for transmitting.
[19:06:46.903][vcom] setRfSenseTxPayload Lo
[19:06:46.917][vcom] ad TX FIFO with RfSense Selective(OOK) Mode wake packet.
[19:06:46.917][vcom]                     [uint8] syncwordNumBytes: 1-4
[19:06:46.917][vcom]       
[19:06:46.920][vcom]               [uint32] syncWord: sent from least to most s
[19:06:46.926][vcom] ignificant byte
[19:06:46.926][vcom] _________________________
[19:06:46.926][vcom] ____Address_Filtering____
[19:06:46.926][vcom] configAddressFilter Configure the addresss f
[19:06:46.943][vcom] ilter.
[19:06:46.943][vcom]                     [uint32] matchTable
[19:06:46.943][vcom]                     [uint8opt] offset0 size0 offset1 size1 ...
[19:06:46.943][vcom]                     Enter more offsets and sizes if required.
[19:06:46.943][vcom] setAddressFiltering Control 
[19:06:46.953][vcom] address filtering.
[19:06:46.953][vcom]                     [uint8] 0=Disable 1=Enable
[19:06:46.953][vcom] getAddressFilter
[19:06:46.962][vcom] ing Get the current state of address filtering.
[19:06:46.962][vcom] printAddresses      Print the current ad
[19:06:46.969][vcom] dress filtering addresses.
[19:06:46.969][vcom] setAddress          Set a specific filtering address value.
[19:06:46.969][vcom]                     [uint8
[19:06:46.978][vcom] ] field: 0-1
[19:06:46.978][vcom]                     [uint8] filterIndex: 0-3
[19:06:46.978][vcom]                     [uint8opt] addrByte0 addrByte1 ... 
[19:06:46.995][vcom] addrByte7
[19:06:46.995][vcom] setAddressMask      Set a specific filtering address mask.
[19:06:46.995][vcom]                     [uint8] field: 0-1
[19:06:46.995][vcom]      
[19:06:46.998][vcom]                [uint8opt] bitMask
[19:06:46.998][vcom] setAddressEnable    Control address filtering fo
[19:06:47.004][vcom] r a specific address.
[19:06:47.004][vcom]                     [uint8] field: 0-1
[19:06:47.004][vcom]                     [uint8
[19:06:47.012][vcom] ] filterIndex: 0-3
[19:06:47.012][vcom]                     [uint8] 0=Disable 1=Enable
[19:06:47.012][vcom] _______________
[19:06:47.020][vcom] ___________
[19:06:47.020][vcom] ____Error_Rate_Testing____
[19:06:47.020][vcom] perRx               Start a Packet Error Rate test. 'perRx 0 0' stops test.
[19:06:47.030][vcom] 
[19:06:47.030][vcom]                     [uint32] number of packets
[19:06:47.030][vcom]                     [uint32] delayUs
[19:06:47.030][vcom] p
[19:06:47.038][vcom] erStatus           Get the PER test results. Also see status command.
[19:06:47.038][vcom] setBerConfig        Set number of bytes to r
[19:06:47.047][vcom] eceive in BER mode.
[19:06:47.047][vcom]                     [uint32] number of bytes: 0=maximum (53687
[19:06:47.055][vcom] 0911)
[19:06:47.055][vcom] berRx               Control BER receive mode.
[19:06:47.055][vcom]                     [uint8] 0=Disable 1=Enable
[19:06:47.055][vcom] berStatus    
[19:06:47.064][vcom]        Get status of current or last BER test.
[19:06:47.064][vcom]                     Status is reset by set
[19:06:47.072][vcom] BerConfig and berRx enable.
[19:06:47.072][vcom] _____________________________
[19:06:47.081][vcom] _
[19:06:47.081][vcom] ____Listen_Before_Talk_LBT____
[19:06:47.081][vcom] setLbtMode          Show/Set the LBT mode for transmits.
[19:06:47.081][vcom]                     [s
[19:06:47.089][vcom] tringopt] 'off'/'csma'/'lbt'
[19:06:47.089][vcom] getLbtParams        Get the current LBT parameters.
[19:06:47.089][vcom] setLbtParams        Set LBT para
[19:06:47.098][vcom] meters.
[19:06:47.098][vcom]                     [uint8] minBo
[19:06:47.098][vcom]              
[19:06:47.109][vcom]        [uint8] maxBo
[19:06:47.109][vcom]                     [uint8] tries
[19:06:47.109][vcom]                     [int32] ccaThreshold
[19:06:47.109][vcom]                  
[19:06:47.111][vcom]    [uint16] backoffUs
[19:06:47.111][vcom]                     [uint16] durat
[19:06:47.117][vcom] ionUs
[19:06:47.117][vcom]                     [uint32] timeoutUs
[19:06:47.117][vcom] set802154CcaMode    Set 802.15.4 CCA Mode
[19:06:47.117][vcom]                     [uint
[19:06:47.126][vcom] 8] ccaMode 0=RSSI 1=Signal 2=RSSI|Signal 3=RSSI&Signal 4=A
[19:06:47.134][vcom] lways transmit
[19:06:47.134][vcom] _____________________
[19:06:47.134][vcom] ____802_15_4_Mode____
[19:06:47.134][vcom] enable802154        Configure and enable 802.15.4 mod
[19:06:47.143][vcom] e.
[19:06:47.143][vcom]                     [string] defaultState: 'idle'/'rx'
[19:06:47.143][vcom]                     [uint16] idleToRxUs
[19:06:47.143][vcom]               
[19:06:47.152][vcom]       [uint16] turnaroundTimeUs
[19:06:47.152][vcom]                     [int1
[19:06:47.160][vcom] 6] ackTimeoutUs: to ACK's sync-detect
[19:06:47.160][vcom]                     [uint8opt] defaultFP: [0]/1 Frame Pending for poll ACKs
[19:06:47.168][vcom] 
[19:06:47.168][vcom] list2p4Ghz802154ConfigsList supported 2.4 GHz 802.15.4 configs.
[19:06:47.168][vcom] config2p4GHz802154  Configure the radio for 2.4 G
[19:06:47.177][vcom] Hz 802.15.4.
[19:06:47.177][vcom]                     Use with enable802154.
[19:06:47.177][vcom]                     [uint8opt] [uint8opt] config: see lis
[19:06:47.186][vcom] t2p4Ghz802154Configs (ignores any remaining parameters if 
[19:06:47.194][vcom] > 1)
[19:06:47.194][vcom]                     [uint8opt] coex: [0=Disable] 1=Enable
[19:06:47.194][vcom]                     [uint8opt] fem: [0=Disable] 1=
[19:06:47.203][vcom] Enable
[19:06:47.203][vcom]                     [uint8opt] custom: [0=None] 1=Custom1
[19:06:47.203][vcom]                 
[19:06:47.211][vcom]     [uint8opt] 2mbps: [0=Disable]  1=Enable
[19:06:47.211][vcom] config863MHz802154  Configure the radio for 8
[19:06:47.219][vcom] 63 MHz 802.15.4 GB868.
[19:06:47.219][vcom]                     Use with enable802154.
[19:06:47.219][vcom] config915MHz802154  Configure the radio for 915
[19:06:47.228][vcom]  MHz 802.15.4 GB868.
[19:06:47.228][vcom]                     Use with enable802154.
[19:06:47.228][vcom] set802154e       
[19:06:47.236][vcom]    Configure 802.15.4E options.
[19:06:47.236][vcom]                     [uint32] RAIL_IEEE802154_EOptions_t
[19:06:47.244][vcom] 
[19:06:47.244][vcom] set802154g          Configure 802.15.4G options.
[19:06:47.244][vcom]                     [uint32] RAIL_IEEE802154_GOptions_t
[19:06:47.244][vcom] set8021
[19:06:47.252][vcom] 54FpMode     Control early and data frame pending lookup.
[19:06:47.252][vcom]                     [uint8] early:     [0=Disable] 1=Enab
[19:06:47.262][vcom] le
[19:06:47.262][vcom]                     [uint8] dataframes:[0=Disable] 1=
[19:06:47.269][vcom] Enable
[19:06:47.269][vcom] acceptFrames        Control 802.15.4 frame type acceptance.
[19:06:47.269][vcom]                     [uint8] command: 0=Reject 
[19:06:47.281][vcom] [1=Accept]
[19:06:47.281][vcom]                     [uint8] ack:    [0=Reject] 1=Accept
[19:06:47.281][vcom]                     [uint8] data:    0=Reject 
[19:06:47.289][vcom] [1=Accept]
[19:06:47.289][vcom]                     [uint8] beacon:  0=Reject [1=Accept]
[19:06:47.289][vcom]                     [uint8opt] multipurpose: [
[19:06:47.306][vcom] 0=Reject] 1=Accept
[19:06:47.306][vcom] setPromiscuousMode  Control promiscuous mode.
[19:06:47.306][vcom]                     [uint8] 0=Disable 1=Enable
[19:06:47.308][vcom] setRxToEnhAckTx     Set an RxToTx turnaround time used just for Enh-ACKs.
[19:06:47.308][vcom]         
[19:06:47.315][vcom]             [int32] rxToTxUs (0=same as Imm-ACKs, -1=don't change)
[19:06:47.315][vcom] setPanCoordinator   Control whether node is a P
[19:06:47.323][vcom] AN coordinator.
[19:06:47.323][vcom]                     [uint8] 1=Yes 0=No
[19:06:47.323][vcom] setPanId802154      Set the PAN I
[19:06:47.332][vcom] D for a filtering index.
[19:06:47.332][vcom]                     [uint16] panId
[19:06:47.332][vcom]                     [
[19:06:47.340][vcom] uint8opt] filterIndex: [0]-2
[19:06:47.340][vcom] setShortAddr802154  Set the short address for a filtering i
[19:06:47.348][vcom] ndex.
[19:06:47.348][vcom]                     [uint16] shortAddr
[19:06:47.348][vcom]                     [uint8opt] filte
[19:06:47.356][vcom] rIndex: [0]-2
[19:06:47.356][vcom] setLongAddr802154   Set the long address for a filtering index.
[19:06:47.356][vcom]                     [uint8] longAddr
[19:06:47.365][vcom] _0
[19:06:47.365][vcom]                     [uint8] longAddr_1
[19:06:47.365][vcom]                     [uint8] longAddr_2
[19:06:47.365][vcom]      
[19:06:47.373][vcom]                [uint8] longAddr_3
[19:06:47.373][vcom]                     [uint8] longAddr_4
[19:06:47.373][vcom]                     [uint8] longAddr_5
[19:06:47.382][vcom]                     [uint8] longAddr_6
[19:06:47.382][vcom]                     [uint8] longAddr_7
[19:06:47.382][vcom]    
[19:06:47.391][vcom]                  [uint8opt] filterIndex: [0]-2
[19:06:47.391][vcom] setAddresses802154  Set all 802.15.4 addre
[19:06:47.400][vcom] ss information.
[19:06:47.400][vcom]                     [uint16] panId0
[19:06:47.400][vcom]                     [uint16] shortAddr0
[19:06:47.400][vcom]                     
[19:06:47.409][vcom] [stringopt] longAddr0
[19:06:47.409][vcom]                     [stringopt] panId1 shortAddr1 longAddr1 
[19:06:47.417][vcom] ...
[19:06:47.417][vcom] configRxChannelSwitching802154 Configure RX channel switching for 2.4 GHz 802.15.4
[19:06:47.417][vcom]                     [uint1
[19:06:47.425][vcom] 6] First radio channel
[19:06:47.425][vcom]                     [uint16] Second radio channel
[19:06:47.425][vcom] setDataReqLatency   Set data request eve
[19:06:47.434][vcom] nt processing latency.
[19:06:47.434][vcom]                     [uint32] latencyUs
[19:06:47.434][vcom] set802154PHR        Set PH
[19:06:47.442][vcom] R (first 1, 2 or 4 bytes) in Tx buffer according to
[19:06:47.442][vcom]                       the 'format' input parameter.
[19:06:47.442][vcom]          
[19:06:47.451][vcom]            PHR 'frameLength' field is derived from TxLengt
[19:06:47.459][vcom] h set
[19:06:47.459][vcom]                       previously with 'setTxLength'
[19:06:47.459][vcom]                     For PHR fields info, refer to 802.1
[19:06:47.476][vcom] 5.4 specification.
[19:06:47.476][vcom]                     [uint8] PHR format: 0=misc IEEE802154 modulations, PHR 1byte
[19:06:47.476][vcom]              
[19:06:47.484][vcom]                            1=SUN FSK, PHR 2bytes
[19:06:47.484][vcom]                                         2=SUN OFDM, PHR 4bytes
[19:06:47.484][vcom]  
[19:06:47.486][vcom]                                        3=SUN OQPSK, PHR 4b
[19:06:47.493][vcom] ytes
[19:06:47.493][vcom]                     [uint8opt] For LEG_OQPSK: none
[19:06:47.493][vcom]                          
[19:06:47.501][vcom]       For SUN_FSK  : fcsTtype
[19:06:47.501][vcom]                                For SUN_OFDM : rate
[19:06:47.501][vcom]                                F
[19:06:47.510][vcom] or SUN_OQPSK: spreadingMode
[19:06:47.510][vcom]                     [uint8opt] For LEG_OQPSK: none
[19:06:47.510][vcom]          
[19:06:47.517][vcom]                       For SUN_FSK  : whitening
[19:06:47.517][vcom]                                For SUN_OFDM : scrambler
[19:06:47.517][vcom]           
[19:06:47.527][vcom]                      For SUN_OQPSK: rateMode
[19:06:47.527][vcom] trigModeSwitchTx    Transmit a Mode S
[19:06:47.535][vcom] witch packet then transmit packets on the new PHY with current
[19:06:47.535][vcom]                     TX op
[19:06:47.552][vcom] tions Depending on modeSwitchLife configuration, after all iterations are
[19:06:47.552][vcom]                     done, it either stays
[19:06:47.554][vcom]  on the new PHY or returns to the base PHY.
[19:06:47.554][vcom]                     [uint8] new PhyMod
[19:06:47.561][vcom] eId, i.e. ID of the PHYMode we are switching to
[19:06:47.561][vcom]                     [uint8] number of packets transmitted on the n
[19:06:47.570][vcom] ew PHY
[19:06:47.570][vcom]                     [uint32opt] number of times the sequence -mode switch packet 
[19:06:47.587][vcom] followed by data packets- is
[19:06:47.587][vcom]                     repeated, default is 1 if argument is absent
[19:06:47.587][vcom]                     
[19:06:47.594][vcom] [uint32opt] delayMilliseconds before switching back to base PHY after all packets h
[19:06:47.596][vcom] ave been
[19:06:47.596][vcom]                     transmitted on the new PHY, default is 0 if argument is abs
[19:06:47.604][vcom] ent. Multitimer is
[19:06:47.604][vcom]                     used for delay greater than 0.
[19:06:47.604][vcom] modeSwitchL
[19:06:47.620][vcom] ife      Return to the base PHY after all data packets transmission for TX or after
[19:06:47.620][vcom]                     MODE_SWITC
[19:06:47.623][vcom] H_START event and multitimer expiration after first data packet
[19:06:47.623][vcom]                     recep
[19:06:47.629][vcom] tion on new phy for RX.
[19:06:47.629][vcom]                     [uint8] 0=stay on new PHY (normal Wi-S
[19:06:47.637][vcom] UN FAN behaviour) 1=return to base PHY (special test mode)
[19:06:47.637][vcom] ________________    
[19:06:47.637][vcom] ____BLE_Mode____    
[19:06:47.637][vcom] setBleMode 
[19:06:47.645][vcom]          Control BLE mode.
[19:06:47.645][vcom]                     [uint8] 0=Disable 1=Enable
[19:06:47.645][vcom] getBleMode    
[19:06:47.653][vcom]       Get the current BLE mode.
[19:06:47.653][vcom] setBleChannelParams Configure channel parameters related to BLE.
[19:06:47.653][vcom]                 
[19:06:47.662][vcom]     [uint8] logicalChannel
[19:06:47.662][vcom]                     [uint32opt] accessAddr crcInit disa
[19:06:47.671][vcom] bleWhiten
[19:06:47.671][vcom] setBlePhySwitchToRx Configure BLE PhySwitchToRx parameters. RX is
[19:06:47.671][vcom]                     entered timeDelta
[19:06:47.679][vcom] Us after sync word of received packet.
[19:06:47.679][vcom]                     [uint8] 0=Disable 1=Enable
[19:06:47.679][vcom]   
[19:06:47.688][vcom]                   [uint32opt] phy timeDelta physicalChannel
[19:06:47.688][vcom]                     [u
[19:06:47.695][vcom] int32opt] logicalChannel accessAddr crcInit
[19:06:47.695][vcom]                     [uint32opt] disableWhiten
[19:06:47.695][vcom]                     [ui
[19:06:47.705][vcom] nt32opt] extraDelayUs
[19:06:47.705][vcom] setBleAdvertising   Configure for BLE advertising.
[19:06:47.705][vcom]                
[19:06:47.712][vcom]      [uint8] advChannel: 37-39
[19:06:47.712][vcom] setBle1Mbps         Switch to the 1Mbps BLE PHY.
[19:06:47.712][vcom]                     [uint8opt] 0=
[19:06:47.721][vcom] Legacy 1=Viterbi [chip default]
[19:06:47.721][vcom] setBle2Mbps         Switch to the 2Mbps BLE PHY.
[19:06:47.730][vcom]                     [uint8opt] 0=Legacy 1=Viterbi [chip default]
[19:06:47.730][vcom] setBleCoding        Swit
[19:06:47.738][vcom] ch to a BLE coded PHY.
[19:06:47.738][vcom]                     [uint8] RAIL_BLE_Coding_t value
[19:06:47.738][vcom] setBle
[19:06:47.746][vcom] Simulscan     Switch to a BLE simulscan PHY.
[19:06:47.746][vcom] ___________________ 
[19:06:47.746][vcom] ____Z_Wave_Mode____ 
[19:06:47.746][vcom] setZWaveMode        Show/
[19:06:47.755][vcom] Control Z-Wave mode.
[19:06:47.755][vcom]                     [uint8opt] 0=Disable 1=Enable
[19:06:47.755][vcom]                 
[19:06:47.762][vcom]     [uint8opt] optionsBitmask
[19:06:47.762][vcom] getZWaveMode        Get the current Z-Wave mode.
[19:06:47.762][vcom] setZWaveRegion      Set the Z-Wave 
[19:06:47.772][vcom] region.
[19:06:47.772][vcom]                     [uint8] region: see listZWav
[19:06:47.779][vcom] eRegions
[19:06:47.779][vcom] performZwaveIrcal   Perform IRCAL across all channels of the current Z-Wave region.
[19:06:47.779][vcom]                     [uint8opt] [0=Use cached I
[19:06:47.790][vcom] RCAL values], 1=Force IRCAL
[19:06:47.790][vcom] getZWaveRegion      Get the current Z-Wave region.
[19:06:47.790][vcom] listZWaveRegions    List supported
[19:06:47.802][vcom]  Z-Wave regions.
[19:06:47.802][vcom] getZWaveBaudRate    Get the baudrate of the current Z-Wave channel.
[19:06:47.802][vcom] setZWaveNodeId      Sets Z-W
[19:06:47.811][vcom] ave NodeId.
[19:06:47.811][vcom]                     [uint16] nodeId
[19:06:47.811][vcom] setZWaveHomeId      Sets Z-Wave HomeId a
[19:06:47.819][vcom] nd its hash.
[19:06:47.819][vcom]                     [uint32] homeId
[19:06:47.819][vcom]                     [uint8] hash
[19:06:47.819][vcom] setZWaveOptions     Configure 
[19:06:47.830][vcom] Z-Wave options.
[19:06:47.830][vcom]                     [uint8opt] optionsBi
[19:06:47.832][vcom] tmask
[19:06:47.832][vcom] setZWaveLowPower    Set the transmit power for low-
[19:06:47.836][vcom] power ACKing.
[19:06:47.836][vcom]                     [int32] power: deci-dB
[19:06:47.842][vcom] m unless 'raw' is added
[19:06:47.842][vcom]                     [stringopt] 'raw'=units are raw power level
[19:06:47.842][vcom] getZWaveLowPower    Get th
[19:06:47.852][vcom] e low power values (deci-dBm and raw).
[19:06:47.852][vcom] zwaveReceiveBeam    Run the Z-Wave beam det
[19:06:47.860][vcom] ection algorithm.
[19:06:47.860][vcom] setMfmMode          Set MFM mode to enabled or disabled
[19:06:47.860][vcom]              
[19:06:47.868][vcom]        [uint8] 0=Disable 1=Enable
[19:06:47.868][vcom] getMfmMode          Get the current MFM mod
[19:06:47.868][vcom] __________________  
[19:06:47.868][vcom] ____RAIL_Time
[19:06:47.877][vcom] r____  
[19:06:47.877][vcom] setTimer            Set the RAIL timer timeout.
[19:06:47.877][vcom]                     [uint32] timeout: per mode
[19:06:47.877][vcom]           
[19:06:47.886][vcom]           [string] 'rel'=Relative 'abs'=Absolute
[19:06:47.886][vcom] timerCancel         Cancel the RA
[19:06:47.894][vcom] IL timer if it is active.
[19:06:47.894][vcom] printTimerStats     Print current timer configuration.
[19:06:47.894][vcom] enable
[19:06:47.902][vcom] MultiTimer    Control the multiTimer API.
[19:06:47.902][vcom]                     [uint8] 0=Disable 1=Enable
[19:06:47.902][vcom] setMultiTimer       Set 
[19:06:47.911][vcom] a specific timer timeout.
[19:06:47.911][vcom]                     [uint8] tim
[19:06:47.919][vcom] er: 0..(NUM_MULTI_TIMERS-1)
[19:06:47.919][vcom]                     [uint32] timeout: per mode
[19:06:47.919][vcom]                     [string] 'rel'=Rel
[19:06:47.927][vcom] ative 'abs'=Absolute
[19:06:47.927][vcom] multiTimerCancel    Cancel a specific timer if it is active.
[19:06:47.927][vcom]                     [uint8] tim
[19:06:47.937][vcom] er: 0..(NUM_MULTI_TIMERS-1)
[19:06:47.937][vcom] getMultiTimerStats  Get infor
[19:06:47.944][vcom] mation about a specific timer.
[19:06:47.944][vcom]                     [uint8] timer: 0..(NUM_MULTI_TIMERS-1)
[19:06:47.944][vcom] delayUs             Do 
[19:06:47.953][vcom] a blocking delay for a specified time.
[19:06:47.953][vcom]                     [uint32] delayUs
[19:06:47.953][vcom] _____
[19:06:47.961][vcom] _______________
[19:06:47.961][vcom] ____Auto_ACK_ing____
[19:06:47.961][vcom] autoAckConfig       Configure and enable auto-ACK f
[19:06:47.969][vcom] unctionality.
[19:06:47.969][vcom]                     [string] defaultState: 'idle'/'rx'
[19:06:47.969][vcom]                     [uint16] idleToRxUs
[19:06:47.969][vcom]    
[19:06:47.978][vcom]                  [uint16] turnaroundTimeUs
[19:06:47.978][vcom]                     [uint16] ackTimeoutUs: to ACK's sync-detect
[19:06:47.978][vcom] autoAc
[19:06:47.995][vcom] kDisable      Disable auto-ACK. Use autoAckConfig to reenable.
[19:06:47.995][vcom] setAckPayload      
[19:06:47.997][vcom]  Set the ACK payload to transmit.
[19:06:47.997][vcom]                     [uint16] offset
[19:06:47.997][vcom]                     [uint8opt] byte0 byte1 
[19:06:48.004][vcom] ...
[19:06:48.004][vcom] setAckLength        Set how much data to load into the TXACK FIFO.
[19:06:48.004][vcom]                  
[19:06:48.012][vcom]    [uint16] lengthBytes
[19:06:48.012][vcom] printAckPacket      Print the cu
[19:06:48.020][vcom] rrent TXACK payload data and byte length.
[19:06:48.020][vcom] getAutoAck          Get the current state of auto-ACKing.
[19:06:48.020][vcom] autoAckPause 
[19:06:48.028][vcom]        Pause or Resume auto-ACKing
[19:06:48.028][vcom]                     [uint8] 1=PauseRx 0=ResumeRx
[19:06:48.028][vcom]                     [uint8] 1=
[19:06:48.037][vcom] PauseTx 0=ResumeTx
[19:06:48.037][vcom] setTxAckOptions     Control auto-ACK response for just the next receive.
[19:06:48.037][vcom]                     [
[19:06:48.046][vcom] uint8] 1=cancelAck 0=sendAck
[19:06:48.046][vcom]                     [uint8] 1=useTxBuf 0=useTxAckBuf
[19:06:48.054][vcom] 
[19:06:48.054][vcom] setTxAckDirect      Control direct access to TXACK FIFO (RAIL_GetAutoAckFifo).
[19:06:48.054][vcom]         
[19:06:48.062][vcom]             [uint8] 0=indirect-access 1=direct-access
[19:06:48.062][vcom] ______________________
[19:06:48.062][vcom] ____GPIO_Functions____
[19:06:48.062][vcom] setGpioOutPin
[19:06:48.071][vcom]        Set a GPIO pin data out bit.
[19:06:48.071][vcom]                     
[19:06:48.078][vcom] [string] gpioPort: start from '0' or 'a' or 'A'
[19:06:48.078][vcom]                     [uint8] gpioPin
[19:06:48.078][vcom]                     [uint8] s
[19:06:48.087][vcom] tate: 0/1
[19:06:48.087][vcom] setAntDivPin        Set output pin for antenna diversity.
[19:06:48.087][vcom]                     [uint8] Antenna0 gpioPort
[19:06:48.104][vcom]  (0=A, 1=B, etc.)
[19:06:48.104][vcom]                     [uint8] Antenna0 gpioPin
[19:06:48.104][vcom]                     [uint8] Antenna1 gpioPort (0=A,
[19:06:48.106][vcom]  1=B, etc.)
[19:06:48.106][vcom]                     [uint8] Antenna1 gpioPin
[19:06:48.113][vcom] 
[19:06:48.113][vcom]                     [uint8opt] Antenna0 gpioPin State: 0
[19:06:48.120][vcom] =Disable [1=Enable]
[19:06:48.120][vcom]                     [uint8opt] Antenna1 gpioPin State: 0=Disable [1=Enable]
[19:06:48.120][vcom] _________________
[19:06:48.175][vcom] __________
[19:06:48.175][vcom] ____Diagnostic_and_Test____
[19:06:48.175][vcom] getConfigIndex      Get the index of the current multi-PHY radio config.
[19:06:48.178][vcom]                     See the entries in *channelConfigs[]. Start with index 0.
[19:06:48.178][vcom] setConfigIndex      Activate a multi-PHY radio configuration.
[19:06:48.178][vcom]                     See the entries in *channelConfigs[]. Start with index 0.
[19:06:48.178][vcom]                     [uint8] multiPhyIndex
[19:06:48.178][vcom] setCtune            Set the value of HFXO CTUNE. The radio must be IDLE.
[19:06:48.178][vcom]                     [uint16] ctune
[19:06:48.178][vcom] getCtune            Get the value of HFXO CTUNE
[19:06:48.178][vcom] setCtuneDelta       Set the value of HFXO CTUNE delta
[19:06:48.178][vcom]                     [uint16] delta
[19:06:48.178][vcom] getC
[19:06:48.190][vcom] tuneDelta       Get the value of HFXO CTUNE delta
[19:06:48.190][vcom] setPaCtune          Set the PACTUNE value for TX and RX.
[19:06:48.190][vcom]                     [uint8] txPaCtune
[19:06:48.190][vcom]                     [uint
[19:06:48.199][vcom] 8] rxPaCtune
[19:06:48.199][vcom] enablePaCal         Control PA power calibration.
[19:06:48.199][vcom]                     [uint8] 0=Disable 1=Enable
[19:06:48.199][vcom] se
[19:06:48.225][vcom] tDebugSignal      Configure chip specific debug output.
[19:06:48.225][vcom]                     Use 'setDebugSignal help me' for more details.
[19:06:48.225][vcom]                     [string] pin
[19:06:48.225][vcom]               
[19:06:48.228][vcom]       [string] signal
[19:06:48.228][vcom]                     [uint16opt] signalOptions
[19:06:48.228][vcom] setDebugMode        Control Debug mode which 
[19:06:48.233][vcom] allows freqOverride.
[19:06:48.233][vcom]                     [uint32] 0=Disable 1=Enable
[19:06:48.233][vcom] freqOverride        Set the radio frequency.
[19:06:48.242][vcom]  Requires debug mode.
[19:06:48.242][vcom]                     [uint32] freqH
[19:06:48.250][vcom] z: Only small deviations from the
[19:06:48.250][vcom]                                      current configuration are supported.
[19:06:48.250][vcom] config
[19:06:48.266][vcom] DirectMode    Configure direct mode
[19:06:48.266][vcom]                     [uint8] syncRx: 0=Disable 1=Enable
[19:06:48.266][vcom]                     [u
[19:06:48.268][vcom] int8] syncTx: 0=Disable 1=Enable
[19:06:48.268][vcom]                     [uint8] doutPort
[19:06:48.268][vcom]            
[19:06:48.272][vcom]          [uint8] doutPin
[19:06:48.272][vcom]                     [uint8] dcl
[19:06:48.289][vcom] kPort
[19:06:48.289][vcom]                     [uint8] dclkPin
[19:06:48.289][vcom]                     [uint8] dinPort
[19:06:48.289][vcom]          
[19:06:48.291][vcom]            [uint8] dinPin
[19:06:48.291][vcom]                     [uint8opt] doutLoc
[19:06:48.291][vcom]                     [uint8opt] dclkLoc
[19:06:48.291][vcom]         
[19:06:48.297][vcom]             [uint8opt] dinLoc
[19:06:48.297][vcom] directMode          Control direct mode.
[19:06:48.297][vcom]                     [uint8] 0=Disable 1=En
[19:06:48.314][vcom] able
[19:06:48.314][vcom] directTx            Control TX in direct mode.
[19:06:48.314][vcom]     
[19:06:48.316][vcom]                 [uint8] 0=Disable 1=Enable
[19:06:48.316][vcom] txCancel            Start a TX that will be cancelled.
[19:06:48.316][vcom]                
[19:06:48.323][vcom]      [int32] delayUs: when to cancel it
[19:06:48.323][vcom]                     [uint8opt] stopMode: [0=RAIL_IDLE_ABORT] 1-3=RAIL_Stop
[19:06:48.341][vcom] Mode_t
[19:06:48.341][vcom]                                          4-7=4+RAI
[19:06:48.343][vcom] L_IdleMode_t
[19:06:48.343][vcom] getRandom           Get random data from the radio.
[19:06:48.343][vcom]                     [uint16] lengthBytes
[19:06:48.343][vcom]       
[19:06:48.349][vcom]               [uint8opt] [0=show them] 1=hide them
[19:06:48.349][vcom] setTxUnderflow      Control TX underflows by not loading the TX
[19:06:48.366][vcom]  FIFO.
[19:06:48.366][vcom]                     [uint8] 1=Force underflows 0=Disable
[19:06:48.366][vcom] setRxOverflow       Control RX overflows by delay
[19:06:48.368][vcom] ing in the event handler.
[19:06:48.368][vcom]                     [uint8] 0=D
[19:06:48.371][vcom] isable 1=Enable
[19:06:48.371][vcom]                     [uint32opt] delayUs:
[19:06:48.384][vcom]  [0]
[19:06:48.384][vcom] setCalibrations     Control calibrations.
[19:06:48.384][vcom]                     [uint8] 0=Disable 1=Enable
[19:06:48.384][vcom] setTxTransitions    Set the TX state transitions.
[19:06:48.384][vcom]                     [stri
[19:06:48.392][vcom] ng] txSuccess: 'idle'/'rx'
[19:06:48.392][vcom]                     [string] 
[19:06:48.401][vcom] txError: 'idle'/'rx'
[19:06:48.401][vcom] setRxTransitions    Set the RX state transitions.
[19:06:48.401][vcom]                     [string] rxSuccess: 'id
[19:06:48.409][vcom] le'/'rx'/'tx'
[19:06:48.409][vcom]                     [string] rxError: 'idle'/'rx'/'tx'
[19:06:48.409][vcom] getTxTransitions    Get the TX state transit
[19:06:48.412][vcom] ions.
[19:06:48.412][vcom] getRxTransitions  
[19:06:48.415][vcom]   Get the RX state transitions.
[19:06:48.415][vcom] setNextTxRepeat     Set n
[19:06:48.419][vcom] ext transmit's automatic repeat 
[19:06:48.427][vcom] count.
[19:06:48.427][vcom]                     [uint16] number of auto-repeated transmits after the fi
[19:06:48.436][vcom] rst
[19:06:48.436][vcom]                     [uint32opt] delayUs inter-transmit or hop delay
[19:06:48.436][vcom]                     [uint32opt] channel (
[19:06:48.444][vcom] if hopping)
[19:06:48.444][vcom]                     repeat delayUs and channel for additional hops.
[19:06:48.444][vcom] configTx
[19:06:48.453][vcom] RepeatStartToStartSet tx repeat option to have tx repeats delaying from start of tx to start of tx.
[19:06:48.453][vcom]               
[19:06:48.462][vcom]       [uint8] 0 to disable, 1 to enable
[19:06:48.462][vcom] setNextBleTxRepe
[19:06:48.465][vcom] at  Set next transmit's automatic repeat count.
[19:06:48.465][vcom]          
[19:06:48.470][vcom]            [uint16] number of auto-repeated transmits afte
[19:06:48.479][vcom] r the first
[19:06:48.479][vcom]                     [uint32opt] delayUs inter-transmit or hop delay
[19:06:48.479][vcom]                     [uint32opt] p
[19:06:48.497][vcom] hy railChannel logicalChannel accessAddress
[19:06:48.497][vcom]                     (a hop's config, repeat from delayUs for additiona
[19:06:48.499][vcom] l hops)
[19:06:48.499][vcom] setTxTimePos        Set desired TX timestamp position.
[19:06:48.499][vcom]                   
[19:06:48.505][vcom]   [uint8] RAIL_PacketTimePosition_t
[19:06:48.505][vcom] setRxTimePos        Set desired RX timestamp position.
[19:06:48.505][vcom]                     [u
[19:06:48.514][vcom] int8] RAIL_PacketTimePosition_t
[19:06:48.514][vcom] setTimings          Set RAIL state transition timings (us
[19:06:48.522][vcom] e -1 to keep same).
[19:06:48.522][vcom]                     [int32] idleToRx
[19:06:48.530][vcom] Us
[19:06:48.530][vcom]                     [int32] txToRxUs
[19:06:48.530][vcom]                     [int32] idleToTxUs
[19:06:48.530][vcom]                     [int32opt] rx
[19:06:48.539][vcom] ToTxUs [0]
[19:06:48.539][vcom]                     [int32opt] rxSearchTimeoutUs [0]
[19:06:48.539][vcom]                     [int32opt] txToRxSearchTimeout
[19:06:48.547][vcom]  [0]
[19:06:48.547][vcom]                     [int32opt] txToTx [0]
[19:06:48.547][vcom] forceAssert         Force a RAIL assert with the given error code.
[19:06:48.573][vcom] 
[19:06:48.573][vcom]                     [uint32] RAIL_AssertErrorCodes_t
[19:06:48.573][vcom] g
[19:06:48.575][vcom] etAppMode          Get the current RAILtest AppMode_t mode.
[19:06:48.575][vcom] getRadioState       Get the current RAIL_RadioState_t radio state.
[19:06:48.575][vcom] verifyRadio         Verify radio memory contents.
[19:06:48.575][vcom]                     [uint32] durationUs: time limi
[19:06:48.582][vcom] t
[19:06:48.582][vcom]                     [uint8] 0=Resume if previously didn't finish 1=Restart
[19:06:48.582][vcom]                     [uint8] 0=current
[19:06:48.591][vcom]  radio config 1=external radio config
[19:06:48.591][vcom]                   
[19:06:48.598][vcom]   [uint8] 0=No callback 1=Use RAILCb_ConfigVerification
[19:06:48.598][vcom] getChannel          Get the current radio channel.
[19:06:48.598][vcom] setCha
[19:06:48.616][vcom] nnel          Set the radio channel.
[19:06:48.616][vcom]                     [uint16] channel
[19:06:48.616][vcom] setPktOffsetInTxFifo Set the offset in 
[19:06:48.619][vcom] number of bytes of the Tx Data in Tx Fifo.
[19:06:48.619][vcom]                     [uint16opt] Offset i
[19:06:48.625][vcom] n number of  bytes. If no parameter specified, command returns current active Offset
[19:06:48.625][vcom] res
[19:06:48.633][vcom] et               Perform a reboot of the chip.
[19:06:48.633][vcom] writeRmrStructure   Reserved for Si
[19:06:48.641][vcom] mplicity Studio use only.
[19:06:48.641][vcom]                     [uint8] 
[19:06:48.641][vcom]                     [uint16] 
[19:06:48.641][vcom]                     [uint8]
[19:06:48.650][vcom]  
[19:06:48.650][vcom]                     [uint32opt] 
[19:06:48.650][vcom] updateConfigPtr     Reserved for Simplicity Studio us
[19:06:48.658][vcom] e only.
[19:06:48.658][vcom]                     [uint8] 
[19:06:48.658][vcom]                     [uint16] 
[19:06:48.658][vcom]                     [uint8] 
[19:06:48.658][vcom] reconfigureMode
[19:06:48.667][vcom] m    Reserved for Simplicity Studio use only.
[19:06:48.667][vcom] printEvents         Show/Configure p
[19:06:48.675][vcom] rinting of RAIL events as they occur.
[19:06:48.675][vcom]                     [uint32opt] printEvents<31:0> p
[19:06:48.683][vcom] rintEvents<63:32>
[19:06:48.683][vcom]                     [uint32opt] mask<31:0> mask<63:32>
[19:06:48.683][vcom] printChipFeatures   Display RAIL feature
[19:06:48.692][vcom] s supported at compile and runtime.
[19:06:48.692][vcom] getmemw             Read count 32-bit words st
[19:06:48.700][vcom] arting at address.
[19:06:48.700][vcom]                     [uint32] address
[19:06:48.700][vcom]                     [uint32opt] 
[19:06:48.708][vcom] count
[19:06:48.708][vcom] setmemw             Write 32-bit values starting at address.
[19:06:48.708][vcom]                     [uint32] address
[19:06:48.708][vcom]         
[19:06:48.717][vcom]             [uint32opt] value0 value1 ...
[19:06:48.717][vcom] throughput          Throughput test.
[19:06:48.717][vcom]   
[19:06:48.725][vcom]                   [uint32] number of packets
[19:06:48.725][vcom] setRssiOffset       Sets the RSSI offset.
[19:06:48.725][vcom]                     [int32
[19:06:48.734][vcom] ] offsetDbm
[19:06:48.734][vcom] getRssiOffset       Gets the RSSI offset(s) in dBm.
[19:06:48.734][vcom]                     [uin
[19:06:48.743][vcom] t8opt] [0=radio and protocol-specific] 1=radio only
[19:06:48.743][vcom] setRssiDetectThresholdSets the RSSI detect threshold.
[19:06:48.743][vcom]        
[19:06:48.751][vcom]              [int8] RSSI detect threshold (in dBm). (-128 disables detection)
[19:06:48.751][vcom] getRssiDetectThresholdGets the RSSI 
[19:06:48.760][vcom] detect threshold(in dBm).
[19:06:48.760][vcom] txAt                Transmit a
[19:06:48.772][vcom]  packet at a certain time.
[19:06:48.772][vcom]                     [uint32] time: per mode
[19:06:48.772][vcom]                     [stringopt] ['abs'=Abso
[19:06:48.780][vcom] lute] 'rel'=Relative
[19:06:48.780][vcom]                     [stringopt] 'abort' RX if TX occurs during packet RX
[19:06:48.780][vcom]                    
[19:06:48.788][vcom]                  otherwise TX is delayed to end of RX
[19:06:48.788][vcom] setFreqOffset       Get/Set the frequency offset adjustment.
[19:06:48.797][vcom] 
[19:06:48.797][vcom]                     [int32opt] RAIL_FrequencyOffset_t
[19:06:48.797][vcom] holdRx              Control holding of received packets.
[19:06:48.806][vcom]                     [uint8] [0=Process packets immediately] 1=Hold packets
[19:06:48.806][vcom] wait                Suspend processing 
[19:06:48.815][vcom] of CLI input for a while.
[19:06:48.815][vcom]                     [uint32] wa
[19:06:48.823][vcom] itTimeUs
[19:06:48.823][vcom]                     [stringopt] ['rel'=Relative] 'abs'=Absolute
[19:06:48.823][vcom] clearScript         Clear the script ent
[19:06:48.841][vcom] ered via enterScript.
[19:06:48.841][vcom]                     [uint8opt] [0=RAM] 1=Flash
[19:06:48.841][vcom] printScript         Print the script entered
[19:06:48.843][vcom]  via enterScript.
[19:06:48.843][vcom]                     [uint8opt] [0=RAM] 
[19:06:48.850][vcom] 1=Flash
[19:06:48.850][vcom] enterScript         Enter script entry mode.
[19:06:48.850][vcom]                     Conclude
[19:06:48.857][vcom]  entry mode with text 'endScript'.
[19:06:48.857][vcom]                     [uint8opt] [0=RAM] 1=Flash-script will run on boot
[19:06:48.857][vcom] runScri
[19:06:48.866][vcom] pt           Run the script entered via enterScript.
[19:06:48.866][vcom]                     [uint8opt] [0=R
[19:06:48.874][vcom] AM] 1=Flash-script will run on boot
[19:06:48.874][vcom] setRetimeOption     Control retime options.
[19:06:48.874][vcom]                     [uint8] option
[19:06:48.882][vcom] BitMask: 1=HFXO | 2=HFRCO | 4=DCDC | 8=LCD
[19:06:48.882][vcom] enable802154SignalIdentifier Enable Signal Identifier 2.4Ghz 802.15.4 s
[19:06:48.892][vcom] ignal detection
[19:06:48.892][vcom]                     [uint8] 0=Disable 1=Enable
[19:06:48.892][vcom] enableBleSignalIde
[19:06:48.900][vcom] ntifier Enable Signal Identifier for BLE signal detection
[19:06:48.900][vcom]                     [uint8] Mo
[19:06:48.908][vcom] de 0=Disable 1=BLE1Mbps 2=BLE2Mbps
[19:06:48.908][vcom] getChannelConfigEntry   Get the maximum valid channelConfig index, the maximum
[19:06:48.917][vcom]                     valid channelConfigEntry index in the selected channelConfig
[19:06:48.917][vcom]  
[19:06:48.926][vcom]                    and the parameters of the selected channelConfigEntry
[19:06:48.926][vcom]                     [uint8] channelConfig
[19:06:48.934][vcom]  index
[19:06:48.934][vcom]                     [uint8] channelConfigEntry index
[19:06:48.934][vcom] deinitProtocol      Deinit 
[19:06:48.951][vcom] the current protocol (BLE, 802.15.4, Z-Wave)
[19:06:48.951][vcom] enableCacheSynthCal Sequencer will start caching the calibration valu
[19:06:48.953][vcom] es on next
[19:06:48.953][vcom]                     state transition and use t
[19:06:48.959][vcom] hem instead of calibrating again
[19:06:48.959][vcom]                     for future state transitions. Recalibration will occur when
[19:06:48.967][vcom]                     needed (eg. protocol change, temperature change)
[19:06:48.967][vcom]                     [uint8] 0=Disable 1=Enabl
[19:06:48.976][vcom] e
[19:06:48.976][vcom] getWhiteningInitVal Returns the whitening initialization value.
[19:06:48.976][vcom] getCrcInitVal  
[19:06:48.993][vcom]      Returns the CRC initialization value.
[19:06:48.993][vcom] setWhiteningInitVal Set the whitening initialization value.
[19:06:48.993][vcom]            
[19:06:48.995][vcom]          [uint16] Whitening initialization value.
[19:06:48.995][vcom] setCrc
[19:06:49.001][vcom] InitVal       Set the CRC initialization value.
[19:06:49.001][vcom]                     [uint32] CRC initiali
[19:06:49.009][vcom] zation value.
[19:06:49.009][vcom] resetWhiteningInitValReset the whitening initialization value to it's
[19:06:49.009][vcom]                     original 
[19:06:49.018][vcom] setting from the Radio Configurator.
[19:06:49.018][vcom] resetCrcInitVal     Reset the CRC initialization value to it's
[19:06:49.018][vcom]              
[19:06:49.026][vcom]        original setting from the Radio Configurator.
[19:06:49.026][vcom] > 
