[11:39:49.536][admin] WSTK> 
[11:39:49.538][admin] Toggling reset with 100 ms delay.
[11:39:49.639][admin] WSTK> 
[11:39:50.541][script] [delay 1.5s]
[11:39:50.715][vcom] 
[11:39:50.715][vcom] {{(reset)}{App:RAILtest}{Built:May 19 2026 21:48:48}{Cause:0x500}{Brd:BRD4162A}}
[11:39:50.715][vcom] {{(radio)}{FreqHz:38400000}{ModuleInfo:0xffffffff}}
[11:39:50.715][vcom] {{(system)}{Family:EFR32XG12}{Fam#:36}{ChipRev:1.1}{sdid:84}{
[11:39:50.717][vcom] Part:0x031c014c}}
[11:39:50.717][vcom] {{(pti)}{mode:2-wire-UART}{baud:1600000}{protocol:0}{radioConfig:0x00}}
[11:39:50.717][vcom] > 
[11:39:52.062][vcom] getchannel
[11:39:52.062][vcom] 
[11:39:52.062][vcom] {{(getchannel)}{cha
[11:39:52.067][vcom] nnel:0}}
[11:39:52.067][vcom] > 
[11:39:52.077][vcom] tx 1
[11:39:52.077][vcom] 
[11:39:52.077][vcom] {{(tx)}{PacketTx:Enabled}{None
[11:39:52.079][vcom] :Disabled}{Time:1407025}}
[11:39:52.079][vcom] > {{(
[11:39:52.082][vcom] appMode)}{None:Enabled}{P
[11:39:52.085][vcom] acketTx:Disabled}{Time:1412243}}
[11:39:52.086][admin] ------ BOARDID board list ------
[11:39:52.089][vcom] 
[11:39:52.089][vcom] {{(txEnd)}{txStatus:Com
[11:39:52.091][vcom] plete}{transmitted:1}{lastTxTime
[11:39:52.092][vcom] :1412170}{timePos:6}{durat
[11:39:52.096][vcom] ionUs:201}{lastTxStart:1411969}{
[11:39:52.097][vcom] ccaSuccess:0}{failed:0}{l
[11:39:52.100][vcom] astTxStatus:0x000000000}{txRemai
[11:39:52.101][vcom] n:0}{isAck:False}}
[11:39:52.121][admin]   [A0h]  BRD4001A   Rev. A01
[11:39:52.121][admin]   [A2h]  BRD4162A   Rev. A01
[11:39:52.121][admin] WSTK> 
[11:39:52.125][admin] PB0 is pressed
[11:39:52.125][admin] WSTK> 
[11:39:52.434][admin] PB0 is released
[11:39:52.434][admin] WSTK> 
[11:39:52.437][vcom] {{(appMode)}{
[11:39:52.440][vcom] PacketTx:Enabled}{None:Disabled}
[11:39:52.442][vcom] {Time:1768529}}
[11:39:52.442][vcom] {{(ap
[11:39:52.444][vcom] pMode)}{None:Enabled}{PacketTx:D
[11:39:52.446][vcom] isabled}{Time:1774180}}
[11:39:52.446][vcom] {
[11:39:52.449][vcom] {(txEnd)}{txStatus:Complete}{tra
[11:39:52.451][vcom] nsmitted:1}{lastTxTime:17
[11:39:52.453][vcom] 74091}{timePos:6}{durationUs:202
[11:39:52.456][vcom] }{lastTxStart:1773889}{cca
[11:39:52.458][vcom] Success:0}{failed:0}{lastTxStatu
[11:39:52.461][vcom] s:0x000000000}{txRemain:0
[11:39:52.466][vcom] }{isAck:False}}
