[18:46:35.126][admin] WSTK> Toggling reset with 100 ms delay.
[18:46:35.220][admin] WSTK> 
[18:46:36.382][vcom] 
[18:46:36.382][vcom] {{(reset)}{App:RAILtest}{Built:May 19 2026 21:48:48}{Cause:0x500}{Brd:BRD4162A}}
[18:46:36.382][vcom] {{(radio)}
[18:46:36.384][vcom] {FreqHz:38400000}{ModuleInfo:0xffffffff}}
[18:46:36.384][vcom] {{(system)}{Family:EFR32XG12}{Fam#:36}{ChipRev:1.1}{sdid:84}{Part:0x031c014c}}
[18:46:36.384][vcom] {{(pti)}{mode:2-wire-UART}{baud:1600000}{protocol:0}{radioConfig:0x00}}
[18:46:36.384][vcom] > 
[18:46:37.650][vcom] getchannel
[18:46:37.650][vcom] 
[18:46:37.650][vcom] {{(getchannel)}{channel:0}}
[18:46:37.675][vcom] 
[18:46:37.675][vcom] > 
[18:46:37.695][vcom] tx 1
[18:46:37.695][vcom] 
[18:46:37.695][vcom] {{(tx)}{PacketTx:Enabled}{None:D
[18:46:37.703][vcom] isabled}{Time:1445601}}
[18:46:37.703][vcom] > {{(appMode)}{None:Enabled}{Pack
[18:46:37.713][vcom] etTx:Disabled}{Time:1450819}}
[18:46:37.713][vcom] {{(txEnd)}{txStatus:Complete}{transmitted:1}{lastTxTime:1450746}{timePos:6}{durationUs:201}{lastTxStart:1450
[18:46:37.732][vcom] 545}{ccaSuccess:0}{failed:0}{lastTxStatus:0x000000000}{txRemain:0}{isAck:False}}
[18:46:37.761][admin] ------ BOARDID board list ------
[18:46:37.806][admin]   [A0h]  BRD4001A   Rev. A01
[18:46:37.806][admin]   [A2h]  BRD4162A   Rev. A01
[18:46:37.806][admin] WSTK> 
[18:46:37.824][admin] PB0 is pressed
[18:46:37.824][admin] WSTK> 
[18:46:38.140][admin] PB0 is released
[18:46:38.140][admin] WSTK> 
[18:46:38.141][vcom] tx 10
[18:46:38.141][vcom] 
[18:46:38.141][vcom] {{(appMode)}{PacketTx:Ena
[18:46:38.149][vcom] bled}{None:Disabled}{Time:1891257}}
[18:46:38.149][vcom] > 
[18:46:40.478][vcom] {{(appMode)}{None:Enabled}{PacketTx:Disabled}{Time:41505
[18:46:40.480][vcom] 93}}
[18:46:40.480][vcom] {{(txEnd)}{txStatus:Complete}{transmitted:10}{lastTxTime:4150509}{timePos:6}{durationUs:201}{lastTxStart:4150308}{ccaSuccess:0}{failed:0}{lastTxStatus:0x000000000}{txRemain:0}{isAck:False}}
