[18:32:54.834][admin] WSTK> 
[18:32:54.837][admin] Toggling reset with 100 ms delay.
[18:32:54.935][admin] WSTK> 
[18:32:55.838][script] [delay 1.5s]
[18:32:56.130][vcom] 
[18:32:56.130][vcom] {{(reset)}{App:RAILtest}{Built:May 19 2026 21:48:48}{Cause:0x500}{Brd:BRD4162A}}
[18:32:56.130][vcom] {{(radio)}{FreqHz:3840
[18:32:56.132][vcom] 0000}{ModuleInfo:0xffffffff}}
[18:32:56.132][vcom] {{(system)}{Family:EFR32XG12}{Fam#:36}{ChipRev:1.1}{sdid:84}{Part:0x031c014c}}
[18:32:56.132][vcom] {{(pti)}{mode:2-wire-UART}{baud:1600000}{protocol:0}{radioConfig:0x00}}
[18:32:56.132][vcom] > 
[18:32:57.362][vcom] getchannel
[18:32:57.362][vcom] 
[18:32:57.362][vcom] {{(getchannel
[18:32:57.367][vcom] )}{channel:0}}
[18:32:57.367][vcom] > 
[18:32:57.376][vcom] tx 1
[18:32:57.376][vcom] 
[18:32:57.376][vcom] {{(tx)}{PacketT
[18:32:57.380][vcom] x:Enabled}{None:Disabled}{Time:1
[18:32:57.384][vcom] 410343}}
[18:32:57.384][vcom] > {{(appMode)}{None:Enabled}{PacketTx:Disabled
[18:32:57.389][vcom] }{Time:1415561}}
[18:32:57.389][vcom] {{(txEnd)}{txStatus:Complete}{transmitte
[18:32:57.391][admin] ------ BOARDID board list ------
[18:32:57.394][vcom] d:1}{lastTxTime:1415488}{t
[18:32:57.396][vcom] imePos:6}{durationUs:201}{lastTx
[18:32:57.399][vcom] Start:1415287}{ccaSuccess
[18:32:57.401][vcom] :0}{failed:0}{lastTxStatus:0x000
[18:32:57.403][vcom] 000000}{txRemain:0}{isAck:
[18:32:57.407][vcom] False}}
[18:32:57.431][admin]   [A0h]  BRD4001A   Rev. A01
[18:32:57.431][admin]   [A2h]  BRD4162A   Rev. A01
[18:32:57.431][admin] WSTK> 
[18:32:57.437][admin] PB0 is pressed
[18:32:57.437][admin] WSTK> 
[18:32:57.751][admin] PB0 is released
[18:32:57.751][admin] WSTK> 
[18:32:57.756][vcom] tx 10{{(appMode)}{PacketTx:Enabl
[18:32:57.758][vcom] ed}{None:Disabled}{Tim
[18:32:57.761][vcom] e:1787366}}
[18:32:57.761][vcom] 
[18:32:57.761][vcom] 
[18:32:57.761][vcom] {{(appMode)}{Non
[18:32:57.763][vcom] e:Enabled}{PacketTx:Disab
[18:32:57.766][vcom] led}{Time:1793055}}
[18:32:57.766][vcom] {{(txEnd)}{
[18:32:57.768][vcom] txStatus:Complete}{transmi
[18:32:57.771][vcom] tted:1}{lastTxTime:1792939}{time
[18:32:57.773][vcom] Pos:6}{durationUs:202}{la
[18:32:57.776][vcom] stTxStart:1792737}{ccaSuccess:0}
[18:32:57.779][vcom] {failed:0}{lastTxStatus:0x
[18:32:57.780][vcom] 000000000}{txRemain:0}{isAck:Fal
[18:32:57.783][vcom] se}}
[18:32:57.783][vcom] > 
