# Run: 68504ef5
# Serial: 440114849
# Scenario: /Users/jerome/travail/mylab/scenari/railtest
# Started: 2026-05-25T21:59:54.517156
# ============================================================

[22:00:00.819][flash] /Users/jerome/.silabs/slt/installs/archive/Commander.app/Contents/MacOS/commander device masserase --ip 192.168.0.94
[22:00:00.819][flash] /Users/jerome/.silabs/slt/installs/archive/Commander.app/Contents/MacOS/commander flash /Users/jerome/travail/mylab/scenari/railtest/rail_soc_railtest_4162A.s37 --ip 192.168.0.94
[22:00:00.847][admin] WSTK> Toggling reset with 100 ms delay.
[22:00:00.948][admin] WSTK> 
[22:00:01.850][script] [delay 1.5s]
[22:00:01.983][vcom] 
[22:00:01.983][vcom] {{(reset)}{App:RAILtest}{Built:May 19
[22:00:01.984][vcom]  2026 21:48:48}{Cause:0x500}{Brd
[22:00:01.988][vcom] :BRD4162A}}
[22:00:01.988][vcom] {{(radio)}{Fr
[22:00:01.989][vcom] eqHz:38400000}{ModuleInfo:0xffff
[22:00:01.993][vcom] ffff}}
[22:00:01.993][vcom] {{(system)}{Family
[22:00:01.995][vcom] :EFR32XG12}{Fam#:36}{ChipRev:1.1
[22:00:01.997][vcom] }{sdid:84}{Part:0x031c014
[22:00:02.001][vcom] c}}
[22:00:02.001][vcom] {{(pti)}{mode:2-wire-UART}{
[22:00:02.002][vcom] baud:1600000}{protocol:0}{
[22:00:02.006][vcom] radioConfig:0x00}}
[22:00:02.006][vcom] > 
[22:00:03.368][vcom] getchannel
[22:00:03.368][vcom] 
[22:00:03.368][vcom] {{(getchannel)}{channel:0}
[22:00:03.372][vcom] }
[22:00:03.372][vcom] > 
[22:00:03.381][vcom] tx 1
[22:00:03.381][vcom] 
[22:00:03.381][vcom] {{(tx)}{PacketTx:Ena
[22:00:03.383][vcom] bled}{None:Disabled}{Time:140189
[22:00:03.386][vcom] 4}}
[22:00:03.386][vcom] > {{(appMode)}{None:
[22:00:03.388][vcom] Enabled}{PacketTx:Disabled}{Time
[22:00:03.391][admin] ------ BOARDID board list ------
[22:00:03.392][vcom] :1407113}}
[22:00:03.392][vcom] {{(txEnd)}{tx
[22:00:03.395][vcom] Status:Complete}{transmitted:1}{
[22:00:03.396][vcom] lastTxTime:1407040}{timePo
[22:00:03.400][vcom] s:6}{durationUs:201}{lastTxStart
[22:00:03.403][vcom] :1406839}{ccaSuccess:0}{f
[22:00:03.404][vcom] ailed:0}{lastTxStatus:0x00000000
[22:00:03.407][vcom] 0}{txRemain:0}{isAck:False
[22:00:03.411][vcom] }}
[22:00:03.426][admin]   [A0h]  BRD4001A   Rev. A01
[22:00:03.426][admin]   [A2h]  BRD4162A   Rev. A01
[22:00:03.426][admin] WSTK> 
[22:00:03.431][admin] PB0 is pressed
[22:00:03.431][admin] WSTK> 
[22:00:03.737][admin] PB0 is released
[22:00:03.737][admin] WSTK> 
[22:00:03.741][vcom] {{(appMode)}{PacketTx:Enabled}{None:D
[22:00:03.744][vcom] isabled}{Time:1760373}}
[22:00:03.744][vcom] {{(appM
[22:00:03.746][vcom] ode)}{None:Enabled}{Pac
[22:00:03.749][vcom] ketTx:Disabled}{Time:1766025}}
[22:00:03.751][vcom] {{(txEnd)}{txStatus:Comple
[22:00:03.754][vcom] te}{transmitted:1}{lastTxTime:17
[22:00:03.756][vcom] 65935}{timePos:6}{duratio
[22:00:03.759][vcom] nUs:202}{lastTxStart:1765733}{cc
[22:00:03.762][vcom] aSuccess:0}{failed:0}{last
[22:00:03.763][vcom] TxStatus:0x000000000}{txRemain:0
[22:00:03.767][vcom] }{isAck:False}}
