[11:26:39.959][admin] Toggling reset with 100 ms delay.
[11:26:40.058][admin] WSTK> 
[11:26:41.059][script] [delay 1.5s]
[11:26:41.092][vcom] 
[11:26:41.092][vcom] {{(reset)}{App:RAILtest}{
[11:26:41.094][vcom] Built:May 19 2026 21:48:48}{Caus
[11:26:41.097][vcom] e:0x500}{Brd:BRD4162A}}
[11:26:41.099][vcom] {{(radio)}{FreqHz:38400000}{Modu
[11:26:41.100][vcom] leInfo:0xffffffff}}
[11:26:41.100][vcom] {{(sy
[11:26:41.104][vcom] stem)}{Family:EFR32XG12}{Fam#:36
[11:26:41.105][vcom] }{ChipRev:1.1}{sdid:84}{P
[11:26:41.109][vcom] art:0x031c014c}}
[11:26:41.109][vcom] {{(pti)}{mode:
[11:26:41.112][vcom] 2-wire-UART}{baud:1600000}{protocol:0}{radioConfig:0x00}}
[11:26:41.115][vcom] 
[11:26:41.115][vcom] > 
[11:26:42.581][vcom] getchannel
[11:26:42.581][vcom] 
[11:26:42.581][vcom] {{(getchannel)}{channel:0}}
[11:26:42.581][vcom] >
[11:26:42.585][vcom]  
[11:26:42.590][vcom] tx 1
[11:26:42.590][vcom] 
[11:26:42.590][vcom] {{(tx)}{PacketTx
[11:26:42.594][vcom] :Enabled}{None:Disabled}{Time:15
[11:26:42.596][vcom] 01124}}
[11:26:42.596][vcom] > {{(appMode)}{N
[11:26:42.599][vcom] one:Enabled}{PacketTx:Disabled}{
[11:26:42.600][vcom] Time:1506343}}
[11:26:42.600][vcom] {{(txEnd)
[11:26:42.600][admin] ------ BOARDID board list ------
[11:26:42.604][vcom] }{txStatus:Complete}{transmitted
[11:26:42.605][vcom] :1}{lastTxTime:1506270}{ti
[11:26:42.609][vcom] mePos:6}{durationUs:202}{lastTxS
[11:26:42.610][vcom] tart:1506068}{ccaSuccess:
[11:26:42.613][vcom] 0}{failed:0}{lastTxStatus:0x0000
[11:26:42.616][vcom] 00000}{txRemain:0}{isAck:F
[11:26:42.620][vcom] alse}}
[11:26:42.637][admin]   [A0h]  BRD4001A   Rev. A01
[11:26:42.637][admin]   [A2h]  BRD4162A   Rev. A01
[11:26:42.637][admin] WSTK> 
[11:26:42.643][admin] PB0 is pressed
[11:26:42.643][admin] WSTK> 
[11:26:42.955][admin] PB0 is released
[11:26:42.955][admin] WSTK> 
[11:26:42.960][vcom] {{(appMode)}{PacketTx:Enabled}{None:D
[11:26:42.963][vcom] isabled}{Time:1869267}}
[11:26:42.963][vcom] {{(appM
[11:26:42.965][vcom] ode)}{None:Enabled}{Pac
[11:26:42.968][vcom] ketTx:Disabled}{Time:1874919}}
[11:26:42.971][vcom] {{(txEnd)}{txStatus:Compl
[11:26:42.973][vcom] ete}{transmitted:1}{lastTxTime:1
[11:26:42.975][vcom] 874830}{timePos:6}{duratio
[11:26:42.979][vcom] nUs:202}{lastTxStart:1874628}{cc
[11:26:42.980][vcom] aSuccess:0}{failed:0}{last
[11:26:42.983][vcom] TxStatus:0x000000000}{txRemain:0
[11:26:42.985][vcom] }{isAck:False}}
