[18:53:54.625][admin] WSTK> Toggling reset with 100 ms delay.
[18:53:54.725][admin] WSTK> 
[18:53:55.753][vcom] 
[18:53:55.753][vcom] {{(reset)}{App:RAILtest}{Built
[18:53:55.758][vcom] :May 19 2026 21:48:48}{Cause:0x500}{Brd:BRD4162A}}
[18:53:55.762][vcom] 
[18:53:55.762][vcom] {{(radio)}{FreqHz:38400000}{ModuleInfo:0xffffffff}}
[18:53:55.762][vcom] {{(
[18:53:55.765][vcom] system)}{Family:EFR32XG12}
[18:53:55.769][vcom] {Fam#:36}{ChipRev:1.1}{sdid:84}{
[18:53:55.774][vcom] Part:0x031c014c}}
[18:53:55.774][vcom] {{(pti)}{mode:2-wire-UART}{baud:1600000}{protocol:0}{radioConfig
[18:53:55.781][vcom] :0x00}}
[18:53:55.781][vcom] > 
[18:53:57.144][vcom] getchannel
[18:53:57.144][vcom] 
[18:53:57.144][vcom] {{(getcha
[18:53:57.151][vcom] nnel)}{channel:0}}
[18:53:57.151][vcom] > 
[18:53:57.164][vcom] tx 1
[18:53:57.164][vcom] 
[18:53:57.164][vcom] {{(tx)}{PacketTx:Enabled}
[18:53:57.166][vcom] {None:Disabled}{Time:1410610}}
[18:53:57.166][vcom] > {{(appMode)}{None:E
[18:53:57.167][script] tx 1 response: {{(tx)}{PacketTx:Enabled}{None:Disabled}{Time:1410610}}
> {{(appMode)}{None:E
[18:53:57.169][vcom] nabled}{PacketTx:Disabled
[18:53:57.171][vcom] }{Time:1415827}}
[18:53:57.171][vcom] {{(txEnd)}{txS
[18:53:57.174][admin] ------ BOARDID board list ------
[18:53:57.176][vcom] tatus:Complete}{transmitted:1}{lastTxTime:1415755}{timePo
[18:53:57.180][vcom] s:6}{durationUs:202}{lastTxStart:1415553}{ccaSuccess:0}{fa
[18:53:57.183][vcom] iled:0}{lastTxStatus:0x00
[18:53:57.188][vcom] 0000000}{txRemain:0}{isAck:False
[18:53:57.192][vcom] }}
[18:53:57.219][admin]   [A0h]  BRD4001A   Rev. A01
[18:53:57.219][admin]   [A2h]  BRD4162A   Rev. A01
[18:53:57.219][admin] WSTK> 
[18:53:57.226][admin] PB0 is pressed
[18:53:57.226][admin] WSTK> 
[18:53:57.530][admin] PB0 is released
[18:53:57.530][admin] WSTK> 
[18:53:57.534][vcom] {{(appMode)}{PacketTx:Ena
[18:53:57.536][vcom] bled}{None:Disabled}{Time:178240
[18:53:57.540][vcom] 7}}
[18:53:57.540][vcom] tx 10
[18:53:57.540][vcom] 
[18:53:57.540][vcom] {{(appMode)}{None:Enabled}{PacketTx:Disabled}
[18:53:57.544][vcom] {Time:1788475}}
[18:53:57.544][vcom] {{(txEnd
[18:53:57.547][vcom] )}{txStatus:Complete}{transmitte
[18:53:57.551][vcom] d:1}{lastTxTime:1787969}{timePos:6}{durationUs:201}{lastTx
[18:53:57.554][vcom] Start:1787768}{ccaSuccess
[18:53:57.558][vcom] :0}{failed:0}{lastTxStatus:0x000
[18:53:57.560][vcom] 000000}{txRemain:0}{isAck:
[18:53:57.565][vcom] False}}
[18:53:57.565][vcom] > 
