[11:31:27.118][admin] WSTK> Toggling reset with 100 ms delay.
[11:31:27.220][admin] WSTK> 
[11:31:28.121][script] [delay 1.5s]
[11:31:28.383][vcom] 
[11:31:28.383][vcom] {{(reset)}{App:RAILtest}{Built:May 19 2026 21:48:48}{Cause:0x500}{Brd:BRD4162A}}
[11:31:28.383][vcom] {{(radio)}{FreqHz:38400000}{ModuleInfo:0xffffffff}}
[11:31:28.383][vcom] {{(system)}{Family:EFR32XG12}{Fam#:36}{ChipRev:1.1}{
[11:31:28.385][vcom] sdid:84}{Part:0x031c014c}}
[11:31:28.385][vcom] {{(pti)}{mode:2-wire-UART}{baud:1600000}{protocol:0}{radioConfig:0x00}}
[11:31:28.385][vcom] > 
[11:31:29.640][vcom] getchannel
[11:31:29.640][vcom] 
[11:31:29.645][vcom] {{(getchannel)}{channel:0}}
[11:31:29.645][vcom] > 
[11:31:29.655][vcom] tx 1
[11:31:29.655][vcom] 
[11:31:29.655][vcom] {{(tx)}{PacketTx:Enabled}{
[11:31:29.657][vcom] None:Disabled}{Time:1404419}}
[11:31:29.657][vcom] >
[11:31:29.659][vcom]  {{(appMode)}{None:Enabl
[11:31:29.662][admin] ------ BOARDID board list ------
[11:31:29.665][vcom] ed}{PacketTx:Disabled}{Time:1409
[11:31:29.666][vcom] 638}}
[11:31:29.666][vcom] {{(txEnd)}{txStatus
[11:31:29.669][vcom] :Complete}{transmitted:1}{lastTx
[11:31:29.670][vcom] Time:1409565}{timePos:6}{
[11:31:29.674][vcom] durationUs:202}{lastTxStart:1409
[11:31:29.675][vcom] 363}{ccaSuccess:0}{failed:
[11:31:29.679][vcom] 0}{lastTxStatus:0x000000000}{txR
[11:31:29.680][vcom] emain:0}{isAck:False}}
[11:31:29.698][admin]   [A0h]  BRD4001A   Rev. A01
[11:31:29.698][admin]   [A2h]  BRD4162A   Rev. A01
[11:31:29.698][admin] WSTK> 
[11:31:29.703][admin] PB0 is pressed
[11:31:29.703][admin] WSTK> 
[11:31:30.006][admin] PB0 is released
[11:31:30.006][admin] WSTK> 
[11:31:30.010][vcom] {{(appMode)}{PacketT
[11:31:30.012][vcom] x:Enabled}{None:Disabled}{Time:1
[11:31:30.015][vcom] 759904}}
[11:31:30.015][vcom] {{(appMode)}
[11:31:30.017][vcom] {None:Enabled}{PacketTx:Disabled
[11:31:30.019][vcom] }{Time:1765555}}
[11:31:30.019][vcom] {{(txEnd
[11:31:30.022][vcom] )}{txStatus:Complete}{transmitte
[11:31:30.024][vcom] d:1}{lastTxTime:1765466}{t
[11:31:30.027][vcom] imePos:6}{durationUs:201}{lastTx
[11:31:30.029][vcom] Start:1765265}{ccaSuccess
[11:31:30.033][vcom] :0}{failed:0}{lastTxStatus:0x000
[11:31:30.035][vcom] 000000}{txRemain:0}{isAck:
[11:31:30.040][vcom] False}}
