[11:46:24.427][admin] WSTK> Toggling reset with 100 ms delay.
[11:46:24.514][admin] WSTK> 
[11:46:25.433][script] [delay 1.5s]
[11:46:25.649][vcom] 
[11:46:25.649][vcom] {{(reset)}{App:RAILtest}{Built:May 19 2026 21:48:48}{Cause:0x500}{Brd:BRD4162A}}
[11:46:25.649][vcom] {{(radio)}{FreqHz:38400000}{ModuleInfo:0xffffffff}}
[11:46:25.649][vcom] {{(system)}{Family:EFR32XG12}{Fam#:36}{Ch
[11:46:25.652][vcom] ipRev:1.1}{sdid:84}{Part:0x031c014c}}
[11:46:25.652][vcom] {{(pti)}{mode:2-wire-UART}{baud:1600000}{protocol:0}{radioConfig:0x00}}
[11:46:25.652][vcom] > 
[11:46:26.951][vcom] getchannel
[11:46:26.951][vcom] 
[11:46:26.951][vcom] {{
[11:46:26.956][vcom] (getchannel)}{channel:0}}
[11:46:26.956][vcom] > 
[11:46:26.968][vcom] tx 1
[11:46:26.968][vcom] 
[11:46:26.968][vcom] {{(tx)}{PacketTx:
[11:46:26.970][vcom] Enabled}{None:Disabled}{Time:141
[11:46:26.973][vcom] 9149}}
[11:46:26.973][vcom] > {{(appMode)}{None:Enabled}{PacketTx:Disabled}{T
[11:46:26.975][vcom] ime:1424367}}
[11:46:26.975][vcom] {{(txEnd)}
[11:46:26.978][vcom] {txStatus:Complete}{transmitted:
[11:46:26.982][admin] ------ BOARDID board list ------
[11:46:26.982][vcom] 1}{lastTxTime:1424294}{timePos:6}{durationUs:201}{lastTxSt
[11:46:26.985][vcom] art:1424093}{ccaSuccess:0}
[11:46:26.989][vcom] {failed:0}{lastTxStatus:0x000000
[11:46:26.992][vcom] 000}{txRemain:0}{isAck:Fa
[11:46:26.995][vcom] lse}}
[11:46:27.014][admin]   [A0h]  BRD4001A   Rev. A01
[11:46:27.014][admin]   [A2h]  BRD4162A   Rev. A01
[11:46:27.014][admin] WSTK> 
[11:46:27.023][admin] PB0 is pressed
[11:46:27.023][admin] WSTK> 
[11:46:27.330][admin] PB0 is released
[11:46:27.330][admin] WSTK> 
[11:46:27.334][vcom] {{(appMode)}{PacketTx:Enabled}{N
[11:46:27.336][vcom] one:Disabled}{T
[11:46:27.339][vcom] ime:1786541}}
[11:46:27.339][vcom] {{(appMode)}{None
[11:46:27.340][vcom] :Enabled}{PacketTx:Disa
[11:46:27.344][vcom] bled}{Time:1792193}}
[11:46:27.344][vcom] {{(txEnd)}
[11:46:27.345][vcom] {txStatus:Complete}{trans
[11:46:27.349][vcom] mitted:1}{lastTxTime:1792103}{ti
[11:46:27.350][vcom] mePos:6}{durationUs:201}{l
[11:46:27.354][vcom] astTxStart:1791902}{ccaSuccess:0
[11:46:27.358][vcom] }{failed:0}{lastTxStatus:0x000000000}{txRemain:0}{isAck:F
[11:46:27.360][vcom] alse}}
[11:46:51.249][vcom] tx 1
[11:46:51.249][vcom] 
[11:46:51.252][vcom] {{(tx)}{PacketTx:Enabled}{None:D
[11:46:51.255][vcom] isabled}{Time:25704198}}
[11:46:51.256][vcom] 
[11:46:51.256][vcom] > {{(appMode)}{None:Enabled}{Pa
[11:46:51.260][vcom] cketTx:Disabled}{Time:257
[11:46:51.261][vcom] 09500}}
[11:46:51.261][vcom] {{(txEnd)}{txStatus:Com
[11:46:51.265][vcom] plete}{transmitted:1}{las
[11:46:51.267][vcom] tTxTime:25709427}{timePos:6}{dur
[11:46:51.270][vcom] ationUs:201}{lastTxStart:2
[11:46:51.271][vcom] 5709226}{ccaSuccess:0}{failed:0}
[11:46:51.273][vcom] {lastTxStatus:0x000000000}
[11:46:51.278][vcom] {txRemain:0}{isAck:False}}
