# Run: 2d1521a1
# Serial: 440114849
# Scenario: /Users/jerome/travail/mylab/scenari/railtest
# Started: 2026-05-27T11:19:07.186415
# ============================================================

[11:19:13.448][flash] /Users/jerome/.silabs/slt/installs/archive/Commander.app/Contents/MacOS/commander device masserase --ip 192.168.0.94
[11:19:13.448][flash] /Users/jerome/.silabs/slt/installs/archive/Commander.app/Contents/MacOS/commander flash /Users/jerome/travail/mylab/scenari/railtest/rail_soc_railtest_4162A.s37 --ip 192.168.0.94
[11:19:13.470][admin] WSTK> Toggling reset with 100 ms delay.
[11:19:13.571][admin] WSTK> 
[11:19:14.472][script] [delay 1.5s]
[11:19:14.697][vcom] 
[11:19:14.697][vcom] {{(reset)}{App:RAILtest}{Built:May 19 2026 21:48:48}{Cause:0x500}{Brd:BRD4162A}}
[11:19:14.697][vcom] {{(radio)}{FreqHz:38400000}{ModuleInfo:0xffffffff}}
[11:19:14.697][vcom] {{(system)}{Family:EFR32XG12}{Fam#:36}{C
[11:19:14.699][vcom] hipRev:1.1}{sdid:84}{Part:0x031c014c}}
[11:19:14.699][vcom] {{(pti)}{mode:2-wire-UART}{baud:1600000}{protocol:0}{radioConfig:0x00}}
[11:19:14.699][vcom] > 
[11:19:15.992][vcom] getchannel
[11:19:15.992][vcom] 
[11:19:15.992][vcom] {
[11:19:15.996][vcom] {(getchannel)}{channel:0}}
[11:19:15.996][vcom] > 
[11:19:16.006][vcom] tx 1
[11:19:16.006][vcom] 
[11:19:16.006][vcom] {{(tx)}{PacketTx:Enable
[11:19:16.009][vcom] d}{None:Disabled}{Time:1403641}}
[11:19:16.011][vcom] 
[11:19:16.011][vcom] > {{(appMode)}{None:Ena
[11:19:16.014][vcom] bled}{PacketTx:Disabled}{Time:14
[11:19:16.017][admin] ------ BOARDID board list ------
[11:19:16.017][vcom] 08859}}
[11:19:16.017][vcom] {{(txEnd)}{txSta
[11:19:16.019][vcom] tus:Complete}{transmitted:1}{las
[11:19:16.022][vcom] tTxTime:1408786}{timePos:6
[11:19:16.023][vcom] }{durationUs:201}{lastTxStart:14
[11:19:16.027][vcom] 08585}{ccaSuccess:0}{fail
[11:19:16.028][vcom] ed:0}{lastTxStatus:0x000000000}{
[11:19:16.032][vcom] txRemain:0}{isAck:False}}
[11:19:16.037][vcom] 
[11:19:16.052][admin]   [A0h]  BRD4001A   Rev. A01
[11:19:16.052][admin]   [A2h]  BRD4162A   Rev. A01
[11:19:16.052][admin] WSTK> 
[11:19:16.057][admin] PB0 is pressed
[11:19:16.057][admin] WSTK> 
[11:19:16.369][admin] PB0 is released
[11:19:16.369][admin] WSTK> 
[11:19:16.372][vcom] {{(appMode)}{PacketT
[11:19:16.374][vcom] x:Enabled}{None:Disabled}{Time:1
[11:19:16.377][vcom] 768905}}
[11:19:16.377][vcom] {{(appMode)}
[11:19:16.380][vcom] {None:Enabled}{PacketTx:Disabled
[11:19:16.381][vcom] }{Time:1774556}}
[11:19:16.381][vcom] {{(txEnd
[11:19:16.385][vcom] )}{txStatus:Complete}{transmitte
[11:19:16.386][vcom] d:1}{lastTxTime:1774467}{
[11:19:16.390][vcom] timePos:6}{durationUs:202}{lastT
[11:19:16.392][vcom] xStart:1774265}{ccaSuccess
[11:19:16.394][vcom] :0}{failed:0}{lastTxStatus:0x000
[11:19:16.397][vcom] 000000}{txRemain:0}{isAck:
[11:19:16.401][vcom] False}}
