[19:01:51.450][admin] WSTK> 
[19:01:51.452][admin] Toggling reset with 100 ms delay.
[19:01:51.553][admin] WSTK> 
[19:01:52.652][vcom] 
[19:01:52.652][vcom] {{(reset)}{App:RAILtest}{Built:May 19 2026 21:48:48}{Cause:0x500}{Brd:BRD4162A}}
[19:01:52.652][vcom] {{(radio)}
[19:01:52.654][vcom] {FreqHz:38400000}{ModuleInfo:0xffffffff}}
[19:01:52.654][vcom] {{(system)}{Family:EFR32XG12}{Fam#:36}{ChipRev:1.1}{sdid:84}{Part:0x031c014c}}
[19:01:52.654][vcom] {{(pti)}{mode:2-wire-UART}{baud:1600000}{protocol:0}{radioConfig:0x00}}
[19:01:52.654][vcom] > 
[19:01:53.967][vcom] getchannel
[19:01:53.967][vcom] 
[19:01:53.967][vcom] {{(getchannel)}{ch
[19:01:53.973][vcom] annel:0}}
[19:01:53.973][vcom] > 
[19:01:53.990][vcom] tx 1
[19:01:53.990][vcom] 
[19:01:53.990][vcom] {{(tx)}{PacketTx:Enabled}{None:Disabled}{Time:1402521}}
[19:01:53.990][vcom] > {{(appMo
[19:01:53.991][script] tx 1 response: {{(tx)}{PacketTx:Enabled}{None:Disabled}{Time:1402521}}
[19:01:53.995][vcom] de)}{None:Enabled}{PacketTx:Disabled}{Time:1407740}}
[19:01:53.995][vcom] {{(
[19:01:53.998][vcom] txEnd)}{txStatus:Complete}{transmitted:1}{lastTxTime:14076
[19:01:54.004][admin] ------ BOARDID board list ------
[19:01:54.004][vcom] 67}{timePos:6}{durationUs:201}{lastTxStart:1407466}{ccaSu
[19:01:54.008][vcom] ccess:0}{failed:0}{lastTxStatus:0x000000000}{txRemain:0}{i
[19:01:54.012][vcom] sAck:False}}
[19:01:54.038][admin]   [A0h]  BRD4001A   Rev. A01
[19:01:54.038][admin]   [A2h]  BRD4162A   Rev. A01
[19:01:54.038][admin] WSTK> 
[19:01:54.044][admin] PB0 is pressed
[19:01:54.044][admin] WSTK> 
[19:01:54.346][admin] PB0 is released
[19:01:54.346][admin] WSTK> 
[19:01:54.351][vcom] {{(appMode)}{PacketTx:Enabled}{N
[19:01:54.353][vcom] one:Disabled}{Time:
[19:01:54.355][vcom] 1766182}}
[19:01:54.355][vcom] tx 10
[19:01:54.355][vcom] 
[19:01:54.355][vcom] {{(appMode)}{
[19:01:54.357][vcom] None:Enabled}{PacketTx:Di
[19:01:54.360][vcom] sabled}{Time:1772249}}
[19:01:54.360][vcom] {{(txEnd
[19:01:54.362][vcom] )}{txStatus:Complete}{tran
[19:01:54.364][vcom] smitted:1}{lastTxTime:1771744}{t
[19:01:54.368][vcom] imePos:6}{durationUs:201}{
[19:01:54.371][vcom] lastTxStart:1771543}{ccaSuccess:0}{failed:0}{lastTxStatus
[19:01:54.381][vcom] :0x000000000}{txRemain:0}{isAck:False}}
[19:01:54.381][vcom] > 
[19:02:23.939][admin] WSTK> 
[19:02:50.115][admin] WSTK> 
