# Run: 27f7e276
# Serial: 440114849
# Scenario: /Users/jerome/travail/mylab/scenari/railtest
# Started: 2026-05-27T11:20:28.926243
# ============================================================

[11:20:35.315][flash] /Users/jerome/.silabs/slt/installs/archive/Commander.app/Contents/MacOS/commander device masserase --ip 192.168.0.94
[11:20:35.315][flash] /Users/jerome/.silabs/slt/installs/archive/Commander.app/Contents/MacOS/commander flash /Users/jerome/travail/mylab/scenari/railtest/rail_soc_railtest_4162A.s37 --ip 192.168.0.94
[11:20:35.323][admin] Toggling reset with 100 ms delay.
[11:20:35.422][admin] WSTK> 
[11:20:36.427][script] [delay 1.5s]
[11:20:36.534][vcom] 
[11:20:36.534][vcom] {{(reset)}{App:RAILtest}{Built:May 19 2026 21:48:48}{Cause:0x500}{Brd:BRD4162A}}
[11:20:36.534][vcom] {{(radio)}{FreqHz:38400000}{ModuleInfo:0xffffffff}}
[11:20:36.534][vcom] {{(system)}{Family:EFR32XG12}{Fam#:36}{ChipRev:1.1}{sdid:84}{
[11:20:36.536][vcom] Part:0x031c014c}}
[11:20:36.536][vcom] {{(pti)}{mode:2-wire-UART}{baud:1600000}{protocol:0}{radioConfig:0x00}}
[11:20:36.536][vcom] > 
[11:20:37.947][vcom] getchannel
[11:20:37.947][vcom] 
[11:20:37.952][vcom] {{(getchannel)}{channel:0}}
[11:20:37.952][vcom] > 
[11:20:37.962][vcom] tx 1
[11:20:37.962][vcom] 
[11:20:37.962][vcom] {{(tx)}{PacketTx:Enable
[11:20:37.964][vcom] d}{None:Disabled}{Time:1507591}}
[11:20:37.968][vcom] 
[11:20:37.968][vcom] > {{(appMode)}{None:Enabled}{PacketTx:Disabled}{Time:15
[11:20:37.971][vcom] 12809}}
[11:20:37.971][vcom] {{(txEnd)}{txStat
[11:20:37.974][admin] ------ BOARDID board list ------
[11:20:37.974][vcom] us:Complete}{transmitted:1}{last
[11:20:37.976][vcom] TxTime:1512736}{timePos:6
[11:20:37.979][vcom] }{durationUs:202}{lastTxStart:15
[11:20:37.982][vcom] 12534}{ccaSuccess:0}{faile
[11:20:37.983][vcom] d:0}{lastTxStatus:0x000000000}{t
[11:20:37.986][vcom] xRemain:0}{isAck:False}}
[11:20:37.992][vcom] 
[11:20:38.009][admin]   [A0h]  BRD4001A   Rev. A01
[11:20:38.009][admin]   [A2h]  BRD4162A   Rev. A01
[11:20:38.009][admin] WSTK> 
[11:20:38.014][admin] PB0 is pressed
[11:20:38.014][admin] WSTK> 
[11:20:38.324][admin] PB0 is released
[11:20:38.324][admin] WSTK> 
[11:20:38.327][vcom] {
[11:20:38.328][vcom] {(appMode)}{PacketTx:Enabled}{No
[11:20:38.332][vcom] ne:Disabled}{Time:1874537}
[11:20:38.335][vcom] }
[11:20:38.335][vcom] {{(appMode)}{None:Enabled}{Pa
[11:20:38.336][vcom] cketTx:Disabled}{Time:
[11:20:38.340][vcom] 1880188}}
[11:20:38.340][vcom] {{(txEnd)}{txStatus:C
[11:20:38.341][vcom] omplete}{transmitted:1}{la
[11:20:38.345][vcom] stTxTime:1880099}{timePos:6}{dur
[11:20:38.346][vcom] ationUs:201}{lastTxStart:
[11:20:38.349][vcom] 1879898}{ccaSuccess:0}{failed:0}
[11:20:38.352][vcom] {lastTxStatus:0x000000000}
[11:20:38.356][vcom] {txRemain:0}{isAck:False}}
