[11:27:37.701][admin] Toggling reset with 100 ms delay.
[11:27:37.800][admin] WSTK> 
[11:27:38.803][script] [delay 1.5s]
[11:27:38.966][vcom] 
[11:27:38.966][vcom] {{(reset)}{App:RAILtest}{Built:May 19 2026 21:48:48}{Cause:0x500}{Brd:BRD4162A}}
[11:27:38.966][vcom] {{(radio)}{FreqHz:38400000}{ModuleInfo:0xffffffff}}
[11:27:38.966][vcom] {{(system)}{Family:EFR32XG12}{Fam#:36}{ChipRev:1.1}{sdid:84}
[11:27:38.968][vcom] {Part:0x031c014c}}
[11:27:38.968][vcom] {{(pti)}{mode:2-wire-UART}{baud:1600000}{protocol:0}{radioConfig:0x00}}
[11:27:38.968][vcom] > 
[11:27:40.319][vcom] getchannel
[11:27:40.319][vcom] 
[11:27:40.319][vcom] {{(getchannel)}{cha
[11:27:40.321][vcom] nnel:0}}
[11:27:40.321][vcom] > 
[11:27:40.330][vcom] tx 1
[11:27:40.330][vcom] 
[11:27:40.330][vcom] {{(
[11:27:40.332][vcom] tx)}{PacketTx:Enabled}{None:Disa
[11:27:40.335][vcom] bled}{Time:1499306}}
[11:27:40.335][vcom] > {
[11:27:40.338][vcom] {(appMode)}{None:Enabled}{Packet
[11:27:40.341][vcom] Tx:Disabled}{Time:1504524
[11:27:40.344][vcom] }}
[11:27:40.344][vcom] {{(txEnd)}{txStatus:Complete
[11:27:40.344][admin] ------ BOARDID board list ------
[11:27:40.345][vcom] }{transmitted:1}{lastTxTim
[11:27:40.348][vcom] e:1504451}{timePos:6}{durationUs
[11:27:40.351][vcom] :201}{lastTxStart:1504250
[11:27:40.352][vcom] }{ccaSuccess:0}{failed:0}{lastTx
[11:27:40.356][vcom] Status:0x000000000}{txRema
[11:27:40.360][vcom] in:0}{isAck:False}}
[11:27:40.377][admin]   [A0h]  BRD4001A   Rev. A01
[11:27:40.377][admin]   [A2h]  BRD4162A   Rev. A01
[11:27:40.377][admin] WSTK> 
[11:27:40.382][admin] PB0 is pressed
[11:27:40.382][admin] WSTK> 
[11:27:40.691][admin] PB0 is released
[11:27:40.691][admin] WSTK> 
[11:27:40.696][vcom] {{(appMode)}{PacketTx:Enabled}{None:D
[11:27:40.699][vcom] isabled}{Time:1861354}}
[11:27:40.699][vcom] {{(appM
[11:27:40.700][vcom] ode)}{None:Enabled}{Pa
[11:27:40.704][vcom] cketTx:Disabled}{Time:1867006}}
[11:27:40.705][vcom] 
[11:27:40.705][vcom] {{(txEnd)}{txStatus:Compl
[11:27:40.709][vcom] ete}{transmitted:1}{lastTxTime:1
[11:27:40.711][vcom] 866916}{timePos:6}{duratio
[11:27:40.714][vcom] nUs:201}{lastTxStart:1866715}{cc
[11:27:40.715][vcom] aSuccess:0}{failed:0}{las
[11:27:40.719][vcom] tTxStatus:0x000000000}{txRemain:
[11:27:40.720][vcom] 0}{isAck:False}}
