[11:46:24.502][admin] TB> Toggling reset with 100 ms delay.
[11:46:24.602][admin] TB> 
[11:46:24.774][vcom] 
[11:46:24.774][vcom] {{(reset)}{Ap
[11:46:24.776][vcom] p:RAILtest}{Built:May 2
[11:46:24.778][vcom] 7 2026 10:33:29}{Cause:
[11:46:24.780][vcom] 0x42}{Brd:BRD2705A}}
[11:46:24.780][vcom] {{
[11:46:24.782][vcom] (radio)}{FreqHz:3900000
[11:46:24.784][vcom] 0}{ModuleInfo:0xfffffff
[11:46:24.786][vcom] f}{ModuleName:N/A}}
[11:46:24.786][vcom] {{
[11:46:24.788][vcom] (system)}{Family:EFR32X
[11:46:24.790][vcom] G28}{Part#:2}{ChipRev:1.
[11:46:24.792][vcom] 0}{sdid:235}{Part:0x031
[11:46:24.794][vcom] c0520}}
[11:46:24.794][vcom] {{(pti)}{mode:
[11:46:24.796][vcom] 2-wire-UART}{baud:16000
[11:46:24.798][vcom] 00}{protocol:0}{radioCo
[11:46:24.800][vcom] nfig:0x00}}
[11:46:24.800][vcom] > 
[11:46:25.508][script] [delay 1.5s]
[11:46:27.019][vcom] getchannel
[11:46:27.019][vcom] 
[11:46:27.019][vcom] {{(g
[11:46:27.021][vcom] etchannel)}{channel:0}}
[11:46:27.023][vcom] 
[11:46:27.023][vcom] > 
[11:46:27.026][vcom] t
[11:46:27.028][vcom] x 1
[11:46:27.028][vcom] 
[11:46:27.028][vcom] {{(tx)}{PacketTx:
[11:46:27.030][vcom] Enabled}{None:Disabled}
[11:46:27.032][vcom] {Time:2254180}}
[11:46:27.032][vcom] > {{(a
[11:46:27.035][vcom] ppMode)}{None:Enabled}{P
[11:46:27.035][admin] ------ BOARDID board list ------
[11:46:27.036][vcom] acketTx:Disabled}{Time:
[11:46:27.038][vcom] 2258437}}
[11:46:27.038][vcom] {{(txEnd)}{t
[11:46:27.040][vcom] xStatus:Complete}{trans
[11:46:27.042][vcom] mitted:1}{lastTxTime:22
[11:46:27.044][vcom] 58341}{timePos:6}{durati
[11:46:27.046][vcom] onUs:404}{lastTxStart:2
[11:46:27.048][vcom] 257937}{ccaSuccess:0}{f
[11:46:27.050][vcom] ailed:0}{lastTxStatus:0
[11:46:27.052][vcom] x000000000}{txRemain:0}
[11:46:27.054][vcom] {isAck:False}}
[11:46:27.436][admin]   [A0h]  BRD2705A   Rev. A02
[11:46:27.436][admin] TB> 
[11:46:27.440][admin] Button press/release is not supported on this board.
[11:46:27.440][admin] [ERROR6]: Command failed   [00000001h]
[11:46:27.440][admin] TB> 
[11:46:27.745][admin] Button press/release is not supported on this board.
[11:46:27.745][admin] [ERROR6]: Command failed   [00000001h]
[11:46:27.745][admin] TB> 
[11:46:56.598][vcom] tx
[11:46:56.601][vcom]  1
[11:46:56.601][vcom] 
[11:46:56.601][vcom] {{(tx)}{PacketTx:E
[11:46:56.602][vcom] nabled}{None:Disabled}{
[11:46:56.604][vcom] Time:31826003}}
[11:46:56.604][vcom] > {{(ap
[11:46:56.606][vcom] pMode)}{None:Enabled}{P
[11:46:56.608][vcom] acketTx:Disabled}{Time:
[11:46:56.610][vcom] 31830338}}
[11:46:56.610][vcom] {{(txEnd)}{
[11:46:56.612][vcom] txStatus:Complete}{tran
[11:46:56.614][vcom] smitted:1}{lastTxTime:31
[11:46:56.616][vcom] 830243}{timePos:6}{dura
[11:46:56.618][vcom] tionUs:404}{lastTxStart
[11:46:56.620][vcom] :31829839}{ccaSuccess:0
[11:46:56.622][vcom] }{failed:0}{lastTxStatu
[11:46:56.624][vcom] s:0x000000000}{txRemain:
[11:46:56.626][vcom] 0}{isAck:False}}
