[11:36:02.783][admin] TB> Toggling reset with 100 ms delay.
[11:36:02.882][admin] TB> 
[11:36:03.054][vcom] 
[11:36:03.054][vcom] {{(reset)}
[11:36:03.056][vcom] {App:RAILtest}{Built:May
[11:36:03.058][vcom]  27 2026 10:33:29}{Caus
[11:36:03.060][vcom] e:0x42}{Brd:BRD2705A}}
[11:36:03.062][vcom] 
[11:36:03.062][vcom] {{(radio)}{FreqHz:3900
[11:36:03.064][vcom] 0000}{ModuleInfo:0xffff
[11:36:03.066][vcom] ffff}{ModuleName:N/A}}
[11:36:03.068][vcom] {{(system)}{Family:EFR3
[11:36:03.070][vcom] 2XG28}{Part#:2}{ChipRev
[11:36:03.072][vcom] :1.0}{sdid:235}{Part:0x
[11:36:03.074][vcom] 031c0520}}
[11:36:03.074][vcom] {{(pti)}{mo
[11:36:03.076][vcom] de:2-wire-UART}{baud:160
[11:36:03.078][vcom] 0000}{protocol:0}{radio
[11:36:03.080][vcom] Config:0x00}}
[11:36:03.080][vcom] > 
[11:36:13.765][script] [delay 1.5s]
[11:36:15.270][vcom] getch
[11:36:15.272][vcom] annel
[11:36:15.272][vcom] 
[11:36:15.272][vcom] {{(getchann
[11:36:15.274][vcom] el)}{channel:0}}
[11:36:15.274][vcom] > 
[11:36:15.278][vcom] tx 
[11:36:15.280][vcom] 1
[11:36:15.280][vcom] 
[11:36:15.280][vcom] {{(tx)}{PacketTx:En
[11:36:15.282][vcom] abled}{None:Disabled}{T
[11:36:15.284][vcom] ime:12225794}}
[11:36:15.284][vcom] > {{(ap
[11:36:15.286][vcom] pMode)}{None:Enabled}{P
[11:36:15.288][admin] ------ BOARDID board list ------
[11:36:15.288][vcom] acketTx:Disabled}{Time:1
[11:36:15.290][vcom] 2230133}}
[11:36:15.290][vcom] {{(txEnd)}{t
[11:36:15.293][vcom] xStatus:Complete}{trans
[11:36:15.294][vcom] mitted:1}{lastTxTime:12
[11:36:15.296][vcom] 230038}{timePos:6}{dura
[11:36:15.298][vcom] tionUs:404}{lastTxStart:
[11:36:15.300][vcom] 12229634}{ccaSuccess:0}
[11:36:15.302][vcom] {failed:0}{lastTxStatus
[11:36:15.304][vcom] :0x000000000}{txRemain:
[11:36:15.306][vcom] 0}{isAck:False}}
[11:36:15.688][admin]   [A0h]  BRD2705A   Rev. A02
[11:36:15.688][admin] TB> 
[11:36:25.293][admin] Button press/release is not supported on this board.
[11:36:25.293][admin] [ERROR6]: Command failed   [00000001h]
[11:36:25.293][admin] TB> 
[11:36:25.595][admin] Button press/release is not supported on this board.
[11:36:25.595][admin] [ERROR6]: Command failed   [00000001h]
[11:36:25.595][admin] TB> 
